[0.040s] Invoking command in '/home/suresoft/transform/build/move_coordinate': CMAKE_PREFIX_PATH=${CMAKE_PREFIX_PATH}:/opt/ros/humble /usr/bin/cmake /home/suresoft/transform/src/move_coordinate -DCMAKE_BUILD_TYPE=Release -DCMAKE_INSTALL_PREFIX=/home/suresoft/transform/install/move_coordinate
[0.120s] -- The C compiler identification is GNU 11.3.0
[0.207s] -- The CXX compiler identification is GNU 11.3.0
[0.225s] -- Detecting C compiler ABI info
[0.320s] -- Detecting C compiler ABI info - done
[0.340s] -- Check for working C compiler: /usr/bin/cc - skipped
[0.341s] -- Detecting C compile features
[0.341s] -- Detecting C compile features - done
[0.347s] -- Detecting CXX compiler ABI info
[0.447s] -- Detecting CXX compiler ABI info - done
[0.463s] -- Check for working CXX compiler: /usr/bin/c++ - skipped
[0.464s] -- Detecting CXX compile features
[0.465s] -- Detecting CXX compile features - done
[0.469s] -- Found ament_cmake: 1.3.2 (/opt/ros/humble/share/ament_cmake/cmake)
[0.750s] -- Found Python3: /usr/bin/python3.10 (found version "3.10.6") found components: Interpreter 
[0.864s] -- Found moveit_ros_planning_interface: 2.5.3 (/opt/ros/humble/share/moveit_ros_planning_interface/cmake)
[1.102s] -- Found Boost: /usr/lib/x86_64-linux-gnu/cmake/Boost-1.74.0/BoostConfig.cmake (found version "1.74.0") found components: date_time filesystem program_options system thread 
[1.190s] -- Found rosidl_generator_c: 3.1.3 (/opt/ros/humble/share/rosidl_generator_c/cmake)
[1.201s] -- Found rosidl_adapter: 3.1.3 (/opt/ros/humble/share/rosidl_adapter/cmake)
[1.218s] -- Found rosidl_generator_cpp: 3.1.3 (/opt/ros/humble/share/rosidl_generator_cpp/cmake)
[1.236s] -- Using all available rosidl_typesupport_c: rosidl_typesupport_fastrtps_c;rosidl_typesupport_introspection_c
[1.263s] -- Using all available rosidl_typesupport_cpp: rosidl_typesupport_fastrtps_cpp;rosidl_typesupport_introspection_cpp
[2.551s] -- Found Boost: /usr/lib/x86_64-linux-gnu/cmake/Boost-1.74.0/BoostConfig.cmake (found version "1.74.0") found components: chrono date_time filesystem iostreams program_options regex serialization system thread 
[2.570s] -- Found Boost: /usr/lib/x86_64-linux-gnu/cmake/Boost-1.74.0/BoostConfig.cmake (found version "1.74.0") found components: filesystem 
[2.688s] -- Found rmw_implementation_cmake: 6.1.0 (/opt/ros/humble/share/rmw_implementation_cmake/cmake)
[2.692s] -- Found rmw_fastrtps_cpp: 6.2.1 (/opt/ros/humble/share/rmw_fastrtps_cpp/cmake)
[2.813s] -- Found OpenSSL: /usr/lib/x86_64-linux-gnu/libcrypto.so (found version "3.0.2")  
[2.847s] -- Found FastRTPS: /opt/ros/humble/include  
[2.912s] -- Using RMW implementation 'rmw_fastrtps_cpp' as default
[3.176s] -- library: /usr/lib/x86_64-linux-gnu/libcurl.so
[3.404s] -- Found Eigen3: TRUE (found version "3.4.0") 
[3.404s] -- Ensuring Eigen3 include directory is part of orocos-kdl CMake target
[4.143s] -- Found Boost: /usr/lib/x86_64-linux-gnu/cmake/Boost-1.74.0/BoostConfig.cmake (found version "1.74.0") found components: system filesystem date_time program_options thread chrono 
[4.868s] -- Found Boost: /usr/lib/x86_64-linux-gnu/cmake/Boost-1.74.0/BoostConfig.cmake (found version "1.74.0") found components: thread system filesystem regex date_time program_options 
[5.200s] -- Found Boost: /usr/lib/x86_64-linux-gnu/cmake/Boost-1.74.0/BoostConfig.cmake (found version "1.74.0") found components: system filesystem date_time program_options thread 
[5.780s] -- Found ament_lint_auto: 0.12.4 (/opt/ros/humble/share/ament_lint_auto/cmake)
[5.881s] -- Added test 'cppcheck' to perform static code analysis on C / C++ code
[5.882s] -- Configured cppcheck include dirs: $<BUILD_INTERFACE:/home/suresoft/transform/src/move_coordinate/include>
[5.882s] -- Configured cppcheck exclude dirs and/or files: 
[5.883s] -- Added test 'lint_cmake' to check CMake code style
[5.885s] -- Added test 'uncrustify' to check C / C++ code style
[5.885s] -- Configured uncrustify additional arguments: 
[5.885s] -- Added test 'xmllint' to check XML markup files
[5.888s] -- Configuring done
[5.931s] -- Generating done
[5.936s] -- Build files have been written to: /home/suresoft/transform/build/move_coordinate
[5.953s] Invoked command in '/home/suresoft/transform/build/move_coordinate' returned '0': CMAKE_PREFIX_PATH=${CMAKE_PREFIX_PATH}:/opt/ros/humble /usr/bin/cmake /home/suresoft/transform/src/move_coordinate -DCMAKE_BUILD_TYPE=Release -DCMAKE_INSTALL_PREFIX=/home/suresoft/transform/install/move_coordinate
[5.955s] Invoking command in '/home/suresoft/transform/build/move_coordinate': CMAKE_PREFIX_PATH=${CMAKE_PREFIX_PATH}:/opt/ros/humble /usr/bin/cmake --build /home/suresoft/transform/build/move_coordinate -- -j4 -l4
[6.016s] [ 50%] [32mBuilding CXX object CMakeFiles/hello_moveit.dir/src/hello_moveit.cpp.o[0m
[16.265s] [100%] [32m[1mLinking CXX executable hello_moveit[0m
[16.774s] [100%] Built target hello_moveit
[16.790s] Invoked command in '/home/suresoft/transform/build/move_coordinate' returned '0': CMAKE_PREFIX_PATH=${CMAKE_PREFIX_PATH}:/opt/ros/humble /usr/bin/cmake --build /home/suresoft/transform/build/move_coordinate -- -j4 -l4
[16.824s] Invoking command in '/home/suresoft/transform/build/move_coordinate': CMAKE_PREFIX_PATH=${CMAKE_PREFIX_PATH}:/opt/ros/humble /usr/bin/cmake --install /home/suresoft/transform/build/move_coordinate
[16.834s] -- Install configuration: "Release"
[16.834s] -- Installing: /home/suresoft/transform/install/move_coordinate/lib/move_coordinate/hello_moveit
[16.835s] -- Set runtime path of "/home/suresoft/transform/install/move_coordinate/lib/move_coordinate/hello_moveit" to ""
[16.835s] -- Installing: /home/suresoft/transform/install/move_coordinate/share/ament_index/resource_index/package_run_dependencies/move_coordinate
[16.835s] -- Installing: /home/suresoft/transform/install/move_coordinate/share/ament_index/resource_index/parent_prefix_path/move_coordinate
[16.836s] -- Installing: /home/suresoft/transform/install/move_coordinate/share/move_coordinate/environment/ament_prefix_path.sh
[16.836s] -- Installing: /home/suresoft/transform/install/move_coordinate/share/move_coordinate/environment/ament_prefix_path.dsv
[16.836s] -- Installing: /home/suresoft/transform/install/move_coordinate/share/move_coordinate/environment/path.sh
[16.836s] -- Installing: /home/suresoft/transform/install/move_coordinate/share/move_coordinate/environment/path.dsv
[16.837s] -- Installing: /home/suresoft/transform/install/move_coordinate/share/move_coordinate/local_setup.bash
[16.837s] -- Installing: /home/suresoft/transform/install/move_coordinate/share/move_coordinate/local_setup.sh
[16.837s] -- Installing: /home/suresoft/transform/install/move_coordinate/share/move_coordinate/local_setup.zsh
[16.838s] -- Installing: /home/suresoft/transform/install/move_coordinate/share/move_coordinate/local_setup.dsv
[16.838s] -- Installing: /home/suresoft/transform/install/move_coordinate/share/move_coordinate/package.dsv
[16.838s] -- Installing: /home/suresoft/transform/install/move_coordinate/share/ament_index/resource_index/packages/move_coordinate
[16.838s] -- Installing: /home/suresoft/transform/install/move_coordinate/share/move_coordinate/cmake/move_coordinateConfig.cmake
[16.839s] -- Installing: /home/suresoft/transform/install/move_coordinate/share/move_coordinate/cmake/move_coordinateConfig-version.cmake
[16.839s] -- Installing: /home/suresoft/transform/install/move_coordinate/share/move_coordinate/package.xml
[16.847s] Invoked command in '/home/suresoft/transform/build/move_coordinate' returned '0': CMAKE_PREFIX_PATH=${CMAKE_PREFIX_PATH}:/opt/ros/humble /usr/bin/cmake --install /home/suresoft/transform/build/move_coordinate
