[0.554s] DEBUG:colcon:Command line arguments: ['/usr/bin/colcon', 'build', '--symlink-install']
[0.554s] DEBUG:colcon:Parsed command line arguments: Namespace(log_base=None, log_level=None, verb_name='build', build_base='build', install_base='install', merge_install=False, symlink_install=True, test_result_base=None, continue_on_error=False, executor='parallel', parallel_workers=4, event_handlers=None, ignore_user_meta=False, metas=['./colcon.meta'], base_paths=['.'], packages_ignore=None, packages_ignore_regex=None, paths=None, packages_up_to=None, packages_up_to_regex=None, packages_above=None, packages_above_and_dependencies=None, packages_above_depth=None, packages_select_by_dep=None, packages_skip_by_dep=None, packages_skip_up_to=None, packages_select_build_failed=False, packages_skip_build_finished=False, packages_select_test_failures=False, packages_skip_test_passed=False, packages_select=None, packages_skip=None, packages_select_regex=None, packages_skip_regex=None, packages_start=None, packages_end=None, allow_overriding=[], cmake_args=None, cmake_target=None, cmake_target_skip_unavailable=False, cmake_clean_cache=False, cmake_clean_first=False, cmake_force_configure=False, ament_cmake_args=None, catkin_cmake_args=None, catkin_skip_building_tests=False, mixin_files=None, mixin=None, verb_parser=<colcon_mixin.mixin.mixin_argument.MixinArgumentDecorator object at 0x7fc1ebaac730>, verb_extension=<colcon_core.verb.build.BuildVerb object at 0x7fc1ec181570>, main=<bound method BuildVerb.main of <colcon_core.verb.build.BuildVerb object at 0x7fc1ec181570>>, mixin_verb=('build',))
[0.596s] Level 1:colcon.colcon_core.package_discovery:discover_packages(colcon_meta) check parameters
[0.596s] Level 1:colcon.colcon_core.package_discovery:discover_packages(recursive) check parameters
[0.596s] Level 1:colcon.colcon_core.package_discovery:discover_packages(ignore) check parameters
[0.596s] Level 1:colcon.colcon_core.package_discovery:discover_packages(path) check parameters
[0.596s] Level 1:colcon.colcon_core.package_discovery:discover_packages(colcon_meta) discover
[0.596s] Level 1:colcon.colcon_core.package_discovery:discover_packages(recursive) discover
[0.596s] INFO:colcon.colcon_core.package_discovery:Crawling recursively for packages in '/home/suresoft/transform'
[0.596s] Level 1:colcon.colcon_core.package_identification:_identify(.) by extensions ['ignore', 'ignore_ament_install']
[0.597s] Level 1:colcon.colcon_core.package_identification:_identify(.) by extension 'ignore'
[0.597s] Level 1:colcon.colcon_core.package_identification:_identify(.) by extension 'ignore_ament_install'
[0.597s] Level 1:colcon.colcon_core.package_identification:_identify(.) by extensions ['colcon_pkg']
[0.597s] Level 1:colcon.colcon_core.package_identification:_identify(.) by extension 'colcon_pkg'
[0.597s] Level 1:colcon.colcon_core.package_identification:_identify(.) by extensions ['colcon_meta']
[0.597s] Level 1:colcon.colcon_core.package_identification:_identify(.) by extension 'colcon_meta'
[0.597s] Level 1:colcon.colcon_core.package_identification:_identify(.) by extensions ['ros']
[0.597s] Level 1:colcon.colcon_core.package_identification:_identify(.) by extension 'ros'
[0.612s] Level 1:colcon.colcon_core.package_identification:_identify(.) by extensions ['cmake', 'python']
[0.612s] Level 1:colcon.colcon_core.package_identification:_identify(.) by extension 'cmake'
[0.612s] Level 1:colcon.colcon_core.package_identification:_identify(.) by extension 'python'
[0.612s] Level 1:colcon.colcon_core.package_identification:_identify(.) by extensions ['python_setup_py']
[0.612s] Level 1:colcon.colcon_core.package_identification:_identify(.) by extension 'python_setup_py'
[0.612s] Level 1:colcon.colcon_core.package_identification:_identify(build) by extensions ['ignore', 'ignore_ament_install']
[0.612s] Level 1:colcon.colcon_core.package_identification:_identify(build) by extension 'ignore'
[0.612s] Level 1:colcon.colcon_core.package_identification:_identify(build) ignored
[0.612s] Level 1:colcon.colcon_core.package_identification:_identify(install) by extensions ['ignore', 'ignore_ament_install']
[0.613s] Level 1:colcon.colcon_core.package_identification:_identify(install) by extension 'ignore'
[0.613s] Level 1:colcon.colcon_core.package_identification:_identify(install) ignored
[0.613s] Level 1:colcon.colcon_core.package_identification:_identify(log) by extensions ['ignore', 'ignore_ament_install']
[0.613s] Level 1:colcon.colcon_core.package_identification:_identify(log) by extension 'ignore'
[0.613s] Level 1:colcon.colcon_core.package_identification:_identify(log) ignored
[0.613s] Level 1:colcon.colcon_core.package_identification:_identify(src) by extensions ['ignore', 'ignore_ament_install']
[0.613s] Level 1:colcon.colcon_core.package_identification:_identify(src) by extension 'ignore'
[0.613s] Level 1:colcon.colcon_core.package_identification:_identify(src) by extension 'ignore_ament_install'
[0.613s] Level 1:colcon.colcon_core.package_identification:_identify(src) by extensions ['colcon_pkg']
[0.613s] Level 1:colcon.colcon_core.package_identification:_identify(src) by extension 'colcon_pkg'
[0.613s] Level 1:colcon.colcon_core.package_identification:_identify(src) by extensions ['colcon_meta']
[0.613s] Level 1:colcon.colcon_core.package_identification:_identify(src) by extension 'colcon_meta'
[0.613s] Level 1:colcon.colcon_core.package_identification:_identify(src) by extensions ['ros']
[0.613s] Level 1:colcon.colcon_core.package_identification:_identify(src) by extension 'ros'
[0.613s] Level 1:colcon.colcon_core.package_identification:_identify(src) by extensions ['cmake', 'python']
[0.613s] Level 1:colcon.colcon_core.package_identification:_identify(src) by extension 'cmake'
[0.614s] Level 1:colcon.colcon_core.package_identification:_identify(src) by extension 'python'
[0.614s] Level 1:colcon.colcon_core.package_identification:_identify(src) by extensions ['python_setup_py']
[0.614s] Level 1:colcon.colcon_core.package_identification:_identify(src) by extension 'python_setup_py'
[0.614s] Level 1:colcon.colcon_core.package_identification:_identify(src/move_coordinate) by extensions ['ignore', 'ignore_ament_install']
[0.614s] Level 1:colcon.colcon_core.package_identification:_identify(src/move_coordinate) by extension 'ignore'
[0.614s] Level 1:colcon.colcon_core.package_identification:_identify(src/move_coordinate) by extension 'ignore_ament_install'
[0.614s] Level 1:colcon.colcon_core.package_identification:_identify(src/move_coordinate) by extensions ['colcon_pkg']
[0.614s] Level 1:colcon.colcon_core.package_identification:_identify(src/move_coordinate) by extension 'colcon_pkg'
[0.614s] Level 1:colcon.colcon_core.package_identification:_identify(src/move_coordinate) by extensions ['colcon_meta']
[0.614s] Level 1:colcon.colcon_core.package_identification:_identify(src/move_coordinate) by extension 'colcon_meta'
[0.614s] Level 1:colcon.colcon_core.package_identification:_identify(src/move_coordinate) by extensions ['ros']
[0.614s] Level 1:colcon.colcon_core.package_identification:_identify(src/move_coordinate) by extension 'ros'
[0.617s] DEBUG:colcon.colcon_core.package_identification:Package 'src/move_coordinate' with type 'ros.ament_cmake' and name 'move_coordinate'
[0.617s] Level 1:colcon.colcon_core.package_identification:_identify(src/quick_start) by extensions ['ignore', 'ignore_ament_install']
[0.617s] Level 1:colcon.colcon_core.package_identification:_identify(src/quick_start) by extension 'ignore'
[0.617s] Level 1:colcon.colcon_core.package_identification:_identify(src/quick_start) by extension 'ignore_ament_install'
[0.617s] Level 1:colcon.colcon_core.package_identification:_identify(src/quick_start) by extensions ['colcon_pkg']
[0.617s] Level 1:colcon.colcon_core.package_identification:_identify(src/quick_start) by extension 'colcon_pkg'
[0.617s] Level 1:colcon.colcon_core.package_identification:_identify(src/quick_start) by extensions ['colcon_meta']
[0.618s] Level 1:colcon.colcon_core.package_identification:_identify(src/quick_start) by extension 'colcon_meta'
[0.618s] Level 1:colcon.colcon_core.package_identification:_identify(src/quick_start) by extensions ['ros']
[0.618s] Level 1:colcon.colcon_core.package_identification:_identify(src/quick_start) by extension 'ros'
[0.620s] DEBUG:colcon.colcon_core.package_identification:Package 'src/quick_start' with type 'ros.ament_cmake' and name 'quick_start'
[0.620s] Level 1:colcon.colcon_core.package_discovery:discover_packages(recursive) using defaults
[0.620s] Level 1:colcon.colcon_core.package_discovery:discover_packages(ignore) discover
[0.620s] Level 1:colcon.colcon_core.package_discovery:discover_packages(ignore) using defaults
[0.620s] Level 1:colcon.colcon_core.package_discovery:discover_packages(path) discover
[0.620s] Level 1:colcon.colcon_core.package_discovery:discover_packages(path) using defaults
[0.661s] Level 1:colcon.colcon_core.package_discovery:discover_packages(prefix_path) check parameters
[0.661s] Level 1:colcon.colcon_core.package_discovery:discover_packages(prefix_path) discover
[0.663s] WARNING:colcon.colcon_ros.prefix_path.ament:The path '/home/suresoft/transform/install/hello_moveit' in the environment variable AMENT_PREFIX_PATH doesn't exist
[0.664s] WARNING:colcon.colcon_ros.prefix_path.catkin:The path '/home/suresoft/transform/install/hello_moveit' in the environment variable CMAKE_PREFIX_PATH doesn't exist
[0.666s] DEBUG:colcon.colcon_installed_package_information.package_discovery:Found 2 installed packages in /home/suresoft/transform/install
[0.669s] DEBUG:colcon.colcon_installed_package_information.package_discovery:Found 375 installed packages in /opt/ros/humble
[0.671s] Level 1:colcon.colcon_core.package_discovery:discover_packages(prefix_path) using defaults
[0.781s] Level 5:colcon.colcon_core.verb:set package 'move_coordinate' build argument 'cmake_args' from command line to 'None'
[0.781s] Level 5:colcon.colcon_core.verb:set package 'move_coordinate' build argument 'cmake_target' from command line to 'None'
[0.781s] Level 5:colcon.colcon_core.verb:set package 'move_coordinate' build argument 'cmake_target_skip_unavailable' from command line to 'False'
[0.781s] Level 5:colcon.colcon_core.verb:set package 'move_coordinate' build argument 'cmake_clean_cache' from command line to 'False'
[0.781s] Level 5:colcon.colcon_core.verb:set package 'move_coordinate' build argument 'cmake_clean_first' from command line to 'False'
[0.781s] Level 5:colcon.colcon_core.verb:set package 'move_coordinate' build argument 'cmake_force_configure' from command line to 'False'
[0.781s] Level 5:colcon.colcon_core.verb:set package 'move_coordinate' build argument 'ament_cmake_args' from command line to 'None'
[0.781s] Level 5:colcon.colcon_core.verb:set package 'move_coordinate' build argument 'catkin_cmake_args' from command line to 'None'
[0.781s] Level 5:colcon.colcon_core.verb:set package 'move_coordinate' build argument 'catkin_skip_building_tests' from command line to 'False'
[0.781s] DEBUG:colcon.colcon_core.verb:Building package 'move_coordinate' with the following arguments: {'ament_cmake_args': None, 'build_base': '/home/suresoft/transform/build/move_coordinate', 'catkin_cmake_args': None, 'catkin_skip_building_tests': False, 'cmake_args': None, 'cmake_clean_cache': False, 'cmake_clean_first': False, 'cmake_force_configure': False, 'cmake_target': None, 'cmake_target_skip_unavailable': False, 'install_base': '/home/suresoft/transform/install/move_coordinate', 'merge_install': False, 'path': '/home/suresoft/transform/src/move_coordinate', 'symlink_install': True, 'test_result_base': None}
[0.784s] Level 5:colcon.colcon_core.verb:set package 'quick_start' build argument 'cmake_args' from command line to 'None'
[0.784s] Level 5:colcon.colcon_core.verb:set package 'quick_start' build argument 'cmake_target' from command line to 'None'
[0.784s] Level 5:colcon.colcon_core.verb:set package 'quick_start' build argument 'cmake_target_skip_unavailable' from command line to 'False'
[0.784s] Level 5:colcon.colcon_core.verb:set package 'quick_start' build argument 'cmake_clean_cache' from command line to 'False'
[0.784s] Level 5:colcon.colcon_core.verb:set package 'quick_start' build argument 'cmake_clean_first' from command line to 'False'
[0.784s] Level 5:colcon.colcon_core.verb:set package 'quick_start' build argument 'cmake_force_configure' from command line to 'False'
[0.785s] Level 5:colcon.colcon_core.verb:set package 'quick_start' build argument 'ament_cmake_args' from command line to 'None'
[0.785s] Level 5:colcon.colcon_core.verb:set package 'quick_start' build argument 'catkin_cmake_args' from command line to 'None'
[0.785s] Level 5:colcon.colcon_core.verb:set package 'quick_start' build argument 'catkin_skip_building_tests' from command line to 'False'
[0.785s] DEBUG:colcon.colcon_core.verb:Building package 'quick_start' with the following arguments: {'ament_cmake_args': None, 'build_base': '/home/suresoft/transform/build/quick_start', 'catkin_cmake_args': None, 'catkin_skip_building_tests': False, 'cmake_args': None, 'cmake_clean_cache': False, 'cmake_clean_first': False, 'cmake_force_configure': False, 'cmake_target': None, 'cmake_target_skip_unavailable': False, 'install_base': '/home/suresoft/transform/install/quick_start', 'merge_install': False, 'path': '/home/suresoft/transform/src/quick_start', 'symlink_install': True, 'test_result_base': None}
[0.787s] INFO:colcon.colcon_core.executor:Executing jobs using 'parallel' executor
[0.799s] DEBUG:colcon.colcon_parallel_executor.executor.parallel:run_until_complete
[0.800s] INFO:colcon.colcon_ros.task.ament_cmake.build:Building ROS package in '/home/suresoft/transform/src/move_coordinate' with build type 'ament_cmake'
[0.800s] INFO:colcon.colcon_cmake.task.cmake.build:Building CMake package in '/home/suresoft/transform/src/move_coordinate'
[0.810s] INFO:colcon.colcon_core.plugin_system:Skipping extension 'colcon_core.shell.bat': Not used on non-Windows systems
[0.810s] INFO:colcon.colcon_core.shell:Skip shell extension 'powershell' for command environment: Not usable outside of PowerShell
[0.811s] DEBUG:colcon.colcon_core.shell:Skip shell extension 'dsv' for command environment
[0.818s] INFO:colcon.colcon_ros.task.ament_cmake.build:Building ROS package in '/home/suresoft/transform/src/quick_start' with build type 'ament_cmake'
[0.818s] INFO:colcon.colcon_cmake.task.cmake.build:Building CMake package in '/home/suresoft/transform/src/quick_start'
[0.823s] INFO:colcon.colcon_core.shell:Skip shell extension 'powershell' for command environment: Not usable outside of PowerShell
[0.823s] DEBUG:colcon.colcon_core.shell:Skip shell extension 'dsv' for command environment
[0.841s] DEBUG:colcon.colcon_core.event_handler.log_command:Invoking command in '/home/suresoft/transform/build/move_coordinate': CMAKE_PREFIX_PATH=${CMAKE_PREFIX_PATH}:/opt/ros/humble /usr/bin/cmake --build /home/suresoft/transform/build/move_coordinate -- -j4 -l4
[0.851s] DEBUG:colcon.colcon_core.event_handler.log_command:Invoking command in '/home/suresoft/transform/build/quick_start': CMAKE_PREFIX_PATH=${CMAKE_PREFIX_PATH}:/opt/ros/humble /usr/bin/cmake --build /home/suresoft/transform/build/quick_start -- -j4 -l4
[0.903s] DEBUG:colcon.colcon_core.event_handler.log_command:Invoked command in '/home/suresoft/transform/build/quick_start' returned '0': CMAKE_PREFIX_PATH=${CMAKE_PREFIX_PATH}:/opt/ros/humble /usr/bin/cmake --build /home/suresoft/transform/build/quick_start -- -j4 -l4
[0.952s] DEBUG:colcon.colcon_core.event_handler.log_command:Invoking command in '/home/suresoft/transform/build/quick_start': CMAKE_PREFIX_PATH=${CMAKE_PREFIX_PATH}:/opt/ros/humble /usr/bin/cmake --install /home/suresoft/transform/build/quick_start
[0.979s] Level 1:colcon.colcon_core.environment:create_environment_scripts_only(quick_start)
[0.982s] DEBUG:colcon.colcon_core.event_handler.log_command:Invoked command in '/home/suresoft/transform/build/quick_start' returned '0': CMAKE_PREFIX_PATH=${CMAKE_PREFIX_PATH}:/opt/ros/humble /usr/bin/cmake --install /home/suresoft/transform/build/quick_start
[0.995s] Level 1:colcon.colcon_core.environment:checking '/home/suresoft/transform/install/quick_start' for CMake module files
[0.996s] Level 1:colcon.colcon_core.environment:checking '/home/suresoft/transform/install/quick_start' for CMake config files
[0.996s] Level 1:colcon.colcon_core.shell:create_environment_hook('quick_start', 'cmake_prefix_path')
[1.001s] INFO:colcon.colcon_core.shell:Creating environment hook '/home/suresoft/transform/install/quick_start/share/quick_start/hook/cmake_prefix_path.ps1'
[1.002s] INFO:colcon.colcon_core.shell:Creating environment descriptor '/home/suresoft/transform/install/quick_start/share/quick_start/hook/cmake_prefix_path.dsv'
[1.003s] INFO:colcon.colcon_core.shell:Creating environment hook '/home/suresoft/transform/install/quick_start/share/quick_start/hook/cmake_prefix_path.sh'
[1.004s] Level 1:colcon.colcon_core.environment:checking '/home/suresoft/transform/install/quick_start/bin'
[1.005s] Level 1:colcon.colcon_core.environment:checking '/home/suresoft/transform/install/quick_start/lib/pkgconfig/quick_start.pc'
[1.005s] Level 1:colcon.colcon_core.environment:checking '/home/suresoft/transform/install/quick_start/lib/python3.10/site-packages'
[1.006s] Level 1:colcon.colcon_core.environment:checking '/home/suresoft/transform/install/quick_start/bin'
[1.014s] INFO:colcon.colcon_core.shell:Creating package script '/home/suresoft/transform/install/quick_start/share/quick_start/package.ps1'
[1.016s] INFO:colcon.colcon_core.shell:Creating package descriptor '/home/suresoft/transform/install/quick_start/share/quick_start/package.dsv'
[1.017s] INFO:colcon.colcon_core.shell:Creating package script '/home/suresoft/transform/install/quick_start/share/quick_start/package.sh'
[1.018s] INFO:colcon.colcon_core.shell:Creating package script '/home/suresoft/transform/install/quick_start/share/quick_start/package.bash'
[1.019s] INFO:colcon.colcon_core.shell:Creating package script '/home/suresoft/transform/install/quick_start/share/quick_start/package.zsh'
[1.020s] Level 1:colcon.colcon_core.environment:create_file_with_runtime_dependencies(/home/suresoft/transform/install/quick_start/share/colcon-core/packages/quick_start)
[1.080s] Level 1:colcon.colcon_core.environment:create_environment_scripts_only(quick_start)
[1.094s] Level 1:colcon.colcon_core.environment:checking '/home/suresoft/transform/install/quick_start' for CMake module files
[1.096s] Level 1:colcon.colcon_core.environment:checking '/home/suresoft/transform/install/quick_start' for CMake config files
[1.097s] Level 1:colcon.colcon_core.shell:create_environment_hook('quick_start', 'cmake_prefix_path')
[1.104s] INFO:colcon.colcon_core.shell:Creating environment hook '/home/suresoft/transform/install/quick_start/share/quick_start/hook/cmake_prefix_path.ps1'
[1.108s] INFO:colcon.colcon_core.shell:Creating environment descriptor '/home/suresoft/transform/install/quick_start/share/quick_start/hook/cmake_prefix_path.dsv'
[1.109s] INFO:colcon.colcon_core.shell:Creating environment hook '/home/suresoft/transform/install/quick_start/share/quick_start/hook/cmake_prefix_path.sh'
[1.111s] Level 1:colcon.colcon_core.environment:checking '/home/suresoft/transform/install/quick_start/bin'
[1.112s] Level 1:colcon.colcon_core.environment:checking '/home/suresoft/transform/install/quick_start/lib/pkgconfig/quick_start.pc'
[1.116s] Level 1:colcon.colcon_core.environment:checking '/home/suresoft/transform/install/quick_start/lib/python3.10/site-packages'
[1.116s] Level 1:colcon.colcon_core.environment:checking '/home/suresoft/transform/install/quick_start/bin'
[1.125s] INFO:colcon.colcon_core.shell:Creating package script '/home/suresoft/transform/install/quick_start/share/quick_start/package.ps1'
[1.128s] INFO:colcon.colcon_core.shell:Creating package descriptor '/home/suresoft/transform/install/quick_start/share/quick_start/package.dsv'
[1.130s] INFO:colcon.colcon_core.shell:Creating package script '/home/suresoft/transform/install/quick_start/share/quick_start/package.sh'
[1.132s] INFO:colcon.colcon_core.shell:Creating package script '/home/suresoft/transform/install/quick_start/share/quick_start/package.bash'
[1.132s] INFO:colcon.colcon_core.shell:Creating package script '/home/suresoft/transform/install/quick_start/share/quick_start/package.zsh'
[1.133s] Level 1:colcon.colcon_core.environment:create_file_with_runtime_dependencies(/home/suresoft/transform/install/quick_start/share/colcon-core/packages/quick_start)
[13.248s] DEBUG:colcon.colcon_core.event_handler.log_command:Invoked command in '/home/suresoft/transform/build/move_coordinate' returned '0': CMAKE_PREFIX_PATH=${CMAKE_PREFIX_PATH}:/opt/ros/humble /usr/bin/cmake --build /home/suresoft/transform/build/move_coordinate -- -j4 -l4
[13.279s] DEBUG:colcon.colcon_core.event_handler.log_command:Invoking command in '/home/suresoft/transform/build/move_coordinate': CMAKE_PREFIX_PATH=${CMAKE_PREFIX_PATH}:/opt/ros/humble /usr/bin/cmake --install /home/suresoft/transform/build/move_coordinate
[13.309s] Level 1:colcon.colcon_core.environment:create_environment_scripts_only(move_coordinate)
[13.318s] Level 1:colcon.colcon_core.environment:checking '/home/suresoft/transform/install/move_coordinate' for CMake module files
[13.319s] DEBUG:colcon.colcon_core.event_handler.log_command:Invoked command in '/home/suresoft/transform/build/move_coordinate' returned '0': CMAKE_PREFIX_PATH=${CMAKE_PREFIX_PATH}:/opt/ros/humble /usr/bin/cmake --install /home/suresoft/transform/build/move_coordinate
[13.319s] Level 1:colcon.colcon_core.environment:checking '/home/suresoft/transform/install/move_coordinate' for CMake config files
[13.319s] Level 1:colcon.colcon_core.shell:create_environment_hook('move_coordinate', 'cmake_prefix_path')
[13.323s] INFO:colcon.colcon_core.shell:Creating environment hook '/home/suresoft/transform/install/move_coordinate/share/move_coordinate/hook/cmake_prefix_path.ps1'
[13.324s] INFO:colcon.colcon_core.shell:Creating environment descriptor '/home/suresoft/transform/install/move_coordinate/share/move_coordinate/hook/cmake_prefix_path.dsv'
[13.324s] INFO:colcon.colcon_core.shell:Creating environment hook '/home/suresoft/transform/install/move_coordinate/share/move_coordinate/hook/cmake_prefix_path.sh'
[13.324s] Level 1:colcon.colcon_core.environment:checking '/home/suresoft/transform/install/move_coordinate/lib'
[13.325s] Level 1:colcon.colcon_core.environment:checking '/home/suresoft/transform/install/move_coordinate/bin'
[13.325s] Level 1:colcon.colcon_core.environment:checking '/home/suresoft/transform/install/move_coordinate/lib/pkgconfig/move_coordinate.pc'
[13.325s] Level 1:colcon.colcon_core.environment:checking '/home/suresoft/transform/install/move_coordinate/lib/python3.10/site-packages'
[13.326s] Level 1:colcon.colcon_core.environment:checking '/home/suresoft/transform/install/move_coordinate/bin'
[13.329s] INFO:colcon.colcon_core.shell:Creating package script '/home/suresoft/transform/install/move_coordinate/share/move_coordinate/package.ps1'
[13.329s] INFO:colcon.colcon_core.shell:Creating package descriptor '/home/suresoft/transform/install/move_coordinate/share/move_coordinate/package.dsv'
[13.331s] INFO:colcon.colcon_core.shell:Creating package script '/home/suresoft/transform/install/move_coordinate/share/move_coordinate/package.sh'
[13.332s] INFO:colcon.colcon_core.shell:Creating package script '/home/suresoft/transform/install/move_coordinate/share/move_coordinate/package.bash'
[13.332s] INFO:colcon.colcon_core.shell:Creating package script '/home/suresoft/transform/install/move_coordinate/share/move_coordinate/package.zsh'
[13.333s] Level 1:colcon.colcon_core.environment:create_file_with_runtime_dependencies(/home/suresoft/transform/install/move_coordinate/share/colcon-core/packages/move_coordinate)
[13.368s] Level 1:colcon.colcon_core.environment:create_environment_scripts_only(move_coordinate)
[13.373s] Level 1:colcon.colcon_core.environment:checking '/home/suresoft/transform/install/move_coordinate' for CMake module files
[13.374s] Level 1:colcon.colcon_core.environment:checking '/home/suresoft/transform/install/move_coordinate' for CMake config files
[13.374s] Level 1:colcon.colcon_core.shell:create_environment_hook('move_coordinate', 'cmake_prefix_path')
[13.377s] INFO:colcon.colcon_core.shell:Creating environment hook '/home/suresoft/transform/install/move_coordinate/share/move_coordinate/hook/cmake_prefix_path.ps1'
[13.378s] INFO:colcon.colcon_core.shell:Creating environment descriptor '/home/suresoft/transform/install/move_coordinate/share/move_coordinate/hook/cmake_prefix_path.dsv'
[13.378s] INFO:colcon.colcon_core.shell:Creating environment hook '/home/suresoft/transform/install/move_coordinate/share/move_coordinate/hook/cmake_prefix_path.sh'
[13.379s] Level 1:colcon.colcon_core.environment:checking '/home/suresoft/transform/install/move_coordinate/lib'
[13.379s] Level 1:colcon.colcon_core.environment:checking '/home/suresoft/transform/install/move_coordinate/bin'
[13.379s] Level 1:colcon.colcon_core.environment:checking '/home/suresoft/transform/install/move_coordinate/lib/pkgconfig/move_coordinate.pc'
[13.379s] Level 1:colcon.colcon_core.environment:checking '/home/suresoft/transform/install/move_coordinate/lib/python3.10/site-packages'
[13.380s] Level 1:colcon.colcon_core.environment:checking '/home/suresoft/transform/install/move_coordinate/bin'
[13.384s] INFO:colcon.colcon_core.shell:Creating package script '/home/suresoft/transform/install/move_coordinate/share/move_coordinate/package.ps1'
[13.384s] INFO:colcon.colcon_core.shell:Creating package descriptor '/home/suresoft/transform/install/move_coordinate/share/move_coordinate/package.dsv'
[13.384s] INFO:colcon.colcon_core.shell:Creating package script '/home/suresoft/transform/install/move_coordinate/share/move_coordinate/package.sh'
[13.385s] INFO:colcon.colcon_core.shell:Creating package script '/home/suresoft/transform/install/move_coordinate/share/move_coordinate/package.bash'
[13.385s] INFO:colcon.colcon_core.shell:Creating package script '/home/suresoft/transform/install/move_coordinate/share/move_coordinate/package.zsh'
[13.386s] Level 1:colcon.colcon_core.environment:create_file_with_runtime_dependencies(/home/suresoft/transform/install/move_coordinate/share/colcon-core/packages/move_coordinate)
[13.386s] DEBUG:colcon.colcon_parallel_executor.executor.parallel:closing loop
[13.387s] DEBUG:colcon.colcon_parallel_executor.executor.parallel:loop closed
[13.387s] DEBUG:colcon.colcon_parallel_executor.executor.parallel:run_until_complete finished with '0'
[13.387s] DEBUG:colcon.colcon_core.event_reactor:joining thread
[13.405s] INFO:colcon.colcon_core.plugin_system:Skipping extension 'colcon_notification.desktop_notification.terminal_notifier': Not used on non-Darwin systems
[13.406s] INFO:colcon.colcon_core.plugin_system:Skipping extension 'colcon_notification.desktop_notification.win32': Not used on non-Windows systems
[13.406s] INFO:colcon.colcon_notification.desktop_notification:Sending desktop notification using 'notify2'
[13.421s] DEBUG:colcon.colcon_core.event_reactor:joined thread
[13.432s] INFO:colcon.colcon_core.shell:Creating prefix script '/home/suresoft/transform/install/local_setup.ps1'
[13.434s] INFO:colcon.colcon_core.shell:Creating prefix util module '/home/suresoft/transform/install/_local_setup_util_ps1.py'
[13.437s] INFO:colcon.colcon_core.shell:Creating prefix chain script '/home/suresoft/transform/install/setup.ps1'
[13.442s] INFO:colcon.colcon_core.shell:Creating prefix script '/home/suresoft/transform/install/local_setup.sh'
[13.444s] INFO:colcon.colcon_core.shell:Creating prefix util module '/home/suresoft/transform/install/_local_setup_util_sh.py'
[13.446s] INFO:colcon.colcon_core.shell:Creating prefix chain script '/home/suresoft/transform/install/setup.sh'
[13.450s] INFO:colcon.colcon_core.shell:Creating prefix script '/home/suresoft/transform/install/local_setup.bash'
[13.451s] INFO:colcon.colcon_core.shell:Creating prefix chain script '/home/suresoft/transform/install/setup.bash'
[13.454s] INFO:colcon.colcon_core.shell:Creating prefix script '/home/suresoft/transform/install/local_setup.zsh'
[13.455s] INFO:colcon.colcon_core.shell:Creating prefix chain script '/home/suresoft/transform/install/setup.zsh'
