[0.043s] Invoking command in '/home/suresoft/transform/build/move_coordinate': CMAKE_PREFIX_PATH=${CMAKE_PREFIX_PATH}:/opt/ros/humble /usr/bin/cmake --build /home/suresoft/transform/build/move_coordinate -- -j4 -l4
[0.131s] [35m[1mConsolidate compiler generated dependencies of target move_coordinate[0m
[0.181s] [ 50%] [32mBuilding CXX object CMakeFiles/move_coordinate.dir/src/move_coordinate.cpp.o[0m
[6.202s] [01m[K/home/suresoft/transform/src/move_coordinate/src/move_coordinate.cpp:7:6:[m[K [01;31m[Kerror: [m[Kvariable or field ‘[01m[KtesfFunction[m[K’ declared void
[6.202s]     7 | void [01;31m[KtesfFunction[m[K(moveit::planning_interface move_group_interface);
[6.202s]       |      [01;31m[K^~~~~~~~~~~~[m[K
[6.202s] [01m[K/home/suresoft/transform/src/move_coordinate/src/move_coordinate.cpp:7:46:[m[K [01;31m[Kerror: [m[Kexpected primary-expression before ‘[01m[Kmove_group_interface[m[K’
[6.203s]     7 | void tesfFunction(moveit::planning_interface [01;31m[Kmove_group_interface[m[K);
[6.203s]       |                                              [01;31m[K^~~~~~~~~~~~~~~~~~~~[m[K
[6.208s] [01m[K/home/suresoft/transform/src/move_coordinate/src/move_coordinate.cpp:[m[K In function ‘[01m[Kint main(int, char**)[m[K’:
[6.208s] [01m[K/home/suresoft/transform/src/move_coordinate/src/move_coordinate.cpp:74:25:[m[K [01;35m[Kwarning: [m[Kcomparison of integer expressions of different signedness: ‘[01m[Kint[m[K’ and ‘[01m[Kstd::vector<double, std::allocator<double> >::size_type[m[K’ {aka ‘[01m[Klong unsigned int[m[K’} [[01;35m[K]8;;https://gcc.gnu.org/onlinedocs/gcc/Warning-Options.html#index-Wsign-compare-Wsign-compare]8;;[m[K]
[6.209s]    74 |       for (int i = 0; [01;35m[Ki < joint_group_positions.size()[m[K; i++)
[6.209s]       |                       [01;35m[K~~^~~~~~~~~~~~~~~~~~~~~~~~~~~~~~[m[K
[6.213s] [01m[K/home/suresoft/transform/src/move_coordinate/src/move_coordinate.cpp:104:25:[m[K [01;35m[Kwarning: [m[Kcomparison of integer expressions of different signedness: ‘[01m[Kint[m[K’ and ‘[01m[Kstd::vector<double, std::allocator<double> >::size_type[m[K’ {aka ‘[01m[Klong unsigned int[m[K’} [[01;35m[K]8;;https://gcc.gnu.org/onlinedocs/gcc/Warning-Options.html#index-Wsign-compare-Wsign-compare]8;;[m[K]
[6.213s]   104 |       for (int i = 0; [01;35m[Ki < joint_group_positions.size()[m[K; i++)
[6.213s]       |                       [01;35m[K~~^~~~~~~~~~~~~~~~~~~~~~~~~~~~~~[m[K
[6.215s] [01m[K/home/suresoft/transform/src/move_coordinate/src/move_coordinate.cpp:[m[K At global scope:
[6.215s] [01m[K/home/suresoft/transform/src/move_coordinate/src/move_coordinate.cpp:136:13:[m[K [01;31m[Kerror: [m[Kexpected constructor, destructor, or type conversion before ‘[01m[K([m[K’ token
[6.215s]   136 | tesfFunction[01;31m[K([m[Kmoveit::planning_interface move_group_interface)
[6.215s]       |             [01;31m[K^[m[K
[8.784s] gmake[2]: *** [CMakeFiles/move_coordinate.dir/build.make:76: CMakeFiles/move_coordinate.dir/src/move_coordinate.cpp.o] Error 1
[8.784s] gmake[1]: *** [CMakeFiles/Makefile2:137: CMakeFiles/move_coordinate.dir/all] Error 2
[8.785s] gmake: *** [Makefile:146: all] Error 2
[8.787s] Invoked command in '/home/suresoft/transform/build/move_coordinate' returned '2': CMAKE_PREFIX_PATH=${CMAKE_PREFIX_PATH}:/opt/ros/humble /usr/bin/cmake --build /home/suresoft/transform/build/move_coordinate -- -j4 -l4
