[0.028s] Invoking command in '/home/suresoft/transform/build/move_coordinate': CMAKE_PREFIX_PATH=${CMAKE_PREFIX_PATH}:/opt/ros/humble /usr/bin/cmake /home/suresoft/transform/src/move_coordinate -DCMAKE_BUILD_TYPE=Release -DCMAKE_INSTALL_PREFIX=/home/suresoft/transform/install/move_coordinate
[0.048s] -- Found ament_cmake: 1.3.2 (/opt/ros/humble/share/ament_cmake/cmake)
[0.205s] -- Found moveit_ros_planning_interface: 2.5.3 (/opt/ros/humble/share/moveit_ros_planning_interface/cmake)
[0.221s] -- Found Boost: /usr/lib/x86_64-linux-gnu/cmake/Boost-1.74.0/BoostConfig.cmake (found version "1.74.0") found components: date_time filesystem program_options system thread 
[0.262s] -- Found rosidl_generator_c: 3.1.3 (/opt/ros/humble/share/rosidl_generator_c/cmake)
[0.267s] -- Found rosidl_adapter: 3.1.3 (/opt/ros/humble/share/rosidl_adapter/cmake)
[0.279s] -- Found rosidl_generator_cpp: 3.1.3 (/opt/ros/humble/share/rosidl_generator_cpp/cmake)
[0.298s] -- Using all available rosidl_typesupport_c: rosidl_typesupport_fastrtps_c;rosidl_typesupport_introspection_c
[0.327s] -- Using all available rosidl_typesupport_cpp: rosidl_typesupport_fastrtps_cpp;rosidl_typesupport_introspection_cpp
[1.821s] -- Found Boost: /usr/lib/x86_64-linux-gnu/cmake/Boost-1.74.0/BoostConfig.cmake (found version "1.74.0") found components: chrono date_time filesystem iostreams program_options regex serialization system thread 
[1.832s] -- Found Boost: /usr/lib/x86_64-linux-gnu/cmake/Boost-1.74.0/BoostConfig.cmake (found version "1.74.0") found components: filesystem 
[1.896s] -- Found rmw_implementation_cmake: 6.1.0 (/opt/ros/humble/share/rmw_implementation_cmake/cmake)
[1.897s] -- Found rmw_fastrtps_cpp: 6.2.1 (/opt/ros/humble/share/rmw_fastrtps_cpp/cmake)
[2.028s] -- Using RMW implementation 'rmw_fastrtps_cpp' as default
[2.198s] -- library: /usr/lib/x86_64-linux-gnu/libcurl.so
[2.378s] -- Ensuring Eigen3 include directory is part of orocos-kdl CMake target
[2.994s] -- Found Boost: /usr/lib/x86_64-linux-gnu/cmake/Boost-1.74.0/BoostConfig.cmake (found version "1.74.0") found components: system filesystem date_time program_options thread chrono 
[3.684s] -- Found Boost: /usr/lib/x86_64-linux-gnu/cmake/Boost-1.74.0/BoostConfig.cmake (found version "1.74.0") found components: thread system filesystem regex date_time program_options 
[4.064s] -- Found Boost: /usr/lib/x86_64-linux-gnu/cmake/Boost-1.74.0/BoostConfig.cmake (found version "1.74.0") found components: system filesystem date_time program_options thread 
[5.005s] -- Found ament_lint_auto: 0.12.4 (/opt/ros/humble/share/ament_lint_auto/cmake)
[5.171s] -- Added test 'cppcheck' to perform static code analysis on C / C++ code
[5.171s] -- Configured cppcheck include dirs: $<BUILD_INTERFACE:/home/suresoft/transform/src/move_coordinate/include>
[5.171s] -- Configured cppcheck exclude dirs and/or files: 
[5.172s] -- Added test 'lint_cmake' to check CMake code style
[5.174s] -- Added test 'uncrustify' to check C / C++ code style
[5.174s] -- Configured uncrustify additional arguments: 
[5.175s] -- Added test 'xmllint' to check XML markup files
[5.176s] -- Configuring done
[5.227s] -- Generating done
[5.233s] -- Build files have been written to: /home/suresoft/transform/build/move_coordinate
[5.255s] Invoked command in '/home/suresoft/transform/build/move_coordinate' returned '0': CMAKE_PREFIX_PATH=${CMAKE_PREFIX_PATH}:/opt/ros/humble /usr/bin/cmake /home/suresoft/transform/src/move_coordinate -DCMAKE_BUILD_TYPE=Release -DCMAKE_INSTALL_PREFIX=/home/suresoft/transform/install/move_coordinate
[5.258s] Invoking command in '/home/suresoft/transform/build/move_coordinate': CMAKE_PREFIX_PATH=${CMAKE_PREFIX_PATH}:/opt/ros/humble /usr/bin/cmake --build /home/suresoft/transform/build/move_coordinate -- -j4 -l4
[5.322s] [35m[1mConsolidate compiler generated dependencies of target move_coordinate[0m
[5.360s] [ 50%] [32mBuilding CXX object CMakeFiles/move_coordinate.dir/src/move_coordinate.cpp.o[0m
[15.275s] [100%] [32m[1mLinking CXX executable move_coordinate[0m
[15.581s] [100%] Built target move_coordinate
[15.593s] Invoked command in '/home/suresoft/transform/build/move_coordinate' returned '0': CMAKE_PREFIX_PATH=${CMAKE_PREFIX_PATH}:/opt/ros/humble /usr/bin/cmake --build /home/suresoft/transform/build/move_coordinate -- -j4 -l4
[15.633s] Invoking command in '/home/suresoft/transform/build/move_coordinate': CMAKE_PREFIX_PATH=${CMAKE_PREFIX_PATH}:/opt/ros/humble /usr/bin/cmake --install /home/suresoft/transform/build/move_coordinate
[15.641s] -- Install configuration: "Release"
[15.642s] -- Installing: /home/suresoft/transform/install/move_coordinate/lib/move_coordinate/move_coordinate
[15.643s] -- Set runtime path of "/home/suresoft/transform/install/move_coordinate/lib/move_coordinate/move_coordinate" to ""
[15.643s] -- Up-to-date: /home/suresoft/transform/install/move_coordinate/share/ament_index/resource_index/package_run_dependencies/move_coordinate
[15.643s] -- Installing: /home/suresoft/transform/install/move_coordinate/share/ament_index/resource_index/parent_prefix_path/move_coordinate
[15.643s] -- Up-to-date: /home/suresoft/transform/install/move_coordinate/share/move_coordinate/environment/ament_prefix_path.sh
[15.644s] -- Installing: /home/suresoft/transform/install/move_coordinate/share/move_coordinate/environment/ament_prefix_path.dsv
[15.644s] -- Up-to-date: /home/suresoft/transform/install/move_coordinate/share/move_coordinate/environment/path.sh
[15.644s] -- Installing: /home/suresoft/transform/install/move_coordinate/share/move_coordinate/environment/path.dsv
[15.645s] -- Up-to-date: /home/suresoft/transform/install/move_coordinate/share/move_coordinate/local_setup.bash
[15.645s] -- Up-to-date: /home/suresoft/transform/install/move_coordinate/share/move_coordinate/local_setup.sh
[15.645s] -- Up-to-date: /home/suresoft/transform/install/move_coordinate/share/move_coordinate/local_setup.zsh
[15.645s] -- Installing: /home/suresoft/transform/install/move_coordinate/share/move_coordinate/local_setup.dsv
[15.645s] -- Installing: /home/suresoft/transform/install/move_coordinate/share/move_coordinate/package.dsv
[15.646s] -- Up-to-date: /home/suresoft/transform/install/move_coordinate/share/ament_index/resource_index/packages/move_coordinate
[15.646s] -- Up-to-date: /home/suresoft/transform/install/move_coordinate/share/move_coordinate/cmake/move_coordinateConfig.cmake
[15.646s] -- Up-to-date: /home/suresoft/transform/install/move_coordinate/share/move_coordinate/cmake/move_coordinateConfig-version.cmake
[15.646s] -- Up-to-date: /home/suresoft/transform/install/move_coordinate/share/move_coordinate/package.xml
[15.654s] Invoked command in '/home/suresoft/transform/build/move_coordinate' returned '0': CMAKE_PREFIX_PATH=${CMAKE_PREFIX_PATH}:/opt/ros/humble /usr/bin/cmake --install /home/suresoft/transform/build/move_coordinate
