[0.028s] Invoking command in '/home/suresoft/transform/build/move_coordinate': CMAKE_PREFIX_PATH=${CMAKE_PREFIX_PATH}:/opt/ros/humble /usr/bin/cmake --build /home/suresoft/transform/build/move_coordinate -- -j4 -l4
[0.072s] [35m[1mConsolidate compiler generated dependencies of target move_coordinate[0m
[0.107s] [ 50%] [32mBuilding CXX object CMakeFiles/move_coordinate.dir/src/move_coordinate.cpp.o[0m
[5.120s] [01m[K/home/suresoft/transform/src/move_coordinate/src/move_coordinate.cpp:[m[K In function ‘[01m[Kint main(int, char**)[m[K’:
[5.120s] [01m[K/home/suresoft/transform/src/move_coordinate/src/move_coordinate.cpp:100:27:[m[K [01;35m[Kwarning: [m[Kcomparison of integer expressions of different signedness: ‘[01m[Kint[m[K’ and ‘[01m[Kstd::vector<double, std::allocator<double> >::size_type[m[K’ {aka ‘[01m[Klong unsigned int[m[K’} [[01;35m[K]8;;https://gcc.gnu.org/onlinedocs/gcc/Warning-Options.html#index-Wsign-compare-Wsign-compare]8;;[m[K]
[5.120s]   100 |         for (int i = 0; [01;35m[Ki < joint_group_positions.size()[m[K; i++)
[5.120s]       |                         [01;35m[K~~^~~~~~~~~~~~~~~~~~~~~~~~~~~~~~[m[K
[8.555s] [100%] [32m[1mLinking CXX executable move_coordinate[0m
[8.860s] [100%] Built target move_coordinate
[8.872s] Invoked command in '/home/suresoft/transform/build/move_coordinate' returned '0': CMAKE_PREFIX_PATH=${CMAKE_PREFIX_PATH}:/opt/ros/humble /usr/bin/cmake --build /home/suresoft/transform/build/move_coordinate -- -j4 -l4
[8.901s] Invoking command in '/home/suresoft/transform/build/move_coordinate': CMAKE_PREFIX_PATH=${CMAKE_PREFIX_PATH}:/opt/ros/humble /usr/bin/cmake --install /home/suresoft/transform/build/move_coordinate
[8.908s] -- Install configuration: "Release"
[8.908s] -- Installing: /home/suresoft/transform/install/move_coordinate/lib/move_coordinate/move_coordinate
[8.911s] -- Set runtime path of "/home/suresoft/transform/install/move_coordinate/lib/move_coordinate/move_coordinate" to ""
[8.911s] -- Up-to-date: /home/suresoft/transform/install/move_coordinate/share/ament_index/resource_index/package_run_dependencies/move_coordinate
[8.912s] -- Up-to-date: /home/suresoft/transform/install/move_coordinate/share/ament_index/resource_index/parent_prefix_path/move_coordinate
[8.912s] -- Up-to-date: /home/suresoft/transform/install/move_coordinate/share/move_coordinate/environment/ament_prefix_path.sh
[8.912s] -- Up-to-date: /home/suresoft/transform/install/move_coordinate/share/move_coordinate/environment/ament_prefix_path.dsv
[8.912s] -- Up-to-date: /home/suresoft/transform/install/move_coordinate/share/move_coordinate/environment/path.sh
[8.912s] -- Up-to-date: /home/suresoft/transform/install/move_coordinate/share/move_coordinate/environment/path.dsv
[8.912s] -- Up-to-date: /home/suresoft/transform/install/move_coordinate/share/move_coordinate/local_setup.bash
[8.912s] -- Up-to-date: /home/suresoft/transform/install/move_coordinate/share/move_coordinate/local_setup.sh
[8.913s] -- Up-to-date: /home/suresoft/transform/install/move_coordinate/share/move_coordinate/local_setup.zsh
[8.913s] -- Up-to-date: /home/suresoft/transform/install/move_coordinate/share/move_coordinate/local_setup.dsv
[8.913s] -- Installing: /home/suresoft/transform/install/move_coordinate/share/move_coordinate/package.dsv
[8.913s] -- Up-to-date: /home/suresoft/transform/install/move_coordinate/share/ament_index/resource_index/packages/move_coordinate
[8.913s] -- Up-to-date: /home/suresoft/transform/install/move_coordinate/share/move_coordinate/cmake/move_coordinateConfig.cmake
[8.913s] -- Up-to-date: /home/suresoft/transform/install/move_coordinate/share/move_coordinate/cmake/move_coordinateConfig-version.cmake
[8.914s] -- Up-to-date: /home/suresoft/transform/install/move_coordinate/share/move_coordinate/package.xml
[8.920s] Invoked command in '/home/suresoft/transform/build/move_coordinate' returned '0': CMAKE_PREFIX_PATH=${CMAKE_PREFIX_PATH}:/opt/ros/humble /usr/bin/cmake --install /home/suresoft/transform/build/move_coordinate
