[0.025s] Invoking command in '/home/suresoft/transform/build/move_coordinate': CMAKE_PREFIX_PATH=${CMAKE_PREFIX_PATH}:/opt/ros/humble /usr/bin/cmake /home/suresoft/transform/src/move_coordinate -DAMENT_CMAKE_SYMLINK_INSTALL=1 -DCMAKE_INSTALL_PREFIX=/home/suresoft/transform/install/move_coordinate
[0.091s] -- The C compiler identification is GNU 11.3.0
[0.155s] -- The CXX compiler identification is GNU 11.3.0
[0.162s] -- Detecting C compiler ABI info
[0.234s] -- Detecting C compiler ABI info - done
[0.248s] -- Check for working C compiler: /usr/bin/cc - skipped
[0.249s] -- Detecting C compile features
[0.249s] -- Detecting C compile features - done
[0.254s] -- Detecting CXX compiler ABI info
[0.336s] -- Detecting CXX compiler ABI info - done
[0.351s] -- Check for working CXX compiler: /usr/bin/c++ - skipped
[0.351s] -- Detecting CXX compile features
[0.352s] -- Detecting CXX compile features - done
[0.362s] -- Found ament_cmake: 1.3.3 (/opt/ros/humble/share/ament_cmake/cmake)
[0.565s] -- Found Python3: /usr/bin/python3.10 (found version "3.10.6") found components: Interpreter 
[0.639s] -- Override CMake install command with custom implementation using symlinks instead of copying resources
[0.680s] -- Found moveit_ros_planning_interface: 2.5.3 (/opt/ros/humble/share/moveit_ros_planning_interface/cmake)
[0.878s] -- Found Boost: /usr/lib/x86_64-linux-gnu/cmake/Boost-1.74.0/BoostConfig.cmake (found version "1.74.0") found components: date_time filesystem program_options system thread 
[0.948s] -- Found rosidl_generator_c: 3.1.4 (/opt/ros/humble/share/rosidl_generator_c/cmake)
[0.957s] -- Found rosidl_adapter: 3.1.4 (/opt/ros/humble/share/rosidl_adapter/cmake)
[0.970s] -- Found rosidl_generator_cpp: 3.1.4 (/opt/ros/humble/share/rosidl_generator_cpp/cmake)
[0.988s] -- Using all available rosidl_typesupport_c: rosidl_typesupport_fastrtps_c;rosidl_typesupport_introspection_c
[1.015s] -- Using all available rosidl_typesupport_cpp: rosidl_typesupport_fastrtps_cpp;rosidl_typesupport_introspection_cpp
[2.309s] -- Found Boost: /usr/lib/x86_64-linux-gnu/cmake/Boost-1.74.0/BoostConfig.cmake (found version "1.74.0") found components: chrono date_time filesystem iostreams program_options regex serialization system thread 
[2.332s] -- Found Boost: /usr/lib/x86_64-linux-gnu/cmake/Boost-1.74.0/BoostConfig.cmake (found version "1.74.0") found components: filesystem 
[2.481s] -- Found rmw_implementation_cmake: 6.1.1 (/opt/ros/humble/share/rmw_implementation_cmake/cmake)
[2.485s] -- Found rmw_fastrtps_cpp: 6.2.2 (/opt/ros/humble/share/rmw_fastrtps_cpp/cmake)
[2.605s] -- Found OpenSSL: /usr/lib/x86_64-linux-gnu/libcrypto.so (found version "3.0.2")  
[2.633s] -- Found FastRTPS: /opt/ros/humble/include  
[2.683s] -- Using RMW implementation 'rmw_fastrtps_cpp' as default
[2.693s] -- Found Threads: TRUE  
[2.911s] -- library: /usr/lib/x86_64-linux-gnu/libcurl.so
[3.099s] -- Found Eigen3: TRUE (found version "3.4.0") 
[3.099s] -- Ensuring Eigen3 include directory is part of orocos-kdl CMake target
[3.719s] -- Found Boost: /usr/lib/x86_64-linux-gnu/cmake/Boost-1.74.0/BoostConfig.cmake (found version "1.74.0") found components: system filesystem date_time program_options thread chrono 
[4.327s] -- Found Boost: /usr/lib/x86_64-linux-gnu/cmake/Boost-1.74.0/BoostConfig.cmake (found version "1.74.0") found components: thread system filesystem regex date_time program_options 
[4.610s] -- Found Boost: /usr/lib/x86_64-linux-gnu/cmake/Boost-1.74.0/BoostConfig.cmake (found version "1.74.0") found components: system filesystem date_time program_options thread 
[5.094s] -- Found ament_lint_auto: 0.12.4 (/opt/ros/humble/share/ament_lint_auto/cmake)
[5.178s] -- Added test 'cppcheck' to perform static code analysis on C / C++ code
[5.178s] -- Configured cppcheck include dirs: $<BUILD_INTERFACE:/home/suresoft/transform/src/move_coordinate/include>
[5.179s] -- Configured cppcheck exclude dirs and/or files: 
[5.179s] -- Added test 'lint_cmake' to check CMake code style
[5.180s] -- Added test 'uncrustify' to check C / C++ code style
[5.180s] -- Configured uncrustify additional arguments: 
[5.181s] -- Added test 'xmllint' to check XML markup files
[5.183s] -- Configuring done
[5.211s] -- Generating done
[5.213s] -- Build files have been written to: /home/suresoft/transform/build/move_coordinate
[5.227s] Invoked command in '/home/suresoft/transform/build/move_coordinate' returned '0': CMAKE_PREFIX_PATH=${CMAKE_PREFIX_PATH}:/opt/ros/humble /usr/bin/cmake /home/suresoft/transform/src/move_coordinate -DAMENT_CMAKE_SYMLINK_INSTALL=1 -DCMAKE_INSTALL_PREFIX=/home/suresoft/transform/install/move_coordinate
[5.230s] Invoking command in '/home/suresoft/transform/build/move_coordinate': CMAKE_PREFIX_PATH=${CMAKE_PREFIX_PATH}:/opt/ros/humble /usr/bin/cmake --build /home/suresoft/transform/build/move_coordinate -- -j4 -l4
[5.280s] [ 50%] [32mBuilding CXX object CMakeFiles/move_coordinate.dir/src/move_coordinate.cpp.o[0m
[10.210s] [01m[K/home/suresoft/transform/src/move_coordinate/src/move_coordinate.cpp:[m[K In function ‘[01m[Kint main(int, char**)[m[K’:
[10.210s] [01m[K/home/suresoft/transform/src/move_coordinate/src/move_coordinate.cpp:92:25:[m[K [01;35m[Kwarning: [m[Kcomparison of integer expressions of different signedness: ‘[01m[Kint[m[K’ and ‘[01m[Kstd::vector<double, std::allocator<double> >::size_type[m[K’ {aka ‘[01m[Klong unsigned int[m[K’} [[01;35m[K]8;;https://gcc.gnu.org/onlinedocs/gcc/Warning-Options.html#index-Wsign-compare-Wsign-compare]8;;[m[K]
[10.210s]    92 |       for (int i = 0; [01;35m[Ki < joint_group_positions.size()[m[K; i++)
[10.211s]       |                       [01;35m[K~~^~~~~~~~~~~~~~~~~~~~~~~~~~~~~~[m[K
[13.205s] [100%] [32m[1mLinking CXX executable move_coordinate[0m
[13.540s] [100%] Built target move_coordinate
[13.552s] Invoked command in '/home/suresoft/transform/build/move_coordinate' returned '0': CMAKE_PREFIX_PATH=${CMAKE_PREFIX_PATH}:/opt/ros/humble /usr/bin/cmake --build /home/suresoft/transform/build/move_coordinate -- -j4 -l4
[13.577s] Invoking command in '/home/suresoft/transform/build/move_coordinate': CMAKE_PREFIX_PATH=${CMAKE_PREFIX_PATH}:/opt/ros/humble /usr/bin/cmake --install /home/suresoft/transform/build/move_coordinate
[13.585s] -- Install configuration: ""
[13.586s] -- Execute custom install script
[13.586s] -- Symlinking: /home/suresoft/transform/install/move_coordinate/lib/move_coordinate/move_coordinate
[13.595s] -- Symlinking: /home/suresoft/transform/install/move_coordinate/share/ament_index/resource_index/package_run_dependencies/move_coordinate
[13.603s] -- Symlinking: /home/suresoft/transform/install/move_coordinate/share/ament_index/resource_index/parent_prefix_path/move_coordinate
[13.611s] -- Symlinking: /home/suresoft/transform/install/move_coordinate/share/move_coordinate/environment/ament_prefix_path.sh
[13.619s] -- Symlinking: /home/suresoft/transform/install/move_coordinate/share/move_coordinate/environment/ament_prefix_path.dsv
[13.627s] -- Symlinking: /home/suresoft/transform/install/move_coordinate/share/move_coordinate/environment/path.sh
[13.635s] -- Symlinking: /home/suresoft/transform/install/move_coordinate/share/move_coordinate/environment/path.dsv
[13.643s] -- Symlinking: /home/suresoft/transform/install/move_coordinate/share/move_coordinate/local_setup.bash
[13.651s] -- Symlinking: /home/suresoft/transform/install/move_coordinate/share/move_coordinate/local_setup.sh
[13.659s] -- Symlinking: /home/suresoft/transform/install/move_coordinate/share/move_coordinate/local_setup.zsh
[13.668s] -- Symlinking: /home/suresoft/transform/install/move_coordinate/share/move_coordinate/local_setup.dsv
[13.676s] -- Symlinking: /home/suresoft/transform/install/move_coordinate/share/move_coordinate/package.dsv
[13.684s] -- Symlinking: /home/suresoft/transform/install/move_coordinate/share/ament_index/resource_index/packages/move_coordinate
[13.692s] -- Symlinking: /home/suresoft/transform/install/move_coordinate/share/move_coordinate/cmake/move_coordinateConfig.cmake
[13.700s] -- Symlinking: /home/suresoft/transform/install/move_coordinate/share/move_coordinate/cmake/move_coordinateConfig-version.cmake
[13.709s] -- Symlinking: /home/suresoft/transform/install/move_coordinate/share/move_coordinate/package.xml
[13.718s] Invoked command in '/home/suresoft/transform/build/move_coordinate' returned '0': CMAKE_PREFIX_PATH=${CMAKE_PREFIX_PATH}:/opt/ros/humble /usr/bin/cmake --install /home/suresoft/transform/build/move_coordinate
