[0.492s] DEBUG:colcon:Command line arguments: ['/usr/bin/colcon', 'build', '--symlink-install']
[0.492s] DEBUG:colcon:Parsed command line arguments: Namespace(log_base=None, log_level=None, verb_name='build', build_base='build', install_base='install', merge_install=False, symlink_install=True, test_result_base=None, continue_on_error=False, executor='parallel', parallel_workers=4, event_handlers=None, ignore_user_meta=False, metas=['./colcon.meta'], base_paths=['.'], packages_ignore=None, packages_ignore_regex=None, paths=None, packages_up_to=None, packages_up_to_regex=None, packages_above=None, packages_above_and_dependencies=None, packages_above_depth=None, packages_select_by_dep=None, packages_skip_by_dep=None, packages_skip_up_to=None, packages_select_build_failed=False, packages_skip_build_finished=False, packages_select_test_failures=False, packages_skip_test_passed=False, packages_select=None, packages_skip=None, packages_select_regex=None, packages_skip_regex=None, packages_start=None, packages_end=None, allow_overriding=[], cmake_args=None, cmake_target=None, cmake_target_skip_unavailable=False, cmake_clean_cache=False, cmake_clean_first=False, cmake_force_configure=False, ament_cmake_args=None, catkin_cmake_args=None, catkin_skip_building_tests=False, mixin_files=None, mixin=None, verb_parser=<colcon_mixin.mixin.mixin_argument.MixinArgumentDecorator object at 0x7f28f8058c40>, verb_extension=<colcon_core.verb.build.BuildVerb object at 0x7f28f8a4b490>, main=<bound method BuildVerb.main of <colcon_core.verb.build.BuildVerb object at 0x7f28f8a4b490>>, mixin_verb=('build',))
[0.524s] Level 1:colcon.colcon_core.package_discovery:discover_packages(colcon_meta) check parameters
[0.524s] Level 1:colcon.colcon_core.package_discovery:discover_packages(recursive) check parameters
[0.525s] Level 1:colcon.colcon_core.package_discovery:discover_packages(ignore) check parameters
[0.525s] Level 1:colcon.colcon_core.package_discovery:discover_packages(path) check parameters
[0.525s] Level 1:colcon.colcon_core.package_discovery:discover_packages(colcon_meta) discover
[0.525s] Level 1:colcon.colcon_core.package_discovery:discover_packages(recursive) discover
[0.525s] INFO:colcon.colcon_core.package_discovery:Crawling recursively for packages in '/home/suresoft/transform'
[0.525s] Level 1:colcon.colcon_core.package_identification:_identify(.) by extensions ['ignore', 'ignore_ament_install']
[0.525s] Level 1:colcon.colcon_core.package_identification:_identify(.) by extension 'ignore'
[0.525s] Level 1:colcon.colcon_core.package_identification:_identify(.) by extension 'ignore_ament_install'
[0.525s] Level 1:colcon.colcon_core.package_identification:_identify(.) by extensions ['colcon_pkg']
[0.525s] Level 1:colcon.colcon_core.package_identification:_identify(.) by extension 'colcon_pkg'
[0.525s] Level 1:colcon.colcon_core.package_identification:_identify(.) by extensions ['colcon_meta']
[0.525s] Level 1:colcon.colcon_core.package_identification:_identify(.) by extension 'colcon_meta'
[0.525s] Level 1:colcon.colcon_core.package_identification:_identify(.) by extensions ['ros']
[0.526s] Level 1:colcon.colcon_core.package_identification:_identify(.) by extension 'ros'
[0.537s] Level 1:colcon.colcon_core.package_identification:_identify(.) by extensions ['cmake', 'python']
[0.537s] Level 1:colcon.colcon_core.package_identification:_identify(.) by extension 'cmake'
[0.537s] Level 1:colcon.colcon_core.package_identification:_identify(.) by extension 'python'
[0.537s] Level 1:colcon.colcon_core.package_identification:_identify(.) by extensions ['python_setup_py']
[0.537s] Level 1:colcon.colcon_core.package_identification:_identify(.) by extension 'python_setup_py'
[0.538s] Level 1:colcon.colcon_core.package_identification:_identify(build) by extensions ['ignore', 'ignore_ament_install']
[0.538s] Level 1:colcon.colcon_core.package_identification:_identify(build) by extension 'ignore'
[0.538s] Level 1:colcon.colcon_core.package_identification:_identify(build) ignored
[0.538s] Level 1:colcon.colcon_core.package_identification:_identify(install) by extensions ['ignore', 'ignore_ament_install']
[0.538s] Level 1:colcon.colcon_core.package_identification:_identify(install) by extension 'ignore'
[0.538s] Level 1:colcon.colcon_core.package_identification:_identify(install) ignored
[0.538s] Level 1:colcon.colcon_core.package_identification:_identify(log) by extensions ['ignore', 'ignore_ament_install']
[0.538s] Level 1:colcon.colcon_core.package_identification:_identify(log) by extension 'ignore'
[0.538s] Level 1:colcon.colcon_core.package_identification:_identify(log) ignored
[0.538s] Level 1:colcon.colcon_core.package_identification:_identify(src) by extensions ['ignore', 'ignore_ament_install']
[0.538s] Level 1:colcon.colcon_core.package_identification:_identify(src) by extension 'ignore'
[0.539s] Level 1:colcon.colcon_core.package_identification:_identify(src) by extension 'ignore_ament_install'
[0.539s] Level 1:colcon.colcon_core.package_identification:_identify(src) by extensions ['colcon_pkg']
[0.539s] Level 1:colcon.colcon_core.package_identification:_identify(src) by extension 'colcon_pkg'
[0.539s] Level 1:colcon.colcon_core.package_identification:_identify(src) by extensions ['colcon_meta']
[0.539s] Level 1:colcon.colcon_core.package_identification:_identify(src) by extension 'colcon_meta'
[0.539s] Level 1:colcon.colcon_core.package_identification:_identify(src) by extensions ['ros']
[0.539s] Level 1:colcon.colcon_core.package_identification:_identify(src) by extension 'ros'
[0.539s] Level 1:colcon.colcon_core.package_identification:_identify(src) by extensions ['cmake', 'python']
[0.539s] Level 1:colcon.colcon_core.package_identification:_identify(src) by extension 'cmake'
[0.539s] Level 1:colcon.colcon_core.package_identification:_identify(src) by extension 'python'
[0.539s] Level 1:colcon.colcon_core.package_identification:_identify(src) by extensions ['python_setup_py']
[0.539s] Level 1:colcon.colcon_core.package_identification:_identify(src) by extension 'python_setup_py'
[0.539s] Level 1:colcon.colcon_core.package_identification:_identify(src/hello_moveit) by extensions ['ignore', 'ignore_ament_install']
[0.539s] Level 1:colcon.colcon_core.package_identification:_identify(src/hello_moveit) by extension 'ignore'
[0.539s] Level 1:colcon.colcon_core.package_identification:_identify(src/hello_moveit) by extension 'ignore_ament_install'
[0.540s] Level 1:colcon.colcon_core.package_identification:_identify(src/hello_moveit) by extensions ['colcon_pkg']
[0.540s] Level 1:colcon.colcon_core.package_identification:_identify(src/hello_moveit) by extension 'colcon_pkg'
[0.540s] Level 1:colcon.colcon_core.package_identification:_identify(src/hello_moveit) by extensions ['colcon_meta']
[0.540s] Level 1:colcon.colcon_core.package_identification:_identify(src/hello_moveit) by extension 'colcon_meta'
[0.540s] Level 1:colcon.colcon_core.package_identification:_identify(src/hello_moveit) by extensions ['ros']
[0.540s] Level 1:colcon.colcon_core.package_identification:_identify(src/hello_moveit) by extension 'ros'
[0.543s] DEBUG:colcon.colcon_core.package_identification:Package 'src/hello_moveit' with type 'ros.ament_cmake' and name 'hello_moveit'
[0.543s] Level 1:colcon.colcon_core.package_identification:_identify(src/quick_start) by extensions ['ignore', 'ignore_ament_install']
[0.543s] Level 1:colcon.colcon_core.package_identification:_identify(src/quick_start) by extension 'ignore'
[0.544s] Level 1:colcon.colcon_core.package_identification:_identify(src/quick_start) by extension 'ignore_ament_install'
[0.544s] Level 1:colcon.colcon_core.package_identification:_identify(src/quick_start) by extensions ['colcon_pkg']
[0.544s] Level 1:colcon.colcon_core.package_identification:_identify(src/quick_start) by extension 'colcon_pkg'
[0.544s] Level 1:colcon.colcon_core.package_identification:_identify(src/quick_start) by extensions ['colcon_meta']
[0.544s] Level 1:colcon.colcon_core.package_identification:_identify(src/quick_start) by extension 'colcon_meta'
[0.544s] Level 1:colcon.colcon_core.package_identification:_identify(src/quick_start) by extensions ['ros']
[0.544s] Level 1:colcon.colcon_core.package_identification:_identify(src/quick_start) by extension 'ros'
[0.544s] DEBUG:colcon.colcon_core.package_identification:Package 'src/quick_start' with type 'ros.ament_cmake' and name 'quick_start'
[0.544s] Level 1:colcon.colcon_core.package_discovery:discover_packages(recursive) using defaults
[0.544s] Level 1:colcon.colcon_core.package_discovery:discover_packages(ignore) discover
[0.544s] Level 1:colcon.colcon_core.package_discovery:discover_packages(ignore) using defaults
[0.544s] Level 1:colcon.colcon_core.package_discovery:discover_packages(path) discover
[0.544s] Level 1:colcon.colcon_core.package_discovery:discover_packages(path) using defaults
[0.578s] Level 1:colcon.colcon_core.package_discovery:discover_packages(prefix_path) check parameters
[0.578s] Level 1:colcon.colcon_core.package_discovery:discover_packages(prefix_path) discover
[0.584s] DEBUG:colcon.colcon_installed_package_information.package_discovery:Found 375 installed packages in /opt/ros/humble
[0.586s] Level 1:colcon.colcon_core.package_discovery:discover_packages(prefix_path) using defaults
[0.664s] Level 5:colcon.colcon_core.verb:set package 'hello_moveit' build argument 'cmake_args' from command line to 'None'
[0.664s] Level 5:colcon.colcon_core.verb:set package 'hello_moveit' build argument 'cmake_target' from command line to 'None'
[0.664s] Level 5:colcon.colcon_core.verb:set package 'hello_moveit' build argument 'cmake_target_skip_unavailable' from command line to 'False'
[0.664s] Level 5:colcon.colcon_core.verb:set package 'hello_moveit' build argument 'cmake_clean_cache' from command line to 'False'
[0.664s] Level 5:colcon.colcon_core.verb:set package 'hello_moveit' build argument 'cmake_clean_first' from command line to 'False'
[0.664s] Level 5:colcon.colcon_core.verb:set package 'hello_moveit' build argument 'cmake_force_configure' from command line to 'False'
[0.664s] Level 5:colcon.colcon_core.verb:set package 'hello_moveit' build argument 'ament_cmake_args' from command line to 'None'
[0.664s] Level 5:colcon.colcon_core.verb:set package 'hello_moveit' build argument 'catkin_cmake_args' from command line to 'None'
[0.664s] Level 5:colcon.colcon_core.verb:set package 'hello_moveit' build argument 'catkin_skip_building_tests' from command line to 'False'
[0.664s] DEBUG:colcon.colcon_core.verb:Building package 'hello_moveit' with the following arguments: {'ament_cmake_args': None, 'build_base': '/home/suresoft/transform/build/hello_moveit', 'catkin_cmake_args': None, 'catkin_skip_building_tests': False, 'cmake_args': None, 'cmake_clean_cache': False, 'cmake_clean_first': False, 'cmake_force_configure': False, 'cmake_target': None, 'cmake_target_skip_unavailable': False, 'install_base': '/home/suresoft/transform/install/hello_moveit', 'merge_install': False, 'path': '/home/suresoft/transform/src/hello_moveit', 'symlink_install': True, 'test_result_base': None}
[0.666s] Level 5:colcon.colcon_core.verb:set package 'quick_start' build argument 'cmake_args' from command line to 'None'
[0.666s] Level 5:colcon.colcon_core.verb:set package 'quick_start' build argument 'cmake_target' from command line to 'None'
[0.666s] Level 5:colcon.colcon_core.verb:set package 'quick_start' build argument 'cmake_target_skip_unavailable' from command line to 'False'
[0.666s] Level 5:colcon.colcon_core.verb:set package 'quick_start' build argument 'cmake_clean_cache' from command line to 'False'
[0.666s] Level 5:colcon.colcon_core.verb:set package 'quick_start' build argument 'cmake_clean_first' from command line to 'False'
[0.666s] Level 5:colcon.colcon_core.verb:set package 'quick_start' build argument 'cmake_force_configure' from command line to 'False'
[0.666s] Level 5:colcon.colcon_core.verb:set package 'quick_start' build argument 'ament_cmake_args' from command line to 'None'
[0.666s] Level 5:colcon.colcon_core.verb:set package 'quick_start' build argument 'catkin_cmake_args' from command line to 'None'
[0.666s] Level 5:colcon.colcon_core.verb:set package 'quick_start' build argument 'catkin_skip_building_tests' from command line to 'False'
[0.666s] DEBUG:colcon.colcon_core.verb:Building package 'quick_start' with the following arguments: {'ament_cmake_args': None, 'build_base': '/home/suresoft/transform/build/quick_start', 'catkin_cmake_args': None, 'catkin_skip_building_tests': False, 'cmake_args': None, 'cmake_clean_cache': False, 'cmake_clean_first': False, 'cmake_force_configure': False, 'cmake_target': None, 'cmake_target_skip_unavailable': False, 'install_base': '/home/suresoft/transform/install/quick_start', 'merge_install': False, 'path': '/home/suresoft/transform/src/quick_start', 'symlink_install': True, 'test_result_base': None}
[0.667s] INFO:colcon.colcon_core.executor:Executing jobs using 'parallel' executor
[0.678s] DEBUG:colcon.colcon_parallel_executor.executor.parallel:run_until_complete
[0.678s] INFO:colcon.colcon_ros.task.ament_cmake.build:Building ROS package in '/home/suresoft/transform/src/hello_moveit' with build type 'ament_cmake'
[0.678s] INFO:colcon.colcon_cmake.task.cmake.build:Building CMake package in '/home/suresoft/transform/src/hello_moveit'
[0.687s] INFO:colcon.colcon_core.plugin_system:Skipping extension 'colcon_core.shell.bat': Not used on non-Windows systems
[0.687s] INFO:colcon.colcon_core.shell:Skip shell extension 'powershell' for command environment: Not usable outside of PowerShell
[0.687s] DEBUG:colcon.colcon_core.shell:Skip shell extension 'dsv' for command environment
[0.693s] INFO:colcon.colcon_ros.task.ament_cmake.build:Building ROS package in '/home/suresoft/transform/src/quick_start' with build type 'ament_cmake'
[0.693s] INFO:colcon.colcon_cmake.task.cmake.build:Building CMake package in '/home/suresoft/transform/src/quick_start'
[0.697s] INFO:colcon.colcon_core.shell:Skip shell extension 'powershell' for command environment: Not usable outside of PowerShell
[0.697s] DEBUG:colcon.colcon_core.shell:Skip shell extension 'dsv' for command environment
[0.707s] DEBUG:colcon.colcon_core.event_handler.log_command:Invoking command in '/home/suresoft/transform/build/hello_moveit': CMAKE_PREFIX_PATH=/opt/ros/humble /usr/bin/cmake --build /home/suresoft/transform/build/hello_moveit -- -j4 -l4
[0.716s] DEBUG:colcon.colcon_core.event_handler.log_command:Invoking command in '/home/suresoft/transform/build/quick_start': CMAKE_PREFIX_PATH=/opt/ros/humble /usr/bin/cmake --build /home/suresoft/transform/build/quick_start -- -j4 -l4
[0.792s] DEBUG:colcon.colcon_core.event_handler.log_command:Invoked command in '/home/suresoft/transform/build/hello_moveit' returned '0': CMAKE_PREFIX_PATH=/opt/ros/humble /usr/bin/cmake --build /home/suresoft/transform/build/hello_moveit -- -j4 -l4
[0.833s] DEBUG:colcon.colcon_core.event_handler.log_command:Invoking command in '/home/suresoft/transform/build/hello_moveit': CMAKE_PREFIX_PATH=/opt/ros/humble /usr/bin/cmake --install /home/suresoft/transform/build/hello_moveit
[0.858s] Level 1:colcon.colcon_core.environment:create_environment_scripts_only(hello_moveit)
[0.860s] DEBUG:colcon.colcon_core.event_handler.log_command:Invoked command in '/home/suresoft/transform/build/hello_moveit' returned '0': CMAKE_PREFIX_PATH=/opt/ros/humble /usr/bin/cmake --install /home/suresoft/transform/build/hello_moveit
[0.872s] Level 1:colcon.colcon_core.environment:checking '/home/suresoft/transform/install/hello_moveit' for CMake module files
[0.873s] Level 1:colcon.colcon_core.environment:checking '/home/suresoft/transform/install/hello_moveit' for CMake config files
[0.873s] Level 1:colcon.colcon_core.shell:create_environment_hook('hello_moveit', 'cmake_prefix_path')
[0.876s] INFO:colcon.colcon_core.shell:Creating environment hook '/home/suresoft/transform/install/hello_moveit/share/hello_moveit/hook/cmake_prefix_path.ps1'
[0.877s] INFO:colcon.colcon_core.shell:Creating environment descriptor '/home/suresoft/transform/install/hello_moveit/share/hello_moveit/hook/cmake_prefix_path.dsv'
[0.878s] INFO:colcon.colcon_core.shell:Creating environment hook '/home/suresoft/transform/install/hello_moveit/share/hello_moveit/hook/cmake_prefix_path.sh'
[0.879s] Level 1:colcon.colcon_core.environment:checking '/home/suresoft/transform/install/hello_moveit/lib'
[0.880s] Level 1:colcon.colcon_core.environment:checking '/home/suresoft/transform/install/hello_moveit/bin'
[0.880s] Level 1:colcon.colcon_core.environment:checking '/home/suresoft/transform/install/hello_moveit/lib/pkgconfig/hello_moveit.pc'
[0.880s] Level 1:colcon.colcon_core.environment:checking '/home/suresoft/transform/install/hello_moveit/lib/python3.10/site-packages'
[0.880s] Level 1:colcon.colcon_core.environment:checking '/home/suresoft/transform/install/hello_moveit/bin'
[0.885s] INFO:colcon.colcon_core.shell:Creating package script '/home/suresoft/transform/install/hello_moveit/share/hello_moveit/package.ps1'
[0.886s] INFO:colcon.colcon_core.shell:Creating package descriptor '/home/suresoft/transform/install/hello_moveit/share/hello_moveit/package.dsv'
[0.887s] INFO:colcon.colcon_core.shell:Creating package script '/home/suresoft/transform/install/hello_moveit/share/hello_moveit/package.sh'
[0.887s] INFO:colcon.colcon_core.shell:Creating package script '/home/suresoft/transform/install/hello_moveit/share/hello_moveit/package.bash'
[0.888s] INFO:colcon.colcon_core.shell:Creating package script '/home/suresoft/transform/install/hello_moveit/share/hello_moveit/package.zsh'
[0.889s] Level 1:colcon.colcon_core.environment:create_file_with_runtime_dependencies(/home/suresoft/transform/install/hello_moveit/share/colcon-core/packages/hello_moveit)
[0.925s] Level 1:colcon.colcon_core.environment:create_environment_scripts_only(hello_moveit)
[0.932s] Level 1:colcon.colcon_core.environment:checking '/home/suresoft/transform/install/hello_moveit' for CMake module files
[0.933s] Level 1:colcon.colcon_core.environment:checking '/home/suresoft/transform/install/hello_moveit' for CMake config files
[0.933s] Level 1:colcon.colcon_core.shell:create_environment_hook('hello_moveit', 'cmake_prefix_path')
[0.936s] INFO:colcon.colcon_core.shell:Creating environment hook '/home/suresoft/transform/install/hello_moveit/share/hello_moveit/hook/cmake_prefix_path.ps1'
[0.937s] INFO:colcon.colcon_core.shell:Creating environment descriptor '/home/suresoft/transform/install/hello_moveit/share/hello_moveit/hook/cmake_prefix_path.dsv'
[0.937s] INFO:colcon.colcon_core.shell:Creating environment hook '/home/suresoft/transform/install/hello_moveit/share/hello_moveit/hook/cmake_prefix_path.sh'
[0.938s] Level 1:colcon.colcon_core.environment:checking '/home/suresoft/transform/install/hello_moveit/lib'
[0.938s] Level 1:colcon.colcon_core.environment:checking '/home/suresoft/transform/install/hello_moveit/bin'
[0.938s] Level 1:colcon.colcon_core.environment:checking '/home/suresoft/transform/install/hello_moveit/lib/pkgconfig/hello_moveit.pc'
[0.938s] Level 1:colcon.colcon_core.environment:checking '/home/suresoft/transform/install/hello_moveit/lib/python3.10/site-packages'
[0.938s] Level 1:colcon.colcon_core.environment:checking '/home/suresoft/transform/install/hello_moveit/bin'
[0.941s] INFO:colcon.colcon_core.shell:Creating package script '/home/suresoft/transform/install/hello_moveit/share/hello_moveit/package.ps1'
[0.942s] INFO:colcon.colcon_core.shell:Creating package descriptor '/home/suresoft/transform/install/hello_moveit/share/hello_moveit/package.dsv'
[0.943s] INFO:colcon.colcon_core.shell:Creating package script '/home/suresoft/transform/install/hello_moveit/share/hello_moveit/package.sh'
[0.943s] INFO:colcon.colcon_core.shell:Creating package script '/home/suresoft/transform/install/hello_moveit/share/hello_moveit/package.bash'
[0.943s] INFO:colcon.colcon_core.shell:Creating package script '/home/suresoft/transform/install/hello_moveit/share/hello_moveit/package.zsh'
[0.944s] Level 1:colcon.colcon_core.environment:create_file_with_runtime_dependencies(/home/suresoft/transform/install/hello_moveit/share/colcon-core/packages/hello_moveit)
[3.982s] DEBUG:colcon.colcon_core.event_handler.log_command:Invoked command in '/home/suresoft/transform/build/quick_start' returned '2': CMAKE_PREFIX_PATH=/opt/ros/humble /usr/bin/cmake --build /home/suresoft/transform/build/quick_start -- -j4 -l4
[4.005s] Level 1:colcon.colcon_core.environment:create_environment_scripts_only(quick_start)
[4.012s] Level 1:colcon.colcon_core.environment:checking '/home/suresoft/transform/install/quick_start' for CMake module files
[4.012s] Level 1:colcon.colcon_core.environment:checking '/home/suresoft/transform/install/quick_start' for CMake config files
[4.012s] Level 1:colcon.colcon_core.environment:checking '/home/suresoft/transform/install/quick_start/bin'
[4.012s] Level 1:colcon.colcon_core.environment:checking '/home/suresoft/transform/install/quick_start/lib/pkgconfig/quick_start.pc'
[4.013s] Level 1:colcon.colcon_core.environment:checking '/home/suresoft/transform/install/quick_start/lib/python3.10/site-packages'
[4.013s] Level 1:colcon.colcon_core.environment:checking '/home/suresoft/transform/install/quick_start/bin'
[4.016s] INFO:colcon.colcon_core.shell:Creating package script '/home/suresoft/transform/install/quick_start/share/quick_start/package.ps1'
[4.016s] INFO:colcon.colcon_core.shell:Creating package descriptor '/home/suresoft/transform/install/quick_start/share/quick_start/package.dsv'
[4.017s] INFO:colcon.colcon_core.shell:Creating package script '/home/suresoft/transform/install/quick_start/share/quick_start/package.sh'
[4.017s] INFO:colcon.colcon_core.shell:Creating package script '/home/suresoft/transform/install/quick_start/share/quick_start/package.bash'
[4.017s] INFO:colcon.colcon_core.shell:Creating package script '/home/suresoft/transform/install/quick_start/share/quick_start/package.zsh'
[4.018s] Level 1:colcon.colcon_core.environment:create_file_with_runtime_dependencies(/home/suresoft/transform/install/quick_start/share/colcon-core/packages/quick_start)
[4.028s] DEBUG:colcon.colcon_parallel_executor.executor.parallel:closing loop
[4.028s] DEBUG:colcon.colcon_parallel_executor.executor.parallel:loop closed
[4.029s] DEBUG:colcon.colcon_parallel_executor.executor.parallel:run_until_complete finished with '2'
[4.029s] DEBUG:colcon.colcon_core.event_reactor:joining thread
[4.040s] INFO:colcon.colcon_core.plugin_system:Skipping extension 'colcon_notification.desktop_notification.terminal_notifier': Not used on non-Darwin systems
[4.040s] INFO:colcon.colcon_core.plugin_system:Skipping extension 'colcon_notification.desktop_notification.win32': Not used on non-Windows systems
[4.040s] INFO:colcon.colcon_notification.desktop_notification:Sending desktop notification using 'notify2'
[4.049s] DEBUG:colcon.colcon_core.event_reactor:joined thread
[4.054s] INFO:colcon.colcon_core.shell:Creating prefix script '/home/suresoft/transform/install/local_setup.ps1'
[4.055s] INFO:colcon.colcon_core.shell:Creating prefix util module '/home/suresoft/transform/install/_local_setup_util_ps1.py'
[4.058s] INFO:colcon.colcon_core.shell:Creating prefix chain script '/home/suresoft/transform/install/setup.ps1'
[4.060s] INFO:colcon.colcon_core.shell:Creating prefix script '/home/suresoft/transform/install/local_setup.sh'
[4.061s] INFO:colcon.colcon_core.shell:Creating prefix util module '/home/suresoft/transform/install/_local_setup_util_sh.py'
[4.061s] INFO:colcon.colcon_core.shell:Creating prefix chain script '/home/suresoft/transform/install/setup.sh'
[4.063s] INFO:colcon.colcon_core.shell:Creating prefix script '/home/suresoft/transform/install/local_setup.bash'
[4.064s] INFO:colcon.colcon_core.shell:Creating prefix chain script '/home/suresoft/transform/install/setup.bash'
[4.065s] INFO:colcon.colcon_core.shell:Creating prefix script '/home/suresoft/transform/install/local_setup.zsh'
[4.066s] INFO:colcon.colcon_core.shell:Creating prefix chain script '/home/suresoft/transform/install/setup.zsh'
