[0.036s] Invoking command in '/home/suresoft/transform/build/quick_start': CMAKE_PREFIX_PATH=${CMAKE_PREFIX_PATH}:/opt/ros/humble /usr/bin/cmake --build /home/suresoft/transform/build/quick_start -- -j4 -l4
[0.070s] -- Found moveit_common: 2.5.3 (/opt/ros/humble/share/moveit_common/cmake)
[0.070s] -- Found ament_cmake: 1.3.3 (/opt/ros/humble/share/ament_cmake/cmake)
[0.287s] -- Override CMake install command with custom implementation using symlinks instead of copying resources
[0.417s] -- Could NOT find libbfd (missing: LIBBFD_LIBRARY LIBBFD_INCLUDE_DIR) 
[0.417s] -- BACKWARD_HAS_UNWIND=1
[0.417s] -- BACKWARD_HAS_BACKTRACE=0
[0.418s] -- BACKWARD_HAS_BACKTRACE_SYMBOL=0
[0.418s] -- BACKWARD_HAS_DW=1
[0.418s] -- BACKWARD_HAS_BFD=0
[0.419s] -- Found Backward: /opt/ros/humble/share/backward_ros/cmake  
[0.443s] -- Found Boost: /usr/lib/x86_64-linux-gnu/cmake/Boost-1.74.0/BoostConfig.cmake (found version "1.74.0") found components: system filesystem date_time thread 
[0.446s] -- Found control_msgs: 4.1.0 (/opt/ros/humble/share/control_msgs/cmake)
[0.488s] -- Found rosidl_generator_c: 3.1.4 (/opt/ros/humble/share/rosidl_generator_c/cmake)
[0.497s] -- Found rosidl_adapter: 3.1.4 (/opt/ros/humble/share/rosidl_adapter/cmake)
[0.511s] -- Found rosidl_generator_cpp: 3.1.4 (/opt/ros/humble/share/rosidl_generator_cpp/cmake)
[0.551s] -- Using all available rosidl_typesupport_c: rosidl_typesupport_fastrtps_c;rosidl_typesupport_introspection_c
[0.602s] -- Using all available rosidl_typesupport_cpp: rosidl_typesupport_fastrtps_cpp;rosidl_typesupport_introspection_cpp
[1.962s] -- Found moveit_core: 2.5.3 (/opt/ros/humble/share/moveit_core/cmake)
[1.980s] -- Found Boost: /usr/lib/x86_64-linux-gnu/cmake/Boost-1.74.0/BoostConfig.cmake (found version "1.74.0") found components: chrono date_time filesystem iostreams program_options regex serialization system thread 
[2.001s] -- Found Boost: /usr/lib/x86_64-linux-gnu/cmake/Boost-1.74.0/BoostConfig.cmake (found version "1.74.0") found components: filesystem 
[2.146s] -- Found rmw_implementation_cmake: 6.1.1 (/opt/ros/humble/share/rmw_implementation_cmake/cmake)
[2.151s] -- Found rmw_fastrtps_cpp: 6.2.2 (/opt/ros/humble/share/rmw_fastrtps_cpp/cmake)
[2.403s] -- Using RMW implementation 'rmw_fastrtps_cpp' as default
[2.420s] -- Found Threads: TRUE  
[2.769s] -- library: /usr/lib/x86_64-linux-gnu/libcurl.so
[3.101s] -- Ensuring Eigen3 include directory is part of orocos-kdl CMake target
[4.799s] -- Found moveit_ros_planning: 2.5.3 (/opt/ros/humble/share/moveit_ros_planning/cmake)
[4.805s] -- Found Boost: /usr/lib/x86_64-linux-gnu/cmake/Boost-1.74.0/BoostConfig.cmake (found version "1.74.0") found components: system filesystem date_time program_options thread chrono 
[5.354s] -- Found moveit_ros_planning_interface: 2.5.3 (/opt/ros/humble/share/moveit_ros_planning_interface/cmake)
[5.362s] -- Found Boost: /usr/lib/x86_64-linux-gnu/cmake/Boost-1.74.0/BoostConfig.cmake (found version "1.74.0") found components: date_time filesystem program_options system thread 
[5.607s] -- Found Boost: /usr/lib/x86_64-linux-gnu/cmake/Boost-1.74.0/BoostConfig.cmake (found version "1.74.0") found components: thread system filesystem regex date_time program_options 
[6.004s] -- Found Boost: /usr/lib/x86_64-linux-gnu/cmake/Boost-1.74.0/BoostConfig.cmake (found version "1.74.0") found components: system filesystem date_time program_options thread 
[6.798s] -- Found moveit_ros_perception: 2.5.3 (/opt/ros/humble/share/moveit_ros_perception/cmake)
[6.802s] -- Found Boost: /usr/lib/x86_64-linux-gnu/cmake/Boost-1.74.0/BoostConfig.cmake (found version "1.74.0") found components: thread 
[7.259s] -- Found moveit_servo: 2.5.3 (/opt/ros/humble/share/moveit_servo/cmake)
[8.017s] -- Found interactive_markers: 2.3.2 (/opt/ros/humble/share/interactive_markers/cmake)
[8.034s] -- Found rviz_visual_tools: 4.1.3 (/opt/ros/humble/share/rviz_visual_tools/cmake)
[8.185s] -- Setting OGRE_DIR to: '/opt/ros/humble/share/rviz_ogre_vendor/cmake/../../../opt/rviz_ogre_vendor/lib/OGRE/cmake'
[8.187s] -- Found OGRE
[8.187s] --   static     : OFF
[8.187s] --   components : HLMS;MeshLodGenerator;Overlay;Paging;Property;RTShaderSystem;Terrain;Volume
[8.187s] --   plugins    : Plugin_BSPSceneManager;Plugin_OctreeSceneManager;Plugin_PCZSceneManager;Plugin_ParticleFX;RenderSystem_GL;RenderSystem_GL3Plus;Codec_STBI
[8.187s] --   media      : /opt/ros/humble/opt/rviz_ogre_vendor/share/OGRE/Media
[8.188s] -- OGRE_LIBRARIES: OgreHLMS;OgreMeshLodGenerator;OgreOverlay;OgrePaging;OgreProperty;OgreRTShaderSystem;OgreTerrain;OgreVolume;OgreMain
[8.188s] -- OGRE_LIBRARY_DIRS: /opt/ros/humble/opt/rviz_ogre_vendor/lib
[8.188s] -- OGRE_PLUGINS: Plugin_BSPSceneManager;Plugin_OctreeSceneManager;Plugin_PCZSceneManager;Plugin_ParticleFX;RenderSystem_GL;RenderSystem_GL3Plus;Codec_STBI
[8.188s] -- OGRE_PLUGIN_DIR: /opt/ros/humble/opt/rviz_ogre_vendor/lib/OGRE
[8.188s] -- rviz_ogre_vendor::OgreOverlay for IMPORTED_LOCATION_RELEASE: /opt/ros/humble/opt/rviz_ogre_vendor/lib/libOgreOverlay.so
[8.188s] -- rviz_ogre_vendor::OgreOverlay for IMPORTED_LOCATION_DEBUG: /opt/ros/humble/opt/rviz_ogre_vendor/lib/libOgreOverlay.so
[8.188s] -- rviz_ogre_vendor::OgreMain for IMPORTED_LOCATION_RELEASE: /opt/ros/humble/opt/rviz_ogre_vendor/lib/libOgreMain.so
[8.188s] -- rviz_ogre_vendor::OgreMain for IMPORTED_LOCATION_DEBUG: /opt/ros/humble/opt/rviz_ogre_vendor/lib/libOgreMain.so
[8.243s] -- rviz_ogre_vendor::RenderSystem_GL for IMPORTED_LOCATION_RELEASE: _render_system_gl_static_library_abs-NOTFOUND
[8.243s] -- rviz_ogre_vendor::RenderSystem_GL for IMPORTED_LOCATION_DEBUG: _render_system_gl_static_library_abs-NOTFOUND
[9.105s] -- Found moveit_visual_tools: 4.1.0 (/opt/ros/humble/share/moveit_visual_tools/cmake)
[9.822s] -- Configuring done
[9.834s] -- Generating done
[9.838s] -- Build files have been written to: /home/suresoft/transform/build/quick_start
[9.887s] Invoked command in '/home/suresoft/transform/build/quick_start' returned '0': CMAKE_PREFIX_PATH=${CMAKE_PREFIX_PATH}:/opt/ros/humble /usr/bin/cmake --build /home/suresoft/transform/build/quick_start -- -j4 -l4
[9.934s] Invoking command in '/home/suresoft/transform/build/quick_start': CMAKE_PREFIX_PATH=${CMAKE_PREFIX_PATH}:/opt/ros/humble /usr/bin/cmake --install /home/suresoft/transform/build/quick_start
[9.955s] -- Install configuration: "Release"
[9.956s] -- Execute custom install script
[9.959s] -- Up-to-date symlink: /home/suresoft/transform/install/quick_start/share/quick_start/launch/demo.launch.py
[9.959s] -- Up-to-date symlink: /home/suresoft/transform/install/quick_start/share/quick_start/launch/panda_hello_moveit.rviz
[9.959s] -- Up-to-date symlink: /home/suresoft/transform/install/quick_start/share/quick_start/launch/panda_moveit_config_demo.rviz
[9.960s] -- Up-to-date symlink: /home/suresoft/transform/install/quick_start/share/quick_start/launch/panda_moveit_config_demo_empty.rviz
[9.960s] -- Up-to-date symlink: /home/suresoft/transform/install/quick_start/share/ament_index/resource_index/package_run_dependencies/quick_start
[9.960s] -- Up-to-date symlink: /home/suresoft/transform/install/quick_start/share/ament_index/resource_index/parent_prefix_path/quick_start
[9.960s] -- Up-to-date symlink: /home/suresoft/transform/install/quick_start/share/quick_start/environment/ament_prefix_path.sh
[9.960s] -- Up-to-date symlink: /home/suresoft/transform/install/quick_start/share/quick_start/environment/ament_prefix_path.dsv
[9.960s] -- Up-to-date symlink: /home/suresoft/transform/install/quick_start/share/quick_start/environment/path.sh
[9.961s] -- Up-to-date symlink: /home/suresoft/transform/install/quick_start/share/quick_start/environment/path.dsv
[9.961s] -- Up-to-date symlink: /home/suresoft/transform/install/quick_start/share/quick_start/local_setup.bash
[9.961s] -- Up-to-date symlink: /home/suresoft/transform/install/quick_start/share/quick_start/local_setup.sh
[9.961s] -- Up-to-date symlink: /home/suresoft/transform/install/quick_start/share/quick_start/local_setup.zsh
[9.962s] -- Up-to-date symlink: /home/suresoft/transform/install/quick_start/share/quick_start/local_setup.dsv
[9.962s] -- Symlinking: /home/suresoft/transform/install/quick_start/share/quick_start/package.dsv
[9.983s] -- Up-to-date symlink: /home/suresoft/transform/install/quick_start/share/ament_index/resource_index/packages/quick_start
[9.984s] -- Up-to-date symlink: /home/suresoft/transform/install/quick_start/share/quick_start/cmake/ament_cmake_export_dependencies-extras.cmake
[9.985s] -- Up-to-date symlink: /home/suresoft/transform/install/quick_start/share/quick_start/cmake/ament_cmake_export_include_directories-extras.cmake
[9.986s] -- Up-to-date symlink: /home/suresoft/transform/install/quick_start/share/quick_start/cmake/quick_startConfig.cmake
[9.987s] -- Up-to-date symlink: /home/suresoft/transform/install/quick_start/share/quick_start/cmake/quick_startConfig-version.cmake
[9.988s] -- Up-to-date symlink: /home/suresoft/transform/install/quick_start/share/quick_start/package.xml
[9.991s] Invoked command in '/home/suresoft/transform/build/quick_start' returned '0': CMAKE_PREFIX_PATH=${CMAKE_PREFIX_PATH}:/opt/ros/humble /usr/bin/cmake --install /home/suresoft/transform/build/quick_start
