[0.031s] Invoking command in '/home/suresoft/transform/build/move_coordinate': CMAKE_PREFIX_PATH=${CMAKE_PREFIX_PATH}:/opt/ros/humble /usr/bin/cmake --build /home/suresoft/transform/build/move_coordinate -- -j4 -l4
[0.081s] [35m[1mConsolidate compiler generated dependencies of target move_coordinate[0m
[0.119s] [ 50%] [32mBuilding CXX object CMakeFiles/move_coordinate.dir/src/move_coordinate.cpp.o[0m
[8.411s] [100%] [32m[1mLinking CXX executable move_coordinate[0m
[8.704s] [100%] Built target move_coordinate
[8.716s] Invoked command in '/home/suresoft/transform/build/move_coordinate' returned '0': CMAKE_PREFIX_PATH=${CMAKE_PREFIX_PATH}:/opt/ros/humble /usr/bin/cmake --build /home/suresoft/transform/build/move_coordinate -- -j4 -l4
[8.740s] Invoking command in '/home/suresoft/transform/build/move_coordinate': CMAKE_PREFIX_PATH=${CMAKE_PREFIX_PATH}:/opt/ros/humble /usr/bin/cmake --install /home/suresoft/transform/build/move_coordinate
[8.750s] -- Install configuration: "Release"
[8.750s] -- Installing: /home/suresoft/transform/install/move_coordinate/lib/move_coordinate/move_coordinate
[8.751s] -- Set runtime path of "/home/suresoft/transform/install/move_coordinate/lib/move_coordinate/move_coordinate" to ""
[8.751s] -- Up-to-date: /home/suresoft/transform/install/move_coordinate/share/ament_index/resource_index/package_run_dependencies/move_coordinate
[8.751s] -- Up-to-date: /home/suresoft/transform/install/move_coordinate/share/ament_index/resource_index/parent_prefix_path/move_coordinate
[8.751s] -- Up-to-date: /home/suresoft/transform/install/move_coordinate/share/move_coordinate/environment/ament_prefix_path.sh
[8.752s] -- Up-to-date: /home/suresoft/transform/install/move_coordinate/share/move_coordinate/environment/ament_prefix_path.dsv
[8.752s] -- Up-to-date: /home/suresoft/transform/install/move_coordinate/share/move_coordinate/environment/path.sh
[8.752s] -- Up-to-date: /home/suresoft/transform/install/move_coordinate/share/move_coordinate/environment/path.dsv
[8.752s] -- Up-to-date: /home/suresoft/transform/install/move_coordinate/share/move_coordinate/local_setup.bash
[8.752s] -- Up-to-date: /home/suresoft/transform/install/move_coordinate/share/move_coordinate/local_setup.sh
[8.752s] -- Up-to-date: /home/suresoft/transform/install/move_coordinate/share/move_coordinate/local_setup.zsh
[8.752s] -- Up-to-date: /home/suresoft/transform/install/move_coordinate/share/move_coordinate/local_setup.dsv
[8.752s] -- Installing: /home/suresoft/transform/install/move_coordinate/share/move_coordinate/package.dsv
[8.753s] -- Up-to-date: /home/suresoft/transform/install/move_coordinate/share/ament_index/resource_index/packages/move_coordinate
[8.753s] -- Up-to-date: /home/suresoft/transform/install/move_coordinate/share/move_coordinate/cmake/move_coordinateConfig.cmake
[8.753s] -- Up-to-date: /home/suresoft/transform/install/move_coordinate/share/move_coordinate/cmake/move_coordinateConfig-version.cmake
[8.753s] -- Up-to-date: /home/suresoft/transform/install/move_coordinate/share/move_coordinate/package.xml
[8.756s] Invoked command in '/home/suresoft/transform/build/move_coordinate' returned '0': CMAKE_PREFIX_PATH=${CMAKE_PREFIX_PATH}:/opt/ros/humble /usr/bin/cmake --install /home/suresoft/transform/build/move_coordinate
