[0.556s] DEBUG:colcon:Command line arguments: ['/usr/bin/colcon', 'build', '--event-handlers', 'desktop_notification-', 'status-', '--cmake-args', '-DCMAKE_BUILD_TYPE=Release']
[0.556s] DEBUG:colcon:Parsed command line arguments: Namespace(log_base=None, log_level=None, verb_name='build', build_base='build', install_base='install', merge_install=False, symlink_install=False, test_result_base=None, continue_on_error=False, executor='parallel', parallel_workers=4, event_handlers=['desktop_notification-', 'status-'], ignore_user_meta=False, metas=['./colcon.meta'], base_paths=['.'], packages_ignore=None, packages_ignore_regex=None, paths=None, packages_up_to=None, packages_up_to_regex=None, packages_above=None, packages_above_and_dependencies=None, packages_above_depth=None, packages_select_by_dep=None, packages_skip_by_dep=None, packages_skip_up_to=None, packages_select_build_failed=False, packages_skip_build_finished=False, packages_select_test_failures=False, packages_skip_test_passed=False, packages_select=None, packages_skip=None, packages_select_regex=None, packages_skip_regex=None, packages_start=None, packages_end=None, allow_overriding=[], cmake_args=['-DCMAKE_BUILD_TYPE=Release'], cmake_target=None, cmake_target_skip_unavailable=False, cmake_clean_cache=False, cmake_clean_first=False, cmake_force_configure=False, ament_cmake_args=None, catkin_cmake_args=None, catkin_skip_building_tests=False, mixin_files=None, mixin=None, verb_parser=<colcon_mixin.mixin.mixin_argument.MixinArgumentDecorator object at 0x7fa752296950>, verb_extension=<colcon_core.verb.build.BuildVerb object at 0x7fa752c674f0>, main=<bound method BuildVerb.main of <colcon_core.verb.build.BuildVerb object at 0x7fa752c674f0>>, mixin_verb=('build',))
[0.595s] Level 1:colcon.colcon_core.package_discovery:discover_packages(colcon_meta) check parameters
[0.595s] Level 1:colcon.colcon_core.package_discovery:discover_packages(recursive) check parameters
[0.595s] Level 1:colcon.colcon_core.package_discovery:discover_packages(ignore) check parameters
[0.595s] Level 1:colcon.colcon_core.package_discovery:discover_packages(path) check parameters
[0.595s] Level 1:colcon.colcon_core.package_discovery:discover_packages(colcon_meta) discover
[0.595s] Level 1:colcon.colcon_core.package_discovery:discover_packages(recursive) discover
[0.595s] INFO:colcon.colcon_core.package_discovery:Crawling recursively for packages in '/home/suresoft/transform'
[0.595s] Level 1:colcon.colcon_core.package_identification:_identify(.) by extensions ['ignore', 'ignore_ament_install']
[0.595s] Level 1:colcon.colcon_core.package_identification:_identify(.) by extension 'ignore'
[0.596s] Level 1:colcon.colcon_core.package_identification:_identify(.) by extension 'ignore_ament_install'
[0.596s] Level 1:colcon.colcon_core.package_identification:_identify(.) by extensions ['colcon_pkg']
[0.596s] Level 1:colcon.colcon_core.package_identification:_identify(.) by extension 'colcon_pkg'
[0.596s] Level 1:colcon.colcon_core.package_identification:_identify(.) by extensions ['colcon_meta']
[0.596s] Level 1:colcon.colcon_core.package_identification:_identify(.) by extension 'colcon_meta'
[0.596s] Level 1:colcon.colcon_core.package_identification:_identify(.) by extensions ['ros']
[0.596s] Level 1:colcon.colcon_core.package_identification:_identify(.) by extension 'ros'
[0.612s] Level 1:colcon.colcon_core.package_identification:_identify(.) by extensions ['cmake', 'python']
[0.612s] Level 1:colcon.colcon_core.package_identification:_identify(.) by extension 'cmake'
[0.612s] Level 1:colcon.colcon_core.package_identification:_identify(.) by extension 'python'
[0.612s] Level 1:colcon.colcon_core.package_identification:_identify(.) by extensions ['python_setup_py']
[0.612s] Level 1:colcon.colcon_core.package_identification:_identify(.) by extension 'python_setup_py'
[0.612s] Level 1:colcon.colcon_core.package_identification:_identify(build) by extensions ['ignore', 'ignore_ament_install']
[0.612s] Level 1:colcon.colcon_core.package_identification:_identify(build) by extension 'ignore'
[0.612s] Level 1:colcon.colcon_core.package_identification:_identify(build) ignored
[0.613s] Level 1:colcon.colcon_core.package_identification:_identify(install) by extensions ['ignore', 'ignore_ament_install']
[0.613s] Level 1:colcon.colcon_core.package_identification:_identify(install) by extension 'ignore'
[0.613s] Level 1:colcon.colcon_core.package_identification:_identify(install) ignored
[0.613s] Level 1:colcon.colcon_core.package_identification:_identify(log) by extensions ['ignore', 'ignore_ament_install']
[0.613s] Level 1:colcon.colcon_core.package_identification:_identify(log) by extension 'ignore'
[0.613s] Level 1:colcon.colcon_core.package_identification:_identify(log) ignored
[0.613s] Level 1:colcon.colcon_core.package_identification:_identify(src) by extensions ['ignore', 'ignore_ament_install']
[0.613s] Level 1:colcon.colcon_core.package_identification:_identify(src) by extension 'ignore'
[0.613s] Level 1:colcon.colcon_core.package_identification:_identify(src) by extension 'ignore_ament_install'
[0.614s] Level 1:colcon.colcon_core.package_identification:_identify(src) by extensions ['colcon_pkg']
[0.614s] Level 1:colcon.colcon_core.package_identification:_identify(src) by extension 'colcon_pkg'
[0.614s] Level 1:colcon.colcon_core.package_identification:_identify(src) by extensions ['colcon_meta']
[0.614s] Level 1:colcon.colcon_core.package_identification:_identify(src) by extension 'colcon_meta'
[0.614s] Level 1:colcon.colcon_core.package_identification:_identify(src) by extensions ['ros']
[0.614s] Level 1:colcon.colcon_core.package_identification:_identify(src) by extension 'ros'
[0.614s] Level 1:colcon.colcon_core.package_identification:_identify(src) by extensions ['cmake', 'python']
[0.614s] Level 1:colcon.colcon_core.package_identification:_identify(src) by extension 'cmake'
[0.614s] Level 1:colcon.colcon_core.package_identification:_identify(src) by extension 'python'
[0.614s] Level 1:colcon.colcon_core.package_identification:_identify(src) by extensions ['python_setup_py']
[0.614s] Level 1:colcon.colcon_core.package_identification:_identify(src) by extension 'python_setup_py'
[0.615s] Level 1:colcon.colcon_core.package_identification:_identify(src/move_coordinate) by extensions ['ignore', 'ignore_ament_install']
[0.615s] Level 1:colcon.colcon_core.package_identification:_identify(src/move_coordinate) by extension 'ignore'
[0.615s] Level 1:colcon.colcon_core.package_identification:_identify(src/move_coordinate) by extension 'ignore_ament_install'
[0.615s] Level 1:colcon.colcon_core.package_identification:_identify(src/move_coordinate) by extensions ['colcon_pkg']
[0.615s] Level 1:colcon.colcon_core.package_identification:_identify(src/move_coordinate) by extension 'colcon_pkg'
[0.615s] Level 1:colcon.colcon_core.package_identification:_identify(src/move_coordinate) by extensions ['colcon_meta']
[0.615s] Level 1:colcon.colcon_core.package_identification:_identify(src/move_coordinate) by extension 'colcon_meta'
[0.615s] Level 1:colcon.colcon_core.package_identification:_identify(src/move_coordinate) by extensions ['ros']
[0.615s] Level 1:colcon.colcon_core.package_identification:_identify(src/move_coordinate) by extension 'ros'
[0.620s] DEBUG:colcon.colcon_core.package_identification:Package 'src/move_coordinate' with type 'ros.ament_cmake' and name 'move_coordinate'
[0.621s] Level 1:colcon.colcon_core.package_identification:_identify(src/quick_start) by extensions ['ignore', 'ignore_ament_install']
[0.621s] Level 1:colcon.colcon_core.package_identification:_identify(src/quick_start) by extension 'ignore'
[0.621s] Level 1:colcon.colcon_core.package_identification:_identify(src/quick_start) by extension 'ignore_ament_install'
[0.621s] Level 1:colcon.colcon_core.package_identification:_identify(src/quick_start) by extensions ['colcon_pkg']
[0.621s] Level 1:colcon.colcon_core.package_identification:_identify(src/quick_start) by extension 'colcon_pkg'
[0.621s] Level 1:colcon.colcon_core.package_identification:_identify(src/quick_start) by extensions ['colcon_meta']
[0.621s] Level 1:colcon.colcon_core.package_identification:_identify(src/quick_start) by extension 'colcon_meta'
[0.621s] Level 1:colcon.colcon_core.package_identification:_identify(src/quick_start) by extensions ['ros']
[0.621s] Level 1:colcon.colcon_core.package_identification:_identify(src/quick_start) by extension 'ros'
[0.626s] DEBUG:colcon.colcon_core.package_identification:Package 'src/quick_start' with type 'ros.ament_cmake' and name 'quick_start'
[0.626s] Level 1:colcon.colcon_core.package_discovery:discover_packages(recursive) using defaults
[0.627s] Level 1:colcon.colcon_core.package_discovery:discover_packages(ignore) discover
[0.627s] Level 1:colcon.colcon_core.package_discovery:discover_packages(ignore) using defaults
[0.627s] Level 1:colcon.colcon_core.package_discovery:discover_packages(path) discover
[0.627s] Level 1:colcon.colcon_core.package_discovery:discover_packages(path) using defaults
[0.666s] Level 1:colcon.colcon_core.package_discovery:discover_packages(prefix_path) check parameters
[0.666s] Level 1:colcon.colcon_core.package_discovery:discover_packages(prefix_path) discover
[0.674s] DEBUG:colcon.colcon_installed_package_information.package_discovery:Found 3 installed packages in /home/suresoft/transform/install
[0.680s] DEBUG:colcon.colcon_installed_package_information.package_discovery:Found 375 installed packages in /opt/ros/humble
[0.682s] Level 1:colcon.colcon_core.package_discovery:discover_packages(prefix_path) using defaults
[0.770s] Level 5:colcon.colcon_core.verb:set package 'move_coordinate' build argument 'cmake_args' from command line to '['-DCMAKE_BUILD_TYPE=Release']'
[0.770s] Level 5:colcon.colcon_core.verb:set package 'move_coordinate' build argument 'cmake_target' from command line to 'None'
[0.770s] Level 5:colcon.colcon_core.verb:set package 'move_coordinate' build argument 'cmake_target_skip_unavailable' from command line to 'False'
[0.770s] Level 5:colcon.colcon_core.verb:set package 'move_coordinate' build argument 'cmake_clean_cache' from command line to 'False'
[0.771s] Level 5:colcon.colcon_core.verb:set package 'move_coordinate' build argument 'cmake_clean_first' from command line to 'False'
[0.771s] Level 5:colcon.colcon_core.verb:set package 'move_coordinate' build argument 'cmake_force_configure' from command line to 'False'
[0.771s] Level 5:colcon.colcon_core.verb:set package 'move_coordinate' build argument 'ament_cmake_args' from command line to 'None'
[0.771s] Level 5:colcon.colcon_core.verb:set package 'move_coordinate' build argument 'catkin_cmake_args' from command line to 'None'
[0.771s] Level 5:colcon.colcon_core.verb:set package 'move_coordinate' build argument 'catkin_skip_building_tests' from command line to 'False'
[0.771s] DEBUG:colcon.colcon_core.verb:Building package 'move_coordinate' with the following arguments: {'ament_cmake_args': None, 'build_base': '/home/suresoft/transform/build/move_coordinate', 'catkin_cmake_args': None, 'catkin_skip_building_tests': False, 'cmake_args': ['-DCMAKE_BUILD_TYPE=Release'], 'cmake_clean_cache': False, 'cmake_clean_first': False, 'cmake_force_configure': False, 'cmake_target': None, 'cmake_target_skip_unavailable': False, 'install_base': '/home/suresoft/transform/install/move_coordinate', 'merge_install': False, 'path': '/home/suresoft/transform/src/move_coordinate', 'symlink_install': False, 'test_result_base': None}
[0.775s] Level 5:colcon.colcon_core.verb:set package 'quick_start' build argument 'cmake_args' from command line to '['-DCMAKE_BUILD_TYPE=Release']'
[0.775s] Level 5:colcon.colcon_core.verb:set package 'quick_start' build argument 'cmake_target' from command line to 'None'
[0.775s] Level 5:colcon.colcon_core.verb:set package 'quick_start' build argument 'cmake_target_skip_unavailable' from command line to 'False'
[0.775s] Level 5:colcon.colcon_core.verb:set package 'quick_start' build argument 'cmake_clean_cache' from command line to 'False'
[0.775s] Level 5:colcon.colcon_core.verb:set package 'quick_start' build argument 'cmake_clean_first' from command line to 'False'
[0.775s] Level 5:colcon.colcon_core.verb:set package 'quick_start' build argument 'cmake_force_configure' from command line to 'False'
[0.775s] Level 5:colcon.colcon_core.verb:set package 'quick_start' build argument 'ament_cmake_args' from command line to 'None'
[0.775s] Level 5:colcon.colcon_core.verb:set package 'quick_start' build argument 'catkin_cmake_args' from command line to 'None'
[0.775s] Level 5:colcon.colcon_core.verb:set package 'quick_start' build argument 'catkin_skip_building_tests' from command line to 'False'
[0.775s] DEBUG:colcon.colcon_core.verb:Building package 'quick_start' with the following arguments: {'ament_cmake_args': None, 'build_base': '/home/suresoft/transform/build/quick_start', 'catkin_cmake_args': None, 'catkin_skip_building_tests': False, 'cmake_args': ['-DCMAKE_BUILD_TYPE=Release'], 'cmake_clean_cache': False, 'cmake_clean_first': False, 'cmake_force_configure': False, 'cmake_target': None, 'cmake_target_skip_unavailable': False, 'install_base': '/home/suresoft/transform/install/quick_start', 'merge_install': False, 'path': '/home/suresoft/transform/src/quick_start', 'symlink_install': False, 'test_result_base': None}
[0.778s] INFO:colcon.colcon_core.executor:Executing jobs using 'parallel' executor
[0.789s] DEBUG:colcon.colcon_parallel_executor.executor.parallel:run_until_complete
[0.790s] INFO:colcon.colcon_ros.task.ament_cmake.build:Building ROS package in '/home/suresoft/transform/src/move_coordinate' with build type 'ament_cmake'
[0.790s] INFO:colcon.colcon_cmake.task.cmake.build:Building CMake package in '/home/suresoft/transform/src/move_coordinate'
[0.801s] INFO:colcon.colcon_core.plugin_system:Skipping extension 'colcon_core.shell.bat': Not used on non-Windows systems
[0.802s] INFO:colcon.colcon_core.shell:Skip shell extension 'powershell' for command environment: Not usable outside of PowerShell
[0.802s] DEBUG:colcon.colcon_core.shell:Skip shell extension 'dsv' for command environment
[0.810s] INFO:colcon.colcon_ros.task.ament_cmake.build:Building ROS package in '/home/suresoft/transform/src/quick_start' with build type 'ament_cmake'
[0.810s] INFO:colcon.colcon_cmake.task.cmake.build:Building CMake package in '/home/suresoft/transform/src/quick_start'
[0.814s] INFO:colcon.colcon_core.shell:Skip shell extension 'powershell' for command environment: Not usable outside of PowerShell
[0.815s] DEBUG:colcon.colcon_core.shell:Skip shell extension 'dsv' for command environment
[0.833s] DEBUG:colcon.colcon_core.event_handler.log_command:Invoking command in '/home/suresoft/transform/build/move_coordinate': CMAKE_PREFIX_PATH=${CMAKE_PREFIX_PATH}:/opt/ros/humble /usr/bin/cmake --build /home/suresoft/transform/build/move_coordinate -- -j4 -l4
[0.839s] DEBUG:colcon.colcon_core.event_handler.log_command:Invoking command in '/home/suresoft/transform/build/quick_start': CMAKE_PREFIX_PATH=${CMAKE_PREFIX_PATH}:/opt/ros/humble /usr/bin/cmake --build /home/suresoft/transform/build/quick_start -- -j4 -l4
[0.908s] DEBUG:colcon.colcon_core.event_handler.log_command:Invoked command in '/home/suresoft/transform/build/quick_start' returned '0': CMAKE_PREFIX_PATH=${CMAKE_PREFIX_PATH}:/opt/ros/humble /usr/bin/cmake --build /home/suresoft/transform/build/quick_start -- -j4 -l4
[0.944s] DEBUG:colcon.colcon_core.event_handler.log_command:Invoking command in '/home/suresoft/transform/build/quick_start': CMAKE_PREFIX_PATH=${CMAKE_PREFIX_PATH}:/opt/ros/humble /usr/bin/cmake --install /home/suresoft/transform/build/quick_start
[0.974s] Level 1:colcon.colcon_core.environment:create_environment_scripts_only(quick_start)
[0.977s] DEBUG:colcon.colcon_core.event_handler.log_command:Invoked command in '/home/suresoft/transform/build/quick_start' returned '0': CMAKE_PREFIX_PATH=${CMAKE_PREFIX_PATH}:/opt/ros/humble /usr/bin/cmake --install /home/suresoft/transform/build/quick_start
[0.996s] Level 1:colcon.colcon_core.environment:checking '/home/suresoft/transform/install/quick_start' for CMake module files
[0.997s] Level 1:colcon.colcon_core.environment:checking '/home/suresoft/transform/install/quick_start' for CMake config files
[0.998s] Level 1:colcon.colcon_core.shell:create_environment_hook('quick_start', 'cmake_prefix_path')
[1.005s] INFO:colcon.colcon_core.shell:Creating environment hook '/home/suresoft/transform/install/quick_start/share/quick_start/hook/cmake_prefix_path.ps1'
[1.006s] INFO:colcon.colcon_core.shell:Creating environment descriptor '/home/suresoft/transform/install/quick_start/share/quick_start/hook/cmake_prefix_path.dsv'
[1.008s] INFO:colcon.colcon_core.shell:Creating environment hook '/home/suresoft/transform/install/quick_start/share/quick_start/hook/cmake_prefix_path.sh'
[1.010s] Level 1:colcon.colcon_core.environment:checking '/home/suresoft/transform/install/quick_start/bin'
[1.011s] Level 1:colcon.colcon_core.environment:checking '/home/suresoft/transform/install/quick_start/lib/pkgconfig/quick_start.pc'
[1.011s] Level 1:colcon.colcon_core.environment:checking '/home/suresoft/transform/install/quick_start/lib/python3.10/site-packages'
[1.011s] Level 1:colcon.colcon_core.environment:checking '/home/suresoft/transform/install/quick_start/bin'
[1.017s] INFO:colcon.colcon_core.shell:Creating package script '/home/suresoft/transform/install/quick_start/share/quick_start/package.ps1'
[1.019s] INFO:colcon.colcon_core.shell:Creating package descriptor '/home/suresoft/transform/install/quick_start/share/quick_start/package.dsv'
[1.020s] INFO:colcon.colcon_core.shell:Creating package script '/home/suresoft/transform/install/quick_start/share/quick_start/package.sh'
[1.022s] INFO:colcon.colcon_core.shell:Creating package script '/home/suresoft/transform/install/quick_start/share/quick_start/package.bash'
[1.023s] INFO:colcon.colcon_core.shell:Creating package script '/home/suresoft/transform/install/quick_start/share/quick_start/package.zsh'
[1.025s] Level 1:colcon.colcon_core.environment:create_file_with_runtime_dependencies(/home/suresoft/transform/install/quick_start/share/colcon-core/packages/quick_start)
[1.071s] Level 1:colcon.colcon_core.environment:create_environment_scripts_only(quick_start)
[1.081s] Level 1:colcon.colcon_core.environment:checking '/home/suresoft/transform/install/quick_start' for CMake module files
[1.082s] Level 1:colcon.colcon_core.environment:checking '/home/suresoft/transform/install/quick_start' for CMake config files
[1.083s] Level 1:colcon.colcon_core.shell:create_environment_hook('quick_start', 'cmake_prefix_path')
[1.090s] INFO:colcon.colcon_core.shell:Creating environment hook '/home/suresoft/transform/install/quick_start/share/quick_start/hook/cmake_prefix_path.ps1'
[1.091s] INFO:colcon.colcon_core.shell:Creating environment descriptor '/home/suresoft/transform/install/quick_start/share/quick_start/hook/cmake_prefix_path.dsv'
[1.091s] INFO:colcon.colcon_core.shell:Creating environment hook '/home/suresoft/transform/install/quick_start/share/quick_start/hook/cmake_prefix_path.sh'
[1.092s] Level 1:colcon.colcon_core.environment:checking '/home/suresoft/transform/install/quick_start/bin'
[1.092s] Level 1:colcon.colcon_core.environment:checking '/home/suresoft/transform/install/quick_start/lib/pkgconfig/quick_start.pc'
[1.093s] Level 1:colcon.colcon_core.environment:checking '/home/suresoft/transform/install/quick_start/lib/python3.10/site-packages'
[1.093s] Level 1:colcon.colcon_core.environment:checking '/home/suresoft/transform/install/quick_start/bin'
[1.100s] INFO:colcon.colcon_core.shell:Creating package script '/home/suresoft/transform/install/quick_start/share/quick_start/package.ps1'
[1.101s] INFO:colcon.colcon_core.shell:Creating package descriptor '/home/suresoft/transform/install/quick_start/share/quick_start/package.dsv'
[1.102s] INFO:colcon.colcon_core.shell:Creating package script '/home/suresoft/transform/install/quick_start/share/quick_start/package.sh'
[1.103s] INFO:colcon.colcon_core.shell:Creating package script '/home/suresoft/transform/install/quick_start/share/quick_start/package.bash'
[1.103s] INFO:colcon.colcon_core.shell:Creating package script '/home/suresoft/transform/install/quick_start/share/quick_start/package.zsh'
[1.104s] Level 1:colcon.colcon_core.environment:create_file_with_runtime_dependencies(/home/suresoft/transform/install/quick_start/share/colcon-core/packages/quick_start)
[5.346s] DEBUG:colcon.colcon_core.event_handler.log_command:Invoked command in '/home/suresoft/transform/build/move_coordinate' returned '2': CMAKE_PREFIX_PATH=${CMAKE_PREFIX_PATH}:/opt/ros/humble /usr/bin/cmake --build /home/suresoft/transform/build/move_coordinate -- -j4 -l4
[5.389s] Level 1:colcon.colcon_core.environment:create_environment_scripts_only(move_coordinate)
[5.398s] Level 1:colcon.colcon_core.environment:checking '/home/suresoft/transform/install/move_coordinate' for CMake module files
[5.399s] Level 1:colcon.colcon_core.environment:checking '/home/suresoft/transform/install/move_coordinate' for CMake config files
[5.399s] Level 1:colcon.colcon_core.shell:create_environment_hook('move_coordinate', 'cmake_prefix_path')
[5.406s] INFO:colcon.colcon_core.shell:Creating environment hook '/home/suresoft/transform/install/move_coordinate/share/move_coordinate/hook/cmake_prefix_path.ps1'
[5.406s] INFO:colcon.colcon_core.shell:Creating environment descriptor '/home/suresoft/transform/install/move_coordinate/share/move_coordinate/hook/cmake_prefix_path.dsv'
[5.407s] INFO:colcon.colcon_core.shell:Creating environment hook '/home/suresoft/transform/install/move_coordinate/share/move_coordinate/hook/cmake_prefix_path.sh'
[5.408s] Level 1:colcon.colcon_core.environment:checking '/home/suresoft/transform/install/move_coordinate/lib'
[5.408s] Level 1:colcon.colcon_core.environment:checking '/home/suresoft/transform/install/move_coordinate/bin'
[5.408s] Level 1:colcon.colcon_core.environment:checking '/home/suresoft/transform/install/move_coordinate/lib/pkgconfig/move_coordinate.pc'
[5.409s] Level 1:colcon.colcon_core.environment:checking '/home/suresoft/transform/install/move_coordinate/lib/python3.10/site-packages'
[5.409s] Level 1:colcon.colcon_core.environment:checking '/home/suresoft/transform/install/move_coordinate/bin'
[5.413s] INFO:colcon.colcon_core.shell:Creating package script '/home/suresoft/transform/install/move_coordinate/share/move_coordinate/package.ps1'
[5.414s] INFO:colcon.colcon_core.shell:Creating package descriptor '/home/suresoft/transform/install/move_coordinate/share/move_coordinate/package.dsv'
[5.414s] INFO:colcon.colcon_core.shell:Creating package script '/home/suresoft/transform/install/move_coordinate/share/move_coordinate/package.sh'
[5.415s] INFO:colcon.colcon_core.shell:Creating package script '/home/suresoft/transform/install/move_coordinate/share/move_coordinate/package.bash'
[5.416s] INFO:colcon.colcon_core.shell:Creating package script '/home/suresoft/transform/install/move_coordinate/share/move_coordinate/package.zsh'
[5.416s] Level 1:colcon.colcon_core.environment:create_file_with_runtime_dependencies(/home/suresoft/transform/install/move_coordinate/share/colcon-core/packages/move_coordinate)
[5.427s] DEBUG:colcon.colcon_parallel_executor.executor.parallel:closing loop
[5.427s] DEBUG:colcon.colcon_parallel_executor.executor.parallel:loop closed
[5.427s] DEBUG:colcon.colcon_parallel_executor.executor.parallel:run_until_complete finished with '2'
[5.427s] DEBUG:colcon.colcon_core.event_reactor:joining thread
[5.428s] DEBUG:colcon.colcon_core.event_reactor:joined thread
[5.434s] INFO:colcon.colcon_core.shell:Creating prefix script '/home/suresoft/transform/install/local_setup.ps1'
[5.436s] INFO:colcon.colcon_core.shell:Creating prefix util module '/home/suresoft/transform/install/_local_setup_util_ps1.py'
[5.438s] INFO:colcon.colcon_core.shell:Creating prefix chain script '/home/suresoft/transform/install/setup.ps1'
[5.442s] INFO:colcon.colcon_core.shell:Creating prefix script '/home/suresoft/transform/install/local_setup.sh'
[5.443s] INFO:colcon.colcon_core.shell:Creating prefix util module '/home/suresoft/transform/install/_local_setup_util_sh.py'
[5.448s] INFO:colcon.colcon_core.shell:Creating prefix chain script '/home/suresoft/transform/install/setup.sh'
[5.452s] INFO:colcon.colcon_core.shell:Creating prefix script '/home/suresoft/transform/install/local_setup.bash'
[5.453s] INFO:colcon.colcon_core.shell:Creating prefix chain script '/home/suresoft/transform/install/setup.bash'
[5.457s] INFO:colcon.colcon_core.shell:Creating prefix script '/home/suresoft/transform/install/local_setup.zsh'
[5.458s] INFO:colcon.colcon_core.shell:Creating prefix chain script '/home/suresoft/transform/install/setup.zsh'
