[0.024s] Invoking command in '/home/suresoft/transform/build/quick_start': CMAKE_PREFIX_PATH=${CMAKE_PREFIX_PATH}:/opt/ros/humble /usr/bin/cmake /home/suresoft/transform/src/quick_start -DAMENT_CMAKE_SYMLINK_INSTALL=1 -DCMAKE_INSTALL_PREFIX=/home/suresoft/transform/install/quick_start
[0.062s] -- Found moveit_common: 2.5.3 (/opt/ros/humble/share/moveit_common/cmake)
[0.062s] -- Found ament_cmake: 1.3.2 (/opt/ros/humble/share/ament_cmake/cmake)
[0.229s] -- Override CMake install command with custom implementation using symlinks instead of copying resources
[0.354s] -- Could NOT find libbfd (missing: LIBBFD_LIBRARY LIBBFD_INCLUDE_DIR) 
[0.354s] -- BACKWARD_HAS_UNWIND=1
[0.354s] -- BACKWARD_HAS_BACKTRACE=0
[0.354s] -- BACKWARD_HAS_BACKTRACE_SYMBOL=0
[0.354s] -- BACKWARD_HAS_DW=1
[0.355s] -- BACKWARD_HAS_BFD=0
[0.355s] -- Found Backward: /opt/ros/humble/share/backward_ros/cmake  
[0.374s] -- Found Boost: /usr/lib/x86_64-linux-gnu/cmake/Boost-1.74.0/BoostConfig.cmake (found version "1.74.0") found components: system filesystem date_time thread 
[0.376s] -- Found control_msgs: 4.1.0 (/opt/ros/humble/share/control_msgs/cmake)
[0.417s] -- Found rosidl_generator_c: 3.1.3 (/opt/ros/humble/share/rosidl_generator_c/cmake)
[0.422s] -- Found rosidl_adapter: 3.1.3 (/opt/ros/humble/share/rosidl_adapter/cmake)
[0.438s] -- Found rosidl_generator_cpp: 3.1.3 (/opt/ros/humble/share/rosidl_generator_cpp/cmake)
[0.474s] -- Using all available rosidl_typesupport_c: rosidl_typesupport_fastrtps_c;rosidl_typesupport_introspection_c
[0.520s] -- Using all available rosidl_typesupport_cpp: rosidl_typesupport_fastrtps_cpp;rosidl_typesupport_introspection_cpp
[1.179s] -- Found moveit_core: 2.5.3 (/opt/ros/humble/share/moveit_core/cmake)
[1.191s] -- Found Boost: /usr/lib/x86_64-linux-gnu/cmake/Boost-1.74.0/BoostConfig.cmake (found version "1.74.0") found components: chrono date_time filesystem iostreams program_options regex serialization system thread 
[1.206s] -- Found Boost: /usr/lib/x86_64-linux-gnu/cmake/Boost-1.74.0/BoostConfig.cmake (found version "1.74.0") found components: filesystem 
[1.332s] -- Found rmw_implementation_cmake: 6.1.0 (/opt/ros/humble/share/rmw_implementation_cmake/cmake)
[1.336s] -- Found rmw_fastrtps_cpp: 6.2.1 (/opt/ros/humble/share/rmw_fastrtps_cpp/cmake)
[1.535s] -- Using RMW implementation 'rmw_fastrtps_cpp' as default
[1.801s] -- library: /usr/lib/x86_64-linux-gnu/libcurl.so
[2.250s] -- Ensuring Eigen3 include directory is part of orocos-kdl CMake target
[3.511s] -- Found moveit_ros_planning: 2.5.3 (/opt/ros/humble/share/moveit_ros_planning/cmake)
[3.521s] -- Found Boost: /usr/lib/x86_64-linux-gnu/cmake/Boost-1.74.0/BoostConfig.cmake (found version "1.74.0") found components: system filesystem date_time program_options thread chrono 
[4.339s] -- Found moveit_ros_planning_interface: 2.5.3 (/opt/ros/humble/share/moveit_ros_planning_interface/cmake)
[4.347s] -- Found Boost: /usr/lib/x86_64-linux-gnu/cmake/Boost-1.74.0/BoostConfig.cmake (found version "1.74.0") found components: date_time filesystem program_options system thread 
[4.559s] -- Found Boost: /usr/lib/x86_64-linux-gnu/cmake/Boost-1.74.0/BoostConfig.cmake (found version "1.74.0") found components: thread system filesystem regex date_time program_options 
[5.050s] -- Found Boost: /usr/lib/x86_64-linux-gnu/cmake/Boost-1.74.0/BoostConfig.cmake (found version "1.74.0") found components: system filesystem date_time program_options thread 
[5.607s] -- Found moveit_ros_perception: 2.5.3 (/opt/ros/humble/share/moveit_ros_perception/cmake)
[5.613s] -- Found Boost: /usr/lib/x86_64-linux-gnu/cmake/Boost-1.74.0/BoostConfig.cmake (found version "1.74.0") found components: thread 
[6.047s] -- Found moveit_servo: 2.5.3 (/opt/ros/humble/share/moveit_servo/cmake)
[6.864s] -- Found interactive_markers: 2.3.2 (/opt/ros/humble/share/interactive_markers/cmake)
[6.879s] -- Found rviz_visual_tools: 4.1.3 (/opt/ros/humble/share/rviz_visual_tools/cmake)
[7.019s] -- Setting OGRE_DIR to: '/opt/ros/humble/share/rviz_ogre_vendor/cmake/../../../opt/rviz_ogre_vendor/lib/OGRE/cmake'
[7.021s] -- Found OGRE
[7.021s] --   static     : OFF
[7.022s] --   components : HLMS;MeshLodGenerator;Overlay;Paging;Property;RTShaderSystem;Terrain;Volume
[7.022s] --   plugins    : Plugin_BSPSceneManager;Plugin_OctreeSceneManager;Plugin_PCZSceneManager;Plugin_ParticleFX;RenderSystem_GL;RenderSystem_GL3Plus;Codec_STBI
[7.022s] --   media      : /opt/ros/humble/opt/rviz_ogre_vendor/share/OGRE/Media
[7.022s] -- OGRE_LIBRARIES: OgreHLMS;OgreMeshLodGenerator;OgreOverlay;OgrePaging;OgreProperty;OgreRTShaderSystem;OgreTerrain;OgreVolume;OgreMain
[7.022s] -- OGRE_LIBRARY_DIRS: /opt/ros/humble/opt/rviz_ogre_vendor/lib
[7.022s] -- OGRE_PLUGINS: Plugin_BSPSceneManager;Plugin_OctreeSceneManager;Plugin_PCZSceneManager;Plugin_ParticleFX;RenderSystem_GL;RenderSystem_GL3Plus;Codec_STBI
[7.022s] -- OGRE_PLUGIN_DIR: /opt/ros/humble/opt/rviz_ogre_vendor/lib/OGRE
[7.022s] -- rviz_ogre_vendor::OgreOverlay for IMPORTED_LOCATION_RELEASE: /opt/ros/humble/opt/rviz_ogre_vendor/lib/libOgreOverlay.so
[7.023s] -- rviz_ogre_vendor::OgreOverlay for IMPORTED_LOCATION_DEBUG: /opt/ros/humble/opt/rviz_ogre_vendor/lib/libOgreOverlay.so
[7.023s] -- rviz_ogre_vendor::OgreMain for IMPORTED_LOCATION_RELEASE: /opt/ros/humble/opt/rviz_ogre_vendor/lib/libOgreMain.so
[7.023s] -- rviz_ogre_vendor::OgreMain for IMPORTED_LOCATION_DEBUG: /opt/ros/humble/opt/rviz_ogre_vendor/lib/libOgreMain.so
[7.070s] -- rviz_ogre_vendor::RenderSystem_GL for IMPORTED_LOCATION_RELEASE: _render_system_gl_static_library_abs-NOTFOUND
[7.070s] -- rviz_ogre_vendor::RenderSystem_GL for IMPORTED_LOCATION_DEBUG: _render_system_gl_static_library_abs-NOTFOUND
[7.823s] -- Found moveit_visual_tools: 4.1.0 (/opt/ros/humble/share/moveit_visual_tools/cmake)
[8.583s] -- Configuring done
[8.599s] -- Generating done
[8.605s] -- Build files have been written to: /home/suresoft/transform/build/quick_start
[8.625s] Invoked command in '/home/suresoft/transform/build/quick_start' returned '0': CMAKE_PREFIX_PATH=${CMAKE_PREFIX_PATH}:/opt/ros/humble /usr/bin/cmake /home/suresoft/transform/src/quick_start -DAMENT_CMAKE_SYMLINK_INSTALL=1 -DCMAKE_INSTALL_PREFIX=/home/suresoft/transform/install/quick_start
[8.627s] Invoking command in '/home/suresoft/transform/build/quick_start': CMAKE_PREFIX_PATH=${CMAKE_PREFIX_PATH}:/opt/ros/humble /usr/bin/cmake --build /home/suresoft/transform/build/quick_start -- -j4 -l4
[8.680s] Invoked command in '/home/suresoft/transform/build/quick_start' returned '0': CMAKE_PREFIX_PATH=${CMAKE_PREFIX_PATH}:/opt/ros/humble /usr/bin/cmake --build /home/suresoft/transform/build/quick_start -- -j4 -l4
[8.718s] Invoking command in '/home/suresoft/transform/build/quick_start': CMAKE_PREFIX_PATH=${CMAKE_PREFIX_PATH}:/opt/ros/humble /usr/bin/cmake --install /home/suresoft/transform/build/quick_start
[8.725s] -- Install configuration: "Release"
[8.725s] -- Execute custom install script
[8.726s] -- Up-to-date symlink: /home/suresoft/transform/install/quick_start/share/quick_start/launch/demo.launch.py
[8.726s] -- Up-to-date symlink: /home/suresoft/transform/install/quick_start/share/quick_start/launch/panda_hello_moveit.rviz
[8.726s] -- Up-to-date symlink: /home/suresoft/transform/install/quick_start/share/quick_start/launch/panda_moveit_config_demo.rviz
[8.726s] -- Up-to-date symlink: /home/suresoft/transform/install/quick_start/share/quick_start/launch/panda_moveit_config_demo_empty.rviz
[8.727s] -- Up-to-date symlink: /home/suresoft/transform/install/quick_start/share/ament_index/resource_index/package_run_dependencies/quick_start
[8.727s] -- Up-to-date symlink: /home/suresoft/transform/install/quick_start/share/ament_index/resource_index/parent_prefix_path/quick_start
[8.727s] -- Up-to-date symlink: /home/suresoft/transform/install/quick_start/share/quick_start/environment/ament_prefix_path.sh
[8.728s] -- Up-to-date symlink: /home/suresoft/transform/install/quick_start/share/quick_start/environment/ament_prefix_path.dsv
[8.728s] -- Up-to-date symlink: /home/suresoft/transform/install/quick_start/share/quick_start/environment/path.sh
[8.728s] -- Up-to-date symlink: /home/suresoft/transform/install/quick_start/share/quick_start/environment/path.dsv
[8.728s] -- Up-to-date symlink: /home/suresoft/transform/install/quick_start/share/quick_start/local_setup.bash
[8.729s] -- Up-to-date symlink: /home/suresoft/transform/install/quick_start/share/quick_start/local_setup.sh
[8.729s] -- Up-to-date symlink: /home/suresoft/transform/install/quick_start/share/quick_start/local_setup.zsh
[8.729s] -- Up-to-date symlink: /home/suresoft/transform/install/quick_start/share/quick_start/local_setup.dsv
[8.729s] -- Symlinking: /home/suresoft/transform/install/quick_start/share/quick_start/package.dsv
[8.739s] -- Up-to-date symlink: /home/suresoft/transform/install/quick_start/share/ament_index/resource_index/packages/quick_start
[8.739s] -- Up-to-date symlink: /home/suresoft/transform/install/quick_start/share/quick_start/cmake/ament_cmake_export_dependencies-extras.cmake
[8.739s] -- Up-to-date symlink: /home/suresoft/transform/install/quick_start/share/quick_start/cmake/ament_cmake_export_include_directories-extras.cmake
[8.740s] -- Up-to-date symlink: /home/suresoft/transform/install/quick_start/share/quick_start/cmake/quick_startConfig.cmake
[8.740s] -- Up-to-date symlink: /home/suresoft/transform/install/quick_start/share/quick_start/cmake/quick_startConfig-version.cmake
[8.740s] -- Up-to-date symlink: /home/suresoft/transform/install/quick_start/share/quick_start/package.xml
[8.745s] Invoked command in '/home/suresoft/transform/build/quick_start' returned '0': CMAKE_PREFIX_PATH=${CMAKE_PREFIX_PATH}:/opt/ros/humble /usr/bin/cmake --install /home/suresoft/transform/build/quick_start
