[0.029s] Invoking command in '/home/suresoft/transform/build/move_coordinate': CMAKE_PREFIX_PATH=${CMAKE_PREFIX_PATH}:/opt/ros/humble /usr/bin/cmake --build /home/suresoft/transform/build/move_coordinate -- -j4 -l4
[0.075s] [35m[1mConsolidate compiler generated dependencies of target move_coordinate[0m
[0.112s] [ 50%] [32mBuilding CXX object CMakeFiles/move_coordinate.dir/src/move_coordinate.cpp.o[0m
[5.114s] [01m[K/home/suresoft/transform/src/move_coordinate/src/move_coordinate.cpp:7:9:[m[K [01;31m[Kerror: [m[K‘[01m[Kplanning_interface[m[K’ in namespace ‘[01m[Kmoveit[m[K’ does not name a type
[5.114s]     7 | moveit::[01;31m[Kplanning_interface[m[K tesfFunction(moveit::planning_interface move_group_interface);
[5.114s]       |         [01;31m[K^~~~~~~~~~~~~~~~~~[m[K
[5.114s] In file included from [01m[K/home/suresoft/transform/src/move_coordinate/src/move_coordinate.cpp:4[m[K:
[5.114s] [01m[K/opt/ros/humble/include/moveit/move_group_interface/move_group_interface.h:69:11:[m[K [01;36m[Knote: [m[K‘[01m[Kmoveit::planning_interface[m[K’ declared here
[5.114s]    69 | namespace [01;36m[Kplanning_interface[m[K
[5.114s]       |           [01;36m[K^~~~~~~~~~~~~~~~~~[m[K
[5.120s] [01m[K/home/suresoft/transform/src/move_coordinate/src/move_coordinate.cpp:[m[K In function ‘[01m[Kint main(int, char**)[m[K’:
[5.120s] [01m[K/home/suresoft/transform/src/move_coordinate/src/move_coordinate.cpp:74:25:[m[K [01;35m[Kwarning: [m[Kcomparison of integer expressions of different signedness: ‘[01m[Kint[m[K’ and ‘[01m[Kstd::vector<double, std::allocator<double> >::size_type[m[K’ {aka ‘[01m[Klong unsigned int[m[K’} [[01;35m[K]8;;https://gcc.gnu.org/onlinedocs/gcc/Warning-Options.html#index-Wsign-compare-Wsign-compare]8;;[m[K]
[5.120s]    74 |       for (int i = 0; [01;35m[Ki < joint_group_positions.size()[m[K; i++)
[5.120s]       |                       [01;35m[K~~^~~~~~~~~~~~~~~~~~~~~~~~~~~~~~[m[K
[5.125s] [01m[K/home/suresoft/transform/src/move_coordinate/src/move_coordinate.cpp:104:25:[m[K [01;35m[Kwarning: [m[Kcomparison of integer expressions of different signedness: ‘[01m[Kint[m[K’ and ‘[01m[Kstd::vector<double, std::allocator<double> >::size_type[m[K’ {aka ‘[01m[Klong unsigned int[m[K’} [[01;35m[K]8;;https://gcc.gnu.org/onlinedocs/gcc/Warning-Options.html#index-Wsign-compare-Wsign-compare]8;;[m[K]
[5.125s]   104 |       for (int i = 0; [01;35m[Ki < joint_group_positions.size()[m[K; i++)
[5.125s]       |                       [01;35m[K~~^~~~~~~~~~~~~~~~~~~~~~~~~~~~~~[m[K
[5.126s] [01m[K/home/suresoft/transform/src/move_coordinate/src/move_coordinate.cpp:[m[K At global scope:
[5.127s] [01m[K/home/suresoft/transform/src/move_coordinate/src/move_coordinate.cpp:136:9:[m[K [01;31m[Kerror: [m[K‘[01m[Kplanning_interface[m[K’ in namespace ‘[01m[Kmoveit[m[K’ does not name a type
[5.127s]   136 | moveit::[01;31m[Kplanning_interface[m[K tesfFunction(moveit::planning_interface move_group_interface)
[5.127s]       |         [01;31m[K^~~~~~~~~~~~~~~~~~[m[K
[5.127s] In file included from [01m[K/home/suresoft/transform/src/move_coordinate/src/move_coordinate.cpp:4[m[K:
[5.127s] [01m[K/opt/ros/humble/include/moveit/move_group_interface/move_group_interface.h:69:11:[m[K [01;36m[Knote: [m[K‘[01m[Kmoveit::planning_interface[m[K’ declared here
[5.127s]    69 | namespace [01;36m[Kplanning_interface[m[K
[5.127s]       |           [01;36m[K^~~~~~~~~~~~~~~~~~[m[K
[7.665s] gmake[2]: *** [CMakeFiles/move_coordinate.dir/build.make:76: CMakeFiles/move_coordinate.dir/src/move_coordinate.cpp.o] Error 1
[7.665s] gmake[1]: *** [CMakeFiles/Makefile2:137: CMakeFiles/move_coordinate.dir/all] Error 2
[7.665s] gmake: *** [Makefile:146: all] Error 2
[7.667s] Invoked command in '/home/suresoft/transform/build/move_coordinate' returned '2': CMAKE_PREFIX_PATH=${CMAKE_PREFIX_PATH}:/opt/ros/humble /usr/bin/cmake --build /home/suresoft/transform/build/move_coordinate -- -j4 -l4
