-- The C compiler identification is GNU 11.3.0
-- The CXX compiler identification is GNU 11.3.0
-- Detecting C compiler ABI info
-- Detecting C compiler ABI info - done
-- Check for working C compiler: /usr/bin/cc - skipped
-- Detecting C compile features
-- Detecting C compile features - done
-- Detecting CXX compiler ABI info
-- Detecting CXX compiler ABI info - done
-- Check for working CXX compiler: /usr/bin/c++ - skipped
-- Detecting CXX compile features
-- Detecting CXX compile features - done
-- Configuring done
-- Generating done
-- Build files have been written to: /home/suresoft/transform/build/quick_start
-- Install configuration: ""
-- Installing: /home/suresoft/transform/install/quick_start/share/Project/launch
-- Installing: /home/suresoft/transform/install/quick_start/share/Project/launch/panda_hello_moveit.rviz
-- Installing: /home/suresoft/transform/install/quick_start/share/Project/launch/demo.launch.py
-- Installing: /home/suresoft/transform/install/quick_start/share/Project/launch/panda_moveit_config_demo_empty.rviz
-- Installing: /home/suresoft/transform/install/quick_start/share/Project/launch/panda_moveit_config_demo.rviz
