[0.016s] Invoking command in '/home/suresoft/transform/build/quick_start': CMAKE_PREFIX_PATH=/opt/ros/humble /usr/bin/cmake /home/suresoft/transform/src/quick_start -DAMENT_CMAKE_SYMLINK_INSTALL=1 -DCMAKE_INSTALL_PREFIX=/home/suresoft/transform/install/quick_start
[0.057s] [33mCMake Warning (dev) in CMakeLists.txt:
[0.058s]   No project() command is present.  The top-level CMakeLists.txt file must
[0.058s]   contain a literal, direct call to the project() command.  Add a line of
[0.058s]   code such as
[0.058s] 
[0.058s]     project(ProjectName)
[0.058s] 
[0.059s]   near the top of the file, but after cmake_minimum_required().
[0.059s] 
[0.059s]   CMake is pretending there is a "project(Project)" command on the first
[0.059s]   line.
[0.059s] This warning is for project developers.  Use -Wno-dev to suppress it.
[0.060s] [0m
[0.206s] -- The C compiler identification is GNU 11.3.0
[0.317s] -- The CXX compiler identification is GNU 11.3.0
[0.330s] -- Detecting C compiler ABI info
[0.414s] -- Detecting C compiler ABI info - done
[0.424s] -- Check for working C compiler: /usr/bin/cc - skipped
[0.425s] -- Detecting C compile features
[0.425s] -- Detecting C compile features - done
[0.429s] -- Detecting CXX compiler ABI info
[0.509s] -- Detecting CXX compiler ABI info - done
[0.526s] -- Check for working CXX compiler: /usr/bin/c++ - skipped
[0.526s] -- Detecting CXX compile features
[0.527s] -- Detecting CXX compile features - done
[0.528s] [33mCMake Warning (dev) in CMakeLists.txt:
[0.528s]   No cmake_minimum_required command is present.  A line of code such as
[0.528s] 
[0.528s]     cmake_minimum_required(VERSION 3.22)
[0.528s] 
[0.528s]   should be added at the top of the file.  The version specified may be lower
[0.528s]   if you wish to support older CMake versions for this project.  For more
[0.528s]   information run "cmake --help-policy CMP0000".
[0.528s] This warning is for project developers.  Use -Wno-dev to suppress it.
[0.529s] [0m
[0.529s] -- Configuring done
[0.529s] -- Generating done
[0.530s] [33mCMake Warning:
[0.530s]   Manually-specified variables were not used by the project:
[0.530s] 
[0.530s]     AMENT_CMAKE_SYMLINK_INSTALL
[0.530s] 
[0.530s] [0m
[0.530s] -- Build files have been written to: /home/suresoft/transform/build/quick_start
[0.535s] Invoked command in '/home/suresoft/transform/build/quick_start' returned '0': CMAKE_PREFIX_PATH=/opt/ros/humble /usr/bin/cmake /home/suresoft/transform/src/quick_start -DAMENT_CMAKE_SYMLINK_INSTALL=1 -DCMAKE_INSTALL_PREFIX=/home/suresoft/transform/install/quick_start
[0.537s] Invoking command in '/home/suresoft/transform/build/quick_start': CMAKE_PREFIX_PATH=/opt/ros/humble /usr/bin/cmake --build /home/suresoft/transform/build/quick_start -- -j4 -l4
[0.570s] Invoked command in '/home/suresoft/transform/build/quick_start' returned '0': CMAKE_PREFIX_PATH=/opt/ros/humble /usr/bin/cmake --build /home/suresoft/transform/build/quick_start -- -j4 -l4
[0.598s] Invoking command in '/home/suresoft/transform/build/quick_start': CMAKE_PREFIX_PATH=/opt/ros/humble /usr/bin/cmake --install /home/suresoft/transform/build/quick_start
[0.607s] -- Install configuration: ""
[0.607s] -- Installing: /home/suresoft/transform/install/quick_start/share/Project/launch
[0.607s] -- Installing: /home/suresoft/transform/install/quick_start/share/Project/launch/panda_hello_moveit.rviz
[0.607s] -- Installing: /home/suresoft/transform/install/quick_start/share/Project/launch/demo.launch.py
[0.607s] -- Installing: /home/suresoft/transform/install/quick_start/share/Project/launch/panda_moveit_config_demo_empty.rviz
[0.607s] -- Installing: /home/suresoft/transform/install/quick_start/share/Project/launch/panda_moveit_config_demo.rviz
[0.611s] Invoked command in '/home/suresoft/transform/build/quick_start' returned '0': CMAKE_PREFIX_PATH=/opt/ros/humble /usr/bin/cmake --install /home/suresoft/transform/build/quick_start
