[0.025s] Invoking command in '/home/suresoft/transform/build/move_coordinate': CMAKE_PREFIX_PATH=${CMAKE_PREFIX_PATH}:/opt/ros/humble /usr/bin/cmake --build /home/suresoft/transform/build/move_coordinate -- -j4 -l4
[0.089s] [100%] Built target move_coordinate
[0.100s] Invoked command in '/home/suresoft/transform/build/move_coordinate' returned '0': CMAKE_PREFIX_PATH=${CMAKE_PREFIX_PATH}:/opt/ros/humble /usr/bin/cmake --build /home/suresoft/transform/build/move_coordinate -- -j4 -l4
[0.140s] Invoking command in '/home/suresoft/transform/build/move_coordinate': CMAKE_PREFIX_PATH=${CMAKE_PREFIX_PATH}:/opt/ros/humble /usr/bin/cmake --install /home/suresoft/transform/build/move_coordinate
[0.147s] -- Install configuration: ""
[0.148s] -- Execute custom install script
[0.149s] -- Up-to-date symlink: /home/suresoft/transform/install/move_coordinate/lib/move_coordinate/move_coordinate
[0.149s] -- Up-to-date symlink: /home/suresoft/transform/install/move_coordinate/share/ament_index/resource_index/package_run_dependencies/move_coordinate
[0.149s] -- Up-to-date symlink: /home/suresoft/transform/install/move_coordinate/share/ament_index/resource_index/parent_prefix_path/move_coordinate
[0.149s] -- Up-to-date symlink: /home/suresoft/transform/install/move_coordinate/share/move_coordinate/environment/ament_prefix_path.sh
[0.150s] -- Up-to-date symlink: /home/suresoft/transform/install/move_coordinate/share/move_coordinate/environment/ament_prefix_path.dsv
[0.150s] -- Up-to-date symlink: /home/suresoft/transform/install/move_coordinate/share/move_coordinate/environment/path.sh
[0.150s] -- Up-to-date symlink: /home/suresoft/transform/install/move_coordinate/share/move_coordinate/environment/path.dsv
[0.150s] -- Up-to-date symlink: /home/suresoft/transform/install/move_coordinate/share/move_coordinate/local_setup.bash
[0.151s] -- Up-to-date symlink: /home/suresoft/transform/install/move_coordinate/share/move_coordinate/local_setup.sh
[0.151s] -- Up-to-date symlink: /home/suresoft/transform/install/move_coordinate/share/move_coordinate/local_setup.zsh
[0.151s] -- Up-to-date symlink: /home/suresoft/transform/install/move_coordinate/share/move_coordinate/local_setup.dsv
[0.151s] -- Symlinking: /home/suresoft/transform/install/move_coordinate/share/move_coordinate/package.dsv
[0.160s] -- Up-to-date symlink: /home/suresoft/transform/install/move_coordinate/share/ament_index/resource_index/packages/move_coordinate
[0.160s] -- Up-to-date symlink: /home/suresoft/transform/install/move_coordinate/share/move_coordinate/cmake/move_coordinateConfig.cmake
[0.160s] -- Up-to-date symlink: /home/suresoft/transform/install/move_coordinate/share/move_coordinate/cmake/move_coordinateConfig-version.cmake
[0.161s] -- Up-to-date symlink: /home/suresoft/transform/install/move_coordinate/share/move_coordinate/package.xml
[0.164s] Invoked command in '/home/suresoft/transform/build/move_coordinate' returned '0': CMAKE_PREFIX_PATH=${CMAKE_PREFIX_PATH}:/opt/ros/humble /usr/bin/cmake --install /home/suresoft/transform/build/move_coordinate
