[0.026s] Invoking command in '/home/suresoft/transform/build/move_coordinate': CMAKE_PREFIX_PATH=${CMAKE_PREFIX_PATH}:/opt/ros/humble /usr/bin/cmake --build /home/suresoft/transform/build/move_coordinate -- -j4 -l4
[0.094s] [35m[1mConsolidate compiler generated dependencies of target move_coordinate[0m
[0.144s] [ 50%] [32mBuilding CXX object CMakeFiles/move_coordinate.dir/src/move_coordinate.cpp.o[0m
[6.777s] [01m[K/home/suresoft/transform/src/move_coordinate/src/move_coordinate.cpp:[m[K In function ‘[01m[Kint main(int, char**)[m[K’:
[6.778s] [01m[K/home/suresoft/transform/src/move_coordinate/src/move_coordinate.cpp:92:25:[m[K [01;35m[Kwarning: [m[Kcomparison of integer expressions of different signedness: ‘[01m[Kint[m[K’ and ‘[01m[Kstd::vector<double, std::allocator<double> >::size_type[m[K’ {aka ‘[01m[Klong unsigned int[m[K’} [[01;35m[K]8;;https://gcc.gnu.org/onlinedocs/gcc/Warning-Options.html#index-Wsign-compare-Wsign-compare]8;;[m[K]
[6.778s]    92 |       for (int i = 0; [01;35m[Ki < joint_group_positions.size()[m[K; i++)
[6.778s]       |                       [01;35m[K~~^~~~~~~~~~~~~~~~~~~~~~~~~~~~~~[m[K
[10.126s] [100%] [32m[1mLinking CXX executable move_coordinate[0m
[10.664s] [100%] Built target move_coordinate
[10.677s] Invoked command in '/home/suresoft/transform/build/move_coordinate' returned '0': CMAKE_PREFIX_PATH=${CMAKE_PREFIX_PATH}:/opt/ros/humble /usr/bin/cmake --build /home/suresoft/transform/build/move_coordinate -- -j4 -l4
[10.715s] Invoking command in '/home/suresoft/transform/build/move_coordinate': CMAKE_PREFIX_PATH=${CMAKE_PREFIX_PATH}:/opt/ros/humble /usr/bin/cmake --install /home/suresoft/transform/build/move_coordinate
[10.727s] -- Install configuration: ""
[10.728s] -- Execute custom install script
[10.729s] -- Up-to-date symlink: /home/suresoft/transform/install/move_coordinate/lib/move_coordinate/move_coordinate
[10.729s] -- Up-to-date symlink: /home/suresoft/transform/install/move_coordinate/share/ament_index/resource_index/package_run_dependencies/move_coordinate
[10.729s] -- Up-to-date symlink: /home/suresoft/transform/install/move_coordinate/share/ament_index/resource_index/parent_prefix_path/move_coordinate
[10.730s] -- Up-to-date symlink: /home/suresoft/transform/install/move_coordinate/share/move_coordinate/environment/ament_prefix_path.sh
[10.730s] -- Up-to-date symlink: /home/suresoft/transform/install/move_coordinate/share/move_coordinate/environment/ament_prefix_path.dsv
[10.730s] -- Up-to-date symlink: /home/suresoft/transform/install/move_coordinate/share/move_coordinate/environment/path.sh
[10.731s] -- Up-to-date symlink: /home/suresoft/transform/install/move_coordinate/share/move_coordinate/environment/path.dsv
[10.731s] -- Up-to-date symlink: /home/suresoft/transform/install/move_coordinate/share/move_coordinate/local_setup.bash
[10.731s] -- Up-to-date symlink: /home/suresoft/transform/install/move_coordinate/share/move_coordinate/local_setup.sh
[10.731s] -- Up-to-date symlink: /home/suresoft/transform/install/move_coordinate/share/move_coordinate/local_setup.zsh
[10.732s] -- Up-to-date symlink: /home/suresoft/transform/install/move_coordinate/share/move_coordinate/local_setup.dsv
[10.732s] -- Symlinking: /home/suresoft/transform/install/move_coordinate/share/move_coordinate/package.dsv
[10.744s] -- Up-to-date symlink: /home/suresoft/transform/install/move_coordinate/share/ament_index/resource_index/packages/move_coordinate
[10.745s] -- Up-to-date symlink: /home/suresoft/transform/install/move_coordinate/share/move_coordinate/cmake/move_coordinateConfig.cmake
[10.745s] -- Up-to-date symlink: /home/suresoft/transform/install/move_coordinate/share/move_coordinate/cmake/move_coordinateConfig-version.cmake
[10.746s] -- Up-to-date symlink: /home/suresoft/transform/install/move_coordinate/share/move_coordinate/package.xml
[10.760s] Invoked command in '/home/suresoft/transform/build/move_coordinate' returned '0': CMAKE_PREFIX_PATH=${CMAKE_PREFIX_PATH}:/opt/ros/humble /usr/bin/cmake --install /home/suresoft/transform/build/move_coordinate
