[0.443s] DEBUG:colcon:Command line arguments: ['/usr/bin/colcon', 'build', '--event-handlers', 'desktop_notification-', 'status-', '--cmake-args', '-DCMAKE_BUILD_TYPE=Release']
[0.443s] DEBUG:colcon:Parsed command line arguments: Namespace(log_base=None, log_level=None, verb_name='build', build_base='build', install_base='install', merge_install=False, symlink_install=False, test_result_base=None, continue_on_error=False, executor='parallel', parallel_workers=4, event_handlers=['desktop_notification-', 'status-'], ignore_user_meta=False, metas=['./colcon.meta'], base_paths=['.'], packages_ignore=None, packages_ignore_regex=None, paths=None, packages_up_to=None, packages_up_to_regex=None, packages_above=None, packages_above_and_dependencies=None, packages_above_depth=None, packages_select_by_dep=None, packages_skip_by_dep=None, packages_skip_up_to=None, packages_select_build_failed=False, packages_skip_build_finished=False, packages_select_test_failures=False, packages_skip_test_passed=False, packages_select=None, packages_skip=None, packages_select_regex=None, packages_skip_regex=None, packages_start=None, packages_end=None, allow_overriding=[], cmake_args=['-DCMAKE_BUILD_TYPE=Release'], cmake_target=None, cmake_target_skip_unavailable=False, cmake_clean_cache=False, cmake_clean_first=False, cmake_force_configure=False, ament_cmake_args=None, catkin_cmake_args=None, catkin_skip_building_tests=False, mixin_files=None, mixin=None, verb_parser=<colcon_mixin.mixin.mixin_argument.MixinArgumentDecorator object at 0x7f01ccc2a260>, verb_extension=<colcon_core.verb.build.BuildVerb object at 0x7f01cd5fb310>, main=<bound method BuildVerb.main of <colcon_core.verb.build.BuildVerb object at 0x7f01cd5fb310>>, mixin_verb=('build',))
[0.473s] Level 1:colcon.colcon_core.package_discovery:discover_packages(colcon_meta) check parameters
[0.474s] Level 1:colcon.colcon_core.package_discovery:discover_packages(recursive) check parameters
[0.474s] Level 1:colcon.colcon_core.package_discovery:discover_packages(ignore) check parameters
[0.474s] Level 1:colcon.colcon_core.package_discovery:discover_packages(path) check parameters
[0.474s] Level 1:colcon.colcon_core.package_discovery:discover_packages(colcon_meta) discover
[0.474s] Level 1:colcon.colcon_core.package_discovery:discover_packages(recursive) discover
[0.474s] INFO:colcon.colcon_core.package_discovery:Crawling recursively for packages in '/home/suresoft/transform'
[0.474s] Level 1:colcon.colcon_core.package_identification:_identify(.) by extensions ['ignore', 'ignore_ament_install']
[0.474s] Level 1:colcon.colcon_core.package_identification:_identify(.) by extension 'ignore'
[0.474s] Level 1:colcon.colcon_core.package_identification:_identify(.) by extension 'ignore_ament_install'
[0.474s] Level 1:colcon.colcon_core.package_identification:_identify(.) by extensions ['colcon_pkg']
[0.474s] Level 1:colcon.colcon_core.package_identification:_identify(.) by extension 'colcon_pkg'
[0.474s] Level 1:colcon.colcon_core.package_identification:_identify(.) by extensions ['colcon_meta']
[0.474s] Level 1:colcon.colcon_core.package_identification:_identify(.) by extension 'colcon_meta'
[0.474s] Level 1:colcon.colcon_core.package_identification:_identify(.) by extensions ['ros']
[0.474s] Level 1:colcon.colcon_core.package_identification:_identify(.) by extension 'ros'
[0.486s] Level 1:colcon.colcon_core.package_identification:_identify(.) by extensions ['cmake', 'python']
[0.486s] Level 1:colcon.colcon_core.package_identification:_identify(.) by extension 'cmake'
[0.486s] Level 1:colcon.colcon_core.package_identification:_identify(.) by extension 'python'
[0.486s] Level 1:colcon.colcon_core.package_identification:_identify(.) by extensions ['python_setup_py']
[0.486s] Level 1:colcon.colcon_core.package_identification:_identify(.) by extension 'python_setup_py'
[0.486s] Level 1:colcon.colcon_core.package_identification:_identify(build) by extensions ['ignore', 'ignore_ament_install']
[0.486s] Level 1:colcon.colcon_core.package_identification:_identify(build) by extension 'ignore'
[0.486s] Level 1:colcon.colcon_core.package_identification:_identify(build) ignored
[0.486s] Level 1:colcon.colcon_core.package_identification:_identify(install) by extensions ['ignore', 'ignore_ament_install']
[0.486s] Level 1:colcon.colcon_core.package_identification:_identify(install) by extension 'ignore'
[0.486s] Level 1:colcon.colcon_core.package_identification:_identify(install) ignored
[0.486s] Level 1:colcon.colcon_core.package_identification:_identify(log) by extensions ['ignore', 'ignore_ament_install']
[0.486s] Level 1:colcon.colcon_core.package_identification:_identify(log) by extension 'ignore'
[0.487s] Level 1:colcon.colcon_core.package_identification:_identify(log) ignored
[0.487s] Level 1:colcon.colcon_core.package_identification:_identify(src) by extensions ['ignore', 'ignore_ament_install']
[0.487s] Level 1:colcon.colcon_core.package_identification:_identify(src) by extension 'ignore'
[0.487s] Level 1:colcon.colcon_core.package_identification:_identify(src) by extension 'ignore_ament_install'
[0.487s] Level 1:colcon.colcon_core.package_identification:_identify(src) by extensions ['colcon_pkg']
[0.487s] Level 1:colcon.colcon_core.package_identification:_identify(src) by extension 'colcon_pkg'
[0.487s] Level 1:colcon.colcon_core.package_identification:_identify(src) by extensions ['colcon_meta']
[0.487s] Level 1:colcon.colcon_core.package_identification:_identify(src) by extension 'colcon_meta'
[0.487s] Level 1:colcon.colcon_core.package_identification:_identify(src) by extensions ['ros']
[0.487s] Level 1:colcon.colcon_core.package_identification:_identify(src) by extension 'ros'
[0.487s] Level 1:colcon.colcon_core.package_identification:_identify(src) by extensions ['cmake', 'python']
[0.487s] Level 1:colcon.colcon_core.package_identification:_identify(src) by extension 'cmake'
[0.487s] Level 1:colcon.colcon_core.package_identification:_identify(src) by extension 'python'
[0.487s] Level 1:colcon.colcon_core.package_identification:_identify(src) by extensions ['python_setup_py']
[0.487s] Level 1:colcon.colcon_core.package_identification:_identify(src) by extension 'python_setup_py'
[0.487s] Level 1:colcon.colcon_core.package_identification:_identify(src/hello_moveit) by extensions ['ignore', 'ignore_ament_install']
[0.487s] Level 1:colcon.colcon_core.package_identification:_identify(src/hello_moveit) by extension 'ignore'
[0.487s] Level 1:colcon.colcon_core.package_identification:_identify(src/hello_moveit) by extension 'ignore_ament_install'
[0.487s] Level 1:colcon.colcon_core.package_identification:_identify(src/hello_moveit) by extensions ['colcon_pkg']
[0.487s] Level 1:colcon.colcon_core.package_identification:_identify(src/hello_moveit) by extension 'colcon_pkg'
[0.488s] Level 1:colcon.colcon_core.package_identification:_identify(src/hello_moveit) by extensions ['colcon_meta']
[0.488s] Level 1:colcon.colcon_core.package_identification:_identify(src/hello_moveit) by extension 'colcon_meta'
[0.488s] Level 1:colcon.colcon_core.package_identification:_identify(src/hello_moveit) by extensions ['ros']
[0.488s] Level 1:colcon.colcon_core.package_identification:_identify(src/hello_moveit) by extension 'ros'
[0.490s] DEBUG:colcon.colcon_core.package_identification:Package 'src/hello_moveit' with type 'ros.ament_cmake' and name 'hello_moveit'
[0.491s] Level 1:colcon.colcon_core.package_identification:_identify(src/quick_start) by extensions ['ignore', 'ignore_ament_install']
[0.491s] Level 1:colcon.colcon_core.package_identification:_identify(src/quick_start) by extension 'ignore'
[0.491s] Level 1:colcon.colcon_core.package_identification:_identify(src/quick_start) by extension 'ignore_ament_install'
[0.491s] Level 1:colcon.colcon_core.package_identification:_identify(src/quick_start) by extensions ['colcon_pkg']
[0.491s] Level 1:colcon.colcon_core.package_identification:_identify(src/quick_start) by extension 'colcon_pkg'
[0.491s] Level 1:colcon.colcon_core.package_identification:_identify(src/quick_start) by extensions ['colcon_meta']
[0.491s] Level 1:colcon.colcon_core.package_identification:_identify(src/quick_start) by extension 'colcon_meta'
[0.491s] Level 1:colcon.colcon_core.package_identification:_identify(src/quick_start) by extensions ['ros']
[0.491s] Level 1:colcon.colcon_core.package_identification:_identify(src/quick_start) by extension 'ros'
[0.493s] DEBUG:colcon.colcon_core.package_identification:Package 'src/quick_start' with type 'ros.ament_cmake' and name 'quick_start'
[0.493s] Level 1:colcon.colcon_core.package_discovery:discover_packages(recursive) using defaults
[0.493s] Level 1:colcon.colcon_core.package_discovery:discover_packages(ignore) discover
[0.493s] Level 1:colcon.colcon_core.package_discovery:discover_packages(ignore) using defaults
[0.493s] Level 1:colcon.colcon_core.package_discovery:discover_packages(path) discover
[0.493s] Level 1:colcon.colcon_core.package_discovery:discover_packages(path) using defaults
[0.524s] Level 1:colcon.colcon_core.package_discovery:discover_packages(prefix_path) check parameters
[0.524s] Level 1:colcon.colcon_core.package_discovery:discover_packages(prefix_path) discover
[0.528s] DEBUG:colcon.colcon_installed_package_information.package_discovery:Found 2 installed packages in /home/suresoft/transform/install
[0.531s] DEBUG:colcon.colcon_installed_package_information.package_discovery:Found 375 installed packages in /opt/ros/humble
[0.533s] Level 1:colcon.colcon_core.package_discovery:discover_packages(prefix_path) using defaults
[0.605s] Level 5:colcon.colcon_core.verb:set package 'hello_moveit' build argument 'cmake_args' from command line to '['-DCMAKE_BUILD_TYPE=Release']'
[0.605s] Level 5:colcon.colcon_core.verb:set package 'hello_moveit' build argument 'cmake_target' from command line to 'None'
[0.605s] Level 5:colcon.colcon_core.verb:set package 'hello_moveit' build argument 'cmake_target_skip_unavailable' from command line to 'False'
[0.605s] Level 5:colcon.colcon_core.verb:set package 'hello_moveit' build argument 'cmake_clean_cache' from command line to 'False'
[0.605s] Level 5:colcon.colcon_core.verb:set package 'hello_moveit' build argument 'cmake_clean_first' from command line to 'False'
[0.605s] Level 5:colcon.colcon_core.verb:set package 'hello_moveit' build argument 'cmake_force_configure' from command line to 'False'
[0.605s] Level 5:colcon.colcon_core.verb:set package 'hello_moveit' build argument 'ament_cmake_args' from command line to 'None'
[0.605s] Level 5:colcon.colcon_core.verb:set package 'hello_moveit' build argument 'catkin_cmake_args' from command line to 'None'
[0.605s] Level 5:colcon.colcon_core.verb:set package 'hello_moveit' build argument 'catkin_skip_building_tests' from command line to 'False'
[0.605s] DEBUG:colcon.colcon_core.verb:Building package 'hello_moveit' with the following arguments: {'ament_cmake_args': None, 'build_base': '/home/suresoft/transform/build/hello_moveit', 'catkin_cmake_args': None, 'catkin_skip_building_tests': False, 'cmake_args': ['-DCMAKE_BUILD_TYPE=Release'], 'cmake_clean_cache': False, 'cmake_clean_first': False, 'cmake_force_configure': False, 'cmake_target': None, 'cmake_target_skip_unavailable': False, 'install_base': '/home/suresoft/transform/install/hello_moveit', 'merge_install': False, 'path': '/home/suresoft/transform/src/hello_moveit', 'symlink_install': False, 'test_result_base': None}
[0.607s] Level 5:colcon.colcon_core.verb:set package 'quick_start' build argument 'cmake_args' from command line to '['-DCMAKE_BUILD_TYPE=Release']'
[0.607s] Level 5:colcon.colcon_core.verb:set package 'quick_start' build argument 'cmake_target' from command line to 'None'
[0.607s] Level 5:colcon.colcon_core.verb:set package 'quick_start' build argument 'cmake_target_skip_unavailable' from command line to 'False'
[0.607s] Level 5:colcon.colcon_core.verb:set package 'quick_start' build argument 'cmake_clean_cache' from command line to 'False'
[0.607s] Level 5:colcon.colcon_core.verb:set package 'quick_start' build argument 'cmake_clean_first' from command line to 'False'
[0.607s] Level 5:colcon.colcon_core.verb:set package 'quick_start' build argument 'cmake_force_configure' from command line to 'False'
[0.607s] Level 5:colcon.colcon_core.verb:set package 'quick_start' build argument 'ament_cmake_args' from command line to 'None'
[0.607s] Level 5:colcon.colcon_core.verb:set package 'quick_start' build argument 'catkin_cmake_args' from command line to 'None'
[0.607s] Level 5:colcon.colcon_core.verb:set package 'quick_start' build argument 'catkin_skip_building_tests' from command line to 'False'
[0.607s] DEBUG:colcon.colcon_core.verb:Building package 'quick_start' with the following arguments: {'ament_cmake_args': None, 'build_base': '/home/suresoft/transform/build/quick_start', 'catkin_cmake_args': None, 'catkin_skip_building_tests': False, 'cmake_args': ['-DCMAKE_BUILD_TYPE=Release'], 'cmake_clean_cache': False, 'cmake_clean_first': False, 'cmake_force_configure': False, 'cmake_target': None, 'cmake_target_skip_unavailable': False, 'install_base': '/home/suresoft/transform/install/quick_start', 'merge_install': False, 'path': '/home/suresoft/transform/src/quick_start', 'symlink_install': False, 'test_result_base': None}
[0.609s] INFO:colcon.colcon_core.executor:Executing jobs using 'parallel' executor
[0.617s] DEBUG:colcon.colcon_parallel_executor.executor.parallel:run_until_complete
[0.617s] INFO:colcon.colcon_ros.task.ament_cmake.build:Building ROS package in '/home/suresoft/transform/src/hello_moveit' with build type 'ament_cmake'
[0.617s] INFO:colcon.colcon_cmake.task.cmake.build:Building CMake package in '/home/suresoft/transform/src/hello_moveit'
[0.626s] INFO:colcon.colcon_core.plugin_system:Skipping extension 'colcon_core.shell.bat': Not used on non-Windows systems
[0.626s] INFO:colcon.colcon_core.shell:Skip shell extension 'powershell' for command environment: Not usable outside of PowerShell
[0.626s] DEBUG:colcon.colcon_core.shell:Skip shell extension 'dsv' for command environment
[0.633s] INFO:colcon.colcon_ros.task.ament_cmake.build:Building ROS package in '/home/suresoft/transform/src/quick_start' with build type 'ament_cmake'
[0.633s] INFO:colcon.colcon_cmake.task.cmake.build:Building CMake package in '/home/suresoft/transform/src/quick_start'
[0.636s] INFO:colcon.colcon_core.shell:Skip shell extension 'powershell' for command environment: Not usable outside of PowerShell
[0.637s] DEBUG:colcon.colcon_core.shell:Skip shell extension 'dsv' for command environment
[0.650s] DEBUG:colcon.colcon_core.event_handler.log_command:Invoking command in '/home/suresoft/transform/build/hello_moveit': CMAKE_PREFIX_PATH=${CMAKE_PREFIX_PATH}:/opt/ros/humble /usr/bin/cmake --build /home/suresoft/transform/build/hello_moveit -- -j4 -l4
[0.659s] DEBUG:colcon.colcon_core.event_handler.log_command:Invoking command in '/home/suresoft/transform/build/quick_start': CMAKE_PREFIX_PATH=${CMAKE_PREFIX_PATH}:/opt/ros/humble /usr/bin/cmake --build /home/suresoft/transform/build/quick_start -- -j4 -l4
[0.723s] DEBUG:colcon.colcon_core.event_handler.log_command:Invoked command in '/home/suresoft/transform/build/hello_moveit' returned '0': CMAKE_PREFIX_PATH=${CMAKE_PREFIX_PATH}:/opt/ros/humble /usr/bin/cmake --build /home/suresoft/transform/build/hello_moveit -- -j4 -l4
[0.757s] DEBUG:colcon.colcon_core.event_handler.log_command:Invoking command in '/home/suresoft/transform/build/hello_moveit': CMAKE_PREFIX_PATH=${CMAKE_PREFIX_PATH}:/opt/ros/humble /usr/bin/cmake --install /home/suresoft/transform/build/hello_moveit
[0.778s] Level 1:colcon.colcon_core.environment:create_environment_scripts_only(hello_moveit)
[0.779s] DEBUG:colcon.colcon_core.event_handler.log_command:Invoked command in '/home/suresoft/transform/build/hello_moveit' returned '0': CMAKE_PREFIX_PATH=${CMAKE_PREFIX_PATH}:/opt/ros/humble /usr/bin/cmake --install /home/suresoft/transform/build/hello_moveit
[0.788s] Level 1:colcon.colcon_core.environment:checking '/home/suresoft/transform/install/hello_moveit' for CMake module files
[0.788s] Level 1:colcon.colcon_core.environment:checking '/home/suresoft/transform/install/hello_moveit' for CMake config files
[0.788s] Level 1:colcon.colcon_core.shell:create_environment_hook('hello_moveit', 'cmake_prefix_path')
[0.791s] INFO:colcon.colcon_core.shell:Creating environment hook '/home/suresoft/transform/install/hello_moveit/share/hello_moveit/hook/cmake_prefix_path.ps1'
[0.792s] INFO:colcon.colcon_core.shell:Creating environment descriptor '/home/suresoft/transform/install/hello_moveit/share/hello_moveit/hook/cmake_prefix_path.dsv'
[0.792s] INFO:colcon.colcon_core.shell:Creating environment hook '/home/suresoft/transform/install/hello_moveit/share/hello_moveit/hook/cmake_prefix_path.sh'
[0.793s] Level 1:colcon.colcon_core.environment:checking '/home/suresoft/transform/install/hello_moveit/lib'
[0.793s] Level 1:colcon.colcon_core.environment:checking '/home/suresoft/transform/install/hello_moveit/bin'
[0.793s] Level 1:colcon.colcon_core.environment:checking '/home/suresoft/transform/install/hello_moveit/lib/pkgconfig/hello_moveit.pc'
[0.794s] Level 1:colcon.colcon_core.environment:checking '/home/suresoft/transform/install/hello_moveit/lib/python3.10/site-packages'
[0.794s] Level 1:colcon.colcon_core.environment:checking '/home/suresoft/transform/install/hello_moveit/bin'
[0.797s] INFO:colcon.colcon_core.shell:Creating package script '/home/suresoft/transform/install/hello_moveit/share/hello_moveit/package.ps1'
[0.798s] INFO:colcon.colcon_core.shell:Creating package descriptor '/home/suresoft/transform/install/hello_moveit/share/hello_moveit/package.dsv'
[0.798s] INFO:colcon.colcon_core.shell:Creating package script '/home/suresoft/transform/install/hello_moveit/share/hello_moveit/package.sh'
[0.799s] INFO:colcon.colcon_core.shell:Creating package script '/home/suresoft/transform/install/hello_moveit/share/hello_moveit/package.bash'
[0.800s] INFO:colcon.colcon_core.shell:Creating package script '/home/suresoft/transform/install/hello_moveit/share/hello_moveit/package.zsh'
[0.800s] Level 1:colcon.colcon_core.environment:create_file_with_runtime_dependencies(/home/suresoft/transform/install/hello_moveit/share/colcon-core/packages/hello_moveit)
[0.828s] Level 1:colcon.colcon_core.environment:create_environment_scripts_only(hello_moveit)
[0.832s] Level 1:colcon.colcon_core.environment:checking '/home/suresoft/transform/install/hello_moveit' for CMake module files
[0.833s] Level 1:colcon.colcon_core.environment:checking '/home/suresoft/transform/install/hello_moveit' for CMake config files
[0.833s] Level 1:colcon.colcon_core.shell:create_environment_hook('hello_moveit', 'cmake_prefix_path')
[0.839s] INFO:colcon.colcon_core.shell:Creating environment hook '/home/suresoft/transform/install/hello_moveit/share/hello_moveit/hook/cmake_prefix_path.ps1'
[0.839s] INFO:colcon.colcon_core.shell:Creating environment descriptor '/home/suresoft/transform/install/hello_moveit/share/hello_moveit/hook/cmake_prefix_path.dsv'
[0.840s] INFO:colcon.colcon_core.shell:Creating environment hook '/home/suresoft/transform/install/hello_moveit/share/hello_moveit/hook/cmake_prefix_path.sh'
[0.840s] Level 1:colcon.colcon_core.environment:checking '/home/suresoft/transform/install/hello_moveit/lib'
[0.840s] Level 1:colcon.colcon_core.environment:checking '/home/suresoft/transform/install/hello_moveit/bin'
[0.840s] Level 1:colcon.colcon_core.environment:checking '/home/suresoft/transform/install/hello_moveit/lib/pkgconfig/hello_moveit.pc'
[0.841s] Level 1:colcon.colcon_core.environment:checking '/home/suresoft/transform/install/hello_moveit/lib/python3.10/site-packages'
[0.841s] Level 1:colcon.colcon_core.environment:checking '/home/suresoft/transform/install/hello_moveit/bin'
[0.844s] INFO:colcon.colcon_core.shell:Creating package script '/home/suresoft/transform/install/hello_moveit/share/hello_moveit/package.ps1'
[0.844s] INFO:colcon.colcon_core.shell:Creating package descriptor '/home/suresoft/transform/install/hello_moveit/share/hello_moveit/package.dsv'
[0.845s] INFO:colcon.colcon_core.shell:Creating package script '/home/suresoft/transform/install/hello_moveit/share/hello_moveit/package.sh'
[0.845s] INFO:colcon.colcon_core.shell:Creating package script '/home/suresoft/transform/install/hello_moveit/share/hello_moveit/package.bash'
[0.846s] INFO:colcon.colcon_core.shell:Creating package script '/home/suresoft/transform/install/hello_moveit/share/hello_moveit/package.zsh'
[0.846s] Level 1:colcon.colcon_core.environment:create_file_with_runtime_dependencies(/home/suresoft/transform/install/hello_moveit/share/colcon-core/packages/hello_moveit)
[7.075s] DEBUG:colcon.colcon_core.event_handler.log_command:Invoked command in '/home/suresoft/transform/build/quick_start' returned '0': CMAKE_PREFIX_PATH=${CMAKE_PREFIX_PATH}:/opt/ros/humble /usr/bin/cmake --build /home/suresoft/transform/build/quick_start -- -j4 -l4
[7.096s] DEBUG:colcon.colcon_core.event_handler.log_command:Invoking command in '/home/suresoft/transform/build/quick_start': CMAKE_PREFIX_PATH=${CMAKE_PREFIX_PATH}:/opt/ros/humble /usr/bin/cmake --install /home/suresoft/transform/build/quick_start
[7.148s] Level 1:colcon.colcon_core.environment:create_environment_scripts_only(quick_start)
[7.152s] Level 1:colcon.colcon_core.environment:checking '/home/suresoft/transform/install/quick_start' for CMake module files
[7.153s] DEBUG:colcon.colcon_core.event_handler.log_command:Invoked command in '/home/suresoft/transform/build/quick_start' returned '0': CMAKE_PREFIX_PATH=${CMAKE_PREFIX_PATH}:/opt/ros/humble /usr/bin/cmake --install /home/suresoft/transform/build/quick_start
[7.153s] Level 1:colcon.colcon_core.environment:checking '/home/suresoft/transform/install/quick_start' for CMake config files
[7.154s] Level 1:colcon.colcon_core.shell:create_environment_hook('quick_start', 'cmake_prefix_path')
[7.157s] INFO:colcon.colcon_core.shell:Creating environment hook '/home/suresoft/transform/install/quick_start/share/quick_start/hook/cmake_prefix_path.ps1'
[7.157s] INFO:colcon.colcon_core.shell:Creating environment descriptor '/home/suresoft/transform/install/quick_start/share/quick_start/hook/cmake_prefix_path.dsv'
[7.157s] INFO:colcon.colcon_core.shell:Creating environment hook '/home/suresoft/transform/install/quick_start/share/quick_start/hook/cmake_prefix_path.sh'
[7.158s] Level 1:colcon.colcon_core.environment:checking '/home/suresoft/transform/install/quick_start/bin'
[7.158s] Level 1:colcon.colcon_core.environment:checking '/home/suresoft/transform/install/quick_start/lib/pkgconfig/quick_start.pc'
[7.158s] Level 1:colcon.colcon_core.environment:checking '/home/suresoft/transform/install/quick_start/lib/python3.10/site-packages'
[7.158s] Level 1:colcon.colcon_core.environment:checking '/home/suresoft/transform/install/quick_start/bin'
[7.161s] INFO:colcon.colcon_core.shell:Creating package script '/home/suresoft/transform/install/quick_start/share/quick_start/package.ps1'
[7.162s] INFO:colcon.colcon_core.shell:Creating package descriptor '/home/suresoft/transform/install/quick_start/share/quick_start/package.dsv'
[7.162s] INFO:colcon.colcon_core.shell:Creating package script '/home/suresoft/transform/install/quick_start/share/quick_start/package.sh'
[7.162s] INFO:colcon.colcon_core.shell:Creating package script '/home/suresoft/transform/install/quick_start/share/quick_start/package.bash'
[7.163s] INFO:colcon.colcon_core.shell:Creating package script '/home/suresoft/transform/install/quick_start/share/quick_start/package.zsh'
[7.163s] Level 1:colcon.colcon_core.environment:create_file_with_runtime_dependencies(/home/suresoft/transform/install/quick_start/share/colcon-core/packages/quick_start)
[7.186s] Level 1:colcon.colcon_core.environment:create_environment_scripts_only(quick_start)
[7.190s] Level 1:colcon.colcon_core.environment:checking '/home/suresoft/transform/install/quick_start' for CMake module files
[7.191s] Level 1:colcon.colcon_core.environment:checking '/home/suresoft/transform/install/quick_start' for CMake config files
[7.191s] Level 1:colcon.colcon_core.shell:create_environment_hook('quick_start', 'cmake_prefix_path')
[7.194s] INFO:colcon.colcon_core.shell:Creating environment hook '/home/suresoft/transform/install/quick_start/share/quick_start/hook/cmake_prefix_path.ps1'
[7.194s] INFO:colcon.colcon_core.shell:Creating environment descriptor '/home/suresoft/transform/install/quick_start/share/quick_start/hook/cmake_prefix_path.dsv'
[7.194s] INFO:colcon.colcon_core.shell:Creating environment hook '/home/suresoft/transform/install/quick_start/share/quick_start/hook/cmake_prefix_path.sh'
[7.195s] Level 1:colcon.colcon_core.environment:checking '/home/suresoft/transform/install/quick_start/bin'
[7.195s] Level 1:colcon.colcon_core.environment:checking '/home/suresoft/transform/install/quick_start/lib/pkgconfig/quick_start.pc'
[7.195s] Level 1:colcon.colcon_core.environment:checking '/home/suresoft/transform/install/quick_start/lib/python3.10/site-packages'
[7.195s] Level 1:colcon.colcon_core.environment:checking '/home/suresoft/transform/install/quick_start/bin'
[7.199s] INFO:colcon.colcon_core.shell:Creating package script '/home/suresoft/transform/install/quick_start/share/quick_start/package.ps1'
[7.199s] INFO:colcon.colcon_core.shell:Creating package descriptor '/home/suresoft/transform/install/quick_start/share/quick_start/package.dsv'
[7.199s] INFO:colcon.colcon_core.shell:Creating package script '/home/suresoft/transform/install/quick_start/share/quick_start/package.sh'
[7.200s] INFO:colcon.colcon_core.shell:Creating package script '/home/suresoft/transform/install/quick_start/share/quick_start/package.bash'
[7.200s] INFO:colcon.colcon_core.shell:Creating package script '/home/suresoft/transform/install/quick_start/share/quick_start/package.zsh'
[7.200s] Level 1:colcon.colcon_core.environment:create_file_with_runtime_dependencies(/home/suresoft/transform/install/quick_start/share/colcon-core/packages/quick_start)
[7.201s] DEBUG:colcon.colcon_parallel_executor.executor.parallel:closing loop
[7.201s] DEBUG:colcon.colcon_parallel_executor.executor.parallel:loop closed
[7.201s] DEBUG:colcon.colcon_parallel_executor.executor.parallel:run_until_complete finished with '0'
[7.201s] DEBUG:colcon.colcon_core.event_reactor:joining thread
[7.202s] DEBUG:colcon.colcon_core.event_reactor:joined thread
[7.206s] INFO:colcon.colcon_core.shell:Creating prefix script '/home/suresoft/transform/install/local_setup.ps1'
[7.207s] INFO:colcon.colcon_core.shell:Creating prefix util module '/home/suresoft/transform/install/_local_setup_util_ps1.py'
[7.208s] INFO:colcon.colcon_core.shell:Creating prefix chain script '/home/suresoft/transform/install/setup.ps1'
[7.209s] INFO:colcon.colcon_core.shell:Creating prefix script '/home/suresoft/transform/install/local_setup.sh'
[7.210s] INFO:colcon.colcon_core.shell:Creating prefix util module '/home/suresoft/transform/install/_local_setup_util_sh.py'
[7.210s] INFO:colcon.colcon_core.shell:Creating prefix chain script '/home/suresoft/transform/install/setup.sh'
[7.212s] INFO:colcon.colcon_core.shell:Creating prefix script '/home/suresoft/transform/install/local_setup.bash'
[7.212s] INFO:colcon.colcon_core.shell:Creating prefix chain script '/home/suresoft/transform/install/setup.bash'
[7.216s] INFO:colcon.colcon_core.shell:Creating prefix script '/home/suresoft/transform/install/local_setup.zsh'
[7.216s] INFO:colcon.colcon_core.shell:Creating prefix chain script '/home/suresoft/transform/install/setup.zsh'
