[0.033s] Invoking command in '/home/suresoft/transform/build/move_coordinate': CMAKE_PREFIX_PATH=${CMAKE_PREFIX_PATH}:/opt/ros/humble /usr/bin/cmake --build /home/suresoft/transform/build/move_coordinate -- -j4 -l4
[0.085s] [35m[1mConsolidate compiler generated dependencies of target move_coordinate[0m
[0.127s] [ 50%] [32mBuilding CXX object CMakeFiles/move_coordinate.dir/src/move_coordinate.cpp.o[0m
[5.149s] [01m[K/home/suresoft/transform/src/move_coordinate/src/move_coordinate.cpp:[m[K In lambda function:
[5.150s] [01m[K/home/suresoft/transform/src/move_coordinate/src/move_coordinate.cpp:82:29:[m[K [01;31m[Kerror: [m[K‘[01m[Kjoint_group_positions[m[K’ is not captured
[5.150s]    82 |         for (int i = 0; i < [01;31m[Kjoint_group_positions[m[K.size(); i++)
[5.150s]       |                             [01;31m[K^~~~~~~~~~~~~~~~~~~~~[m[K
[5.150s] [01m[K/home/suresoft/transform/src/move_coordinate/src/move_coordinate.cpp:74:33:[m[K [01;36m[Knote: [m[Kthe lambda has no capture-default
[5.150s]    74 |       auto const target_pose = [[01;36m[K][m[K
[5.150s]       |                                 [01;36m[K^[m[K
[5.150s] [01m[K/home/suresoft/transform/src/move_coordinate/src/move_coordinate.cpp:32:23:[m[K [01;36m[Knote: [m[K‘[01m[Kstd::vector<double, std::allocator<double> > joint_group_positions[m[K’ declared here
[5.150s]    32 |   std::vector<double> [01;36m[Kjoint_group_positions[m[K;
[5.151s]       |                       [01;36m[K^~~~~~~~~~~~~~~~~~~~~[m[K
[5.151s] [01m[K/home/suresoft/transform/src/move_coordinate/src/move_coordinate.cpp:84:42:[m[K [01;31m[Kerror: [m[K‘[01m[Kjoint_group_positions[m[K’ is not captured
[5.151s]    84 |           std::puts("joint[", i, "] : ", [01;31m[Kjoint_group_positions[m[K[i]);
[5.151s]       |                                          [01;31m[K^~~~~~~~~~~~~~~~~~~~~[m[K
[5.151s] [01m[K/home/suresoft/transform/src/move_coordinate/src/move_coordinate.cpp:74:33:[m[K [01;36m[Knote: [m[Kthe lambda has no capture-default
[5.151s]    74 |       auto const target_pose = [[01;36m[K][m[K
[5.151s]       |                                 [01;36m[K^[m[K
[5.151s] [01m[K/home/suresoft/transform/src/move_coordinate/src/move_coordinate.cpp:32:23:[m[K [01;36m[Knote: [m[K‘[01m[Kstd::vector<double, std::allocator<double> > joint_group_positions[m[K’ declared here
[5.151s]    32 |   std::vector<double> [01;36m[Kjoint_group_positions[m[K;
[5.152s]       |                       [01;36m[K^~~~~~~~~~~~~~~~~~~~~[m[K
[7.677s] gmake[2]: *** [CMakeFiles/move_coordinate.dir/build.make:76: CMakeFiles/move_coordinate.dir/src/move_coordinate.cpp.o] Error 1
[7.677s] gmake[1]: *** [CMakeFiles/Makefile2:137: CMakeFiles/move_coordinate.dir/all] Error 2
[7.677s] gmake: *** [Makefile:146: all] Error 2
[7.679s] Invoked command in '/home/suresoft/transform/build/move_coordinate' returned '2': CMAKE_PREFIX_PATH=${CMAKE_PREFIX_PATH}:/opt/ros/humble /usr/bin/cmake --build /home/suresoft/transform/build/move_coordinate -- -j4 -l4
