[0.036s] Invoking command in '/home/suresoft/transform/build/move_coordinate': CMAKE_PREFIX_PATH=${CMAKE_PREFIX_PATH}:/opt/ros/humble /usr/bin/cmake --build /home/suresoft/transform/build/move_coordinate -- -j4 -l4
[0.080s] [35m[1mConsolidate compiler generated dependencies of target move_coordinate[0m
[0.109s] [ 50%] [32mBuilding CXX object CMakeFiles/move_coordinate.dir/src/move_coordinate.cpp.o[0m
[9.236s] [100%] [32m[1mLinking CXX executable move_coordinate[0m
[9.593s] [100%] Built target move_coordinate
[9.608s] Invoked command in '/home/suresoft/transform/build/move_coordinate' returned '0': CMAKE_PREFIX_PATH=${CMAKE_PREFIX_PATH}:/opt/ros/humble /usr/bin/cmake --build /home/suresoft/transform/build/move_coordinate -- -j4 -l4
[9.630s] Invoking command in '/home/suresoft/transform/build/move_coordinate': CMAKE_PREFIX_PATH=${CMAKE_PREFIX_PATH}:/opt/ros/humble /usr/bin/cmake --install /home/suresoft/transform/build/move_coordinate
[9.637s] -- Install configuration: "Release"
[9.638s] -- Execute custom install script
[9.638s] -- Up-to-date symlink: /home/suresoft/transform/install/move_coordinate/lib/move_coordinate/move_coordinate
[9.638s] -- Up-to-date symlink: /home/suresoft/transform/install/move_coordinate/share/ament_index/resource_index/package_run_dependencies/move_coordinate
[9.639s] -- Up-to-date symlink: /home/suresoft/transform/install/move_coordinate/share/ament_index/resource_index/parent_prefix_path/move_coordinate
[9.639s] -- Up-to-date symlink: /home/suresoft/transform/install/move_coordinate/share/move_coordinate/environment/ament_prefix_path.sh
[9.639s] -- Up-to-date symlink: /home/suresoft/transform/install/move_coordinate/share/move_coordinate/environment/ament_prefix_path.dsv
[9.639s] -- Up-to-date symlink: /home/suresoft/transform/install/move_coordinate/share/move_coordinate/environment/path.sh
[9.640s] -- Up-to-date symlink: /home/suresoft/transform/install/move_coordinate/share/move_coordinate/environment/path.dsv
[9.640s] -- Up-to-date symlink: /home/suresoft/transform/install/move_coordinate/share/move_coordinate/local_setup.bash
[9.640s] -- Up-to-date symlink: /home/suresoft/transform/install/move_coordinate/share/move_coordinate/local_setup.sh
[9.640s] -- Up-to-date symlink: /home/suresoft/transform/install/move_coordinate/share/move_coordinate/local_setup.zsh
[9.641s] -- Up-to-date symlink: /home/suresoft/transform/install/move_coordinate/share/move_coordinate/local_setup.dsv
[9.641s] -- Symlinking: /home/suresoft/transform/install/move_coordinate/share/move_coordinate/package.dsv
[9.649s] -- Up-to-date symlink: /home/suresoft/transform/install/move_coordinate/share/ament_index/resource_index/packages/move_coordinate
[9.650s] -- Up-to-date symlink: /home/suresoft/transform/install/move_coordinate/share/move_coordinate/cmake/move_coordinateConfig.cmake
[9.650s] -- Up-to-date symlink: /home/suresoft/transform/install/move_coordinate/share/move_coordinate/cmake/move_coordinateConfig-version.cmake
[9.650s] -- Up-to-date symlink: /home/suresoft/transform/install/move_coordinate/share/move_coordinate/package.xml
[9.657s] Invoked command in '/home/suresoft/transform/build/move_coordinate' returned '0': CMAKE_PREFIX_PATH=${CMAKE_PREFIX_PATH}:/opt/ros/humble /usr/bin/cmake --install /home/suresoft/transform/build/move_coordinate
