[0.026s] Invoking command in '/home/suresoft/transform/build/hello_moveit': CMAKE_PREFIX_PATH=/opt/ros/humble /usr/bin/cmake /home/suresoft/transform/src/hello_moveit -DCMAKE_BUILD_TYPE=Release -DCMAKE_INSTALL_PREFIX=/home/suresoft/transform/install/hello_moveit
[0.041s] -- Found ament_cmake: 1.3.2 (/opt/ros/humble/share/ament_cmake/cmake)
[0.198s] -- Override CMake install command with custom implementation using symlinks instead of copying resources
[0.206s] -- Found moveit_ros_planning_interface: 2.5.3 (/opt/ros/humble/share/moveit_ros_planning_interface/cmake)
[0.218s] -- Found Boost: /usr/lib/x86_64-linux-gnu/cmake/Boost-1.74.0/BoostConfig.cmake (found version "1.74.0") found components: date_time filesystem program_options system thread 
[0.251s] -- Found rosidl_generator_c: 3.1.3 (/opt/ros/humble/share/rosidl_generator_c/cmake)
[0.256s] -- Found rosidl_adapter: 3.1.3 (/opt/ros/humble/share/rosidl_adapter/cmake)
[0.263s] -- Found rosidl_generator_cpp: 3.1.3 (/opt/ros/humble/share/rosidl_generator_cpp/cmake)
[0.276s] -- Using all available rosidl_typesupport_c: rosidl_typesupport_fastrtps_c;rosidl_typesupport_introspection_c
[0.294s] -- Using all available rosidl_typesupport_cpp: rosidl_typesupport_fastrtps_cpp;rosidl_typesupport_introspection_cpp
[1.382s] -- Found Boost: /usr/lib/x86_64-linux-gnu/cmake/Boost-1.74.0/BoostConfig.cmake (found version "1.74.0") found components: chrono date_time filesystem iostreams program_options regex serialization system thread 
[1.393s] -- Found Boost: /usr/lib/x86_64-linux-gnu/cmake/Boost-1.74.0/BoostConfig.cmake (found version "1.74.0") found components: filesystem 
[1.456s] -- Found rmw_implementation_cmake: 6.1.0 (/opt/ros/humble/share/rmw_implementation_cmake/cmake)
[1.457s] -- Found rmw_fastrtps_cpp: 6.2.1 (/opt/ros/humble/share/rmw_fastrtps_cpp/cmake)
[1.580s] -- Using RMW implementation 'rmw_fastrtps_cpp' as default
[1.751s] -- library: /usr/lib/x86_64-linux-gnu/libcurl.so
[1.923s] -- Ensuring Eigen3 include directory is part of orocos-kdl CMake target
[2.489s] -- Found Boost: /usr/lib/x86_64-linux-gnu/cmake/Boost-1.74.0/BoostConfig.cmake (found version "1.74.0") found components: system filesystem date_time program_options thread chrono 
[3.078s] -- Found Boost: /usr/lib/x86_64-linux-gnu/cmake/Boost-1.74.0/BoostConfig.cmake (found version "1.74.0") found components: thread system filesystem regex date_time program_options 
[3.344s] -- Found Boost: /usr/lib/x86_64-linux-gnu/cmake/Boost-1.74.0/BoostConfig.cmake (found version "1.74.0") found components: system filesystem date_time program_options thread 
[3.810s] -- Found ament_lint_auto: 0.12.4 (/opt/ros/humble/share/ament_lint_auto/cmake)
[3.879s] -- Added test 'cppcheck' to perform static code analysis on C / C++ code
[3.879s] -- Configured cppcheck include dirs: $<BUILD_INTERFACE:/home/suresoft/transform/src/hello_moveit/include>
[3.880s] -- Configured cppcheck exclude dirs and/or files: 
[3.880s] -- Added test 'lint_cmake' to check CMake code style
[3.881s] -- Added test 'uncrustify' to check C / C++ code style
[3.881s] -- Configured uncrustify additional arguments: 
[3.881s] -- Added test 'xmllint' to check XML markup files
[3.882s] -- Configuring done
[3.911s] -- Generating done
[3.914s] -- Build files have been written to: /home/suresoft/transform/build/hello_moveit
[3.926s] Invoked command in '/home/suresoft/transform/build/hello_moveit' returned '0': CMAKE_PREFIX_PATH=/opt/ros/humble /usr/bin/cmake /home/suresoft/transform/src/hello_moveit -DCMAKE_BUILD_TYPE=Release -DCMAKE_INSTALL_PREFIX=/home/suresoft/transform/install/hello_moveit
[3.928s] Invoking command in '/home/suresoft/transform/build/hello_moveit': CMAKE_PREFIX_PATH=/opt/ros/humble /usr/bin/cmake --build /home/suresoft/transform/build/hello_moveit -- -j4 -l4
[3.968s] [35m[1mConsolidate compiler generated dependencies of target hello_moveit[0m
[3.993s] [ 50%] [32mBuilding CXX object CMakeFiles/hello_moveit.dir/src/hello_moveit.cpp.o[0m
[12.089s] [100%] [32m[1mLinking CXX executable hello_moveit[0m
[12.372s] [100%] Built target hello_moveit
[12.384s] Invoked command in '/home/suresoft/transform/build/hello_moveit' returned '0': CMAKE_PREFIX_PATH=/opt/ros/humble /usr/bin/cmake --build /home/suresoft/transform/build/hello_moveit -- -j4 -l4
[12.408s] Invoking command in '/home/suresoft/transform/build/hello_moveit': CMAKE_PREFIX_PATH=/opt/ros/humble /usr/bin/cmake --install /home/suresoft/transform/build/hello_moveit
[12.414s] -- Install configuration: "Release"
[12.415s] -- Execute custom install script
[12.415s] -- Up-to-date symlink: /home/suresoft/transform/install/hello_moveit/lib/hello_moveit/hello_moveit
[12.415s] -- Up-to-date symlink: /home/suresoft/transform/install/hello_moveit/share/ament_index/resource_index/package_run_dependencies/hello_moveit
[12.416s] -- Up-to-date symlink: /home/suresoft/transform/install/hello_moveit/share/ament_index/resource_index/parent_prefix_path/hello_moveit
[12.416s] -- Up-to-date symlink: /home/suresoft/transform/install/hello_moveit/share/hello_moveit/environment/ament_prefix_path.sh
[12.416s] -- Up-to-date symlink: /home/suresoft/transform/install/hello_moveit/share/hello_moveit/environment/ament_prefix_path.dsv
[12.416s] -- Up-to-date symlink: /home/suresoft/transform/install/hello_moveit/share/hello_moveit/environment/path.sh
[12.416s] -- Up-to-date symlink: /home/suresoft/transform/install/hello_moveit/share/hello_moveit/environment/path.dsv
[12.417s] -- Up-to-date symlink: /home/suresoft/transform/install/hello_moveit/share/hello_moveit/local_setup.bash
[12.417s] -- Up-to-date symlink: /home/suresoft/transform/install/hello_moveit/share/hello_moveit/local_setup.sh
[12.417s] -- Up-to-date symlink: /home/suresoft/transform/install/hello_moveit/share/hello_moveit/local_setup.zsh
[12.417s] -- Up-to-date symlink: /home/suresoft/transform/install/hello_moveit/share/hello_moveit/local_setup.dsv
[12.418s] -- Symlinking: /home/suresoft/transform/install/hello_moveit/share/hello_moveit/package.dsv
[12.426s] -- Up-to-date symlink: /home/suresoft/transform/install/hello_moveit/share/ament_index/resource_index/packages/hello_moveit
[12.426s] -- Up-to-date symlink: /home/suresoft/transform/install/hello_moveit/share/hello_moveit/cmake/hello_moveitConfig.cmake
[12.426s] -- Up-to-date symlink: /home/suresoft/transform/install/hello_moveit/share/hello_moveit/cmake/hello_moveitConfig-version.cmake
[12.426s] -- Up-to-date symlink: /home/suresoft/transform/install/hello_moveit/share/hello_moveit/package.xml
[12.433s] Invoked command in '/home/suresoft/transform/build/hello_moveit' returned '0': CMAKE_PREFIX_PATH=/opt/ros/humble /usr/bin/cmake --install /home/suresoft/transform/build/hello_moveit
