[0.039s] Invoking command in '/home/suresoft/transform/build/move_coordinate': CMAKE_PREFIX_PATH=${CMAKE_PREFIX_PATH}:/opt/ros/humble /usr/bin/cmake --build /home/suresoft/transform/build/move_coordinate -- -j4 -l4
[0.107s] [35m[1mConsolidate compiler generated dependencies of target move_coordinate[0m
[0.154s] [ 50%] [32mBuilding CXX object CMakeFiles/move_coordinate.dir/src/move_coordinate.cpp.o[0m
[8.945s] [01m[K/home/suresoft/transform/src/move_coordinate/src/move_coordinate.cpp:[m[K In function ‘[01m[Kint main(int, char**)[m[K’:
[8.946s] [01m[K/home/suresoft/transform/src/move_coordinate/src/move_coordinate.cpp:87:25:[m[K [01;35m[Kwarning: [m[Kcomparison of integer expressions of different signedness: ‘[01m[Kint[m[K’ and ‘[01m[Kstd::vector<double, std::allocator<double> >::size_type[m[K’ {aka ‘[01m[Klong unsigned int[m[K’} [[01;35m[K]8;;https://gcc.gnu.org/onlinedocs/gcc/Warning-Options.html#index-Wsign-compare-Wsign-compare]8;;[m[K]
[8.946s]    87 |       for (int i = 0; [01;35m[Ki < joint_group_positions.size()[m[K; i++)
[8.946s]       |                       [01;35m[K~~^~~~~~~~~~~~~~~~~~~~~~~~~~~~~~[m[K
[8.947s] [01m[K/home/suresoft/transform/src/move_coordinate/src/move_coordinate.cpp:117:25:[m[K [01;35m[Kwarning: [m[Kcomparison of integer expressions of different signedness: ‘[01m[Kint[m[K’ and ‘[01m[Kstd::vector<double, std::allocator<double> >::size_type[m[K’ {aka ‘[01m[Klong unsigned int[m[K’} [[01;35m[K]8;;https://gcc.gnu.org/onlinedocs/gcc/Warning-Options.html#index-Wsign-compare-Wsign-compare]8;;[m[K]
[8.947s]   117 |       for (int i = 0; [01;35m[Ki < joint_group_positions.size()[m[K; i++)
[8.947s]       |                       [01;35m[K~~^~~~~~~~~~~~~~~~~~~~~~~~~~~~~~[m[K
[16.327s] [100%] [32m[1mLinking CXX executable move_coordinate[0m
[17.168s] [100%] Built target move_coordinate
[17.185s] Invoked command in '/home/suresoft/transform/build/move_coordinate' returned '0': CMAKE_PREFIX_PATH=${CMAKE_PREFIX_PATH}:/opt/ros/humble /usr/bin/cmake --build /home/suresoft/transform/build/move_coordinate -- -j4 -l4
[17.223s] Invoking command in '/home/suresoft/transform/build/move_coordinate': CMAKE_PREFIX_PATH=${CMAKE_PREFIX_PATH}:/opt/ros/humble /usr/bin/cmake --install /home/suresoft/transform/build/move_coordinate
[17.231s] -- Install configuration: "Release"
[17.232s] -- Execute custom install script
[17.233s] -- Up-to-date symlink: /home/suresoft/transform/install/move_coordinate/lib/move_coordinate/move_coordinate
[17.233s] -- Up-to-date symlink: /home/suresoft/transform/install/move_coordinate/share/ament_index/resource_index/package_run_dependencies/move_coordinate
[17.234s] -- Up-to-date symlink: /home/suresoft/transform/install/move_coordinate/share/ament_index/resource_index/parent_prefix_path/move_coordinate
[17.235s] -- Up-to-date symlink: /home/suresoft/transform/install/move_coordinate/share/move_coordinate/environment/ament_prefix_path.sh
[17.235s] -- Up-to-date symlink: /home/suresoft/transform/install/move_coordinate/share/move_coordinate/environment/ament_prefix_path.dsv
[17.236s] -- Up-to-date symlink: /home/suresoft/transform/install/move_coordinate/share/move_coordinate/environment/path.sh
[17.237s] -- Up-to-date symlink: /home/suresoft/transform/install/move_coordinate/share/move_coordinate/environment/path.dsv
[17.237s] -- Up-to-date symlink: /home/suresoft/transform/install/move_coordinate/share/move_coordinate/local_setup.bash
[17.237s] -- Up-to-date symlink: /home/suresoft/transform/install/move_coordinate/share/move_coordinate/local_setup.sh
[17.238s] -- Up-to-date symlink: /home/suresoft/transform/install/move_coordinate/share/move_coordinate/local_setup.zsh
[17.238s] -- Up-to-date symlink: /home/suresoft/transform/install/move_coordinate/share/move_coordinate/local_setup.dsv
[17.239s] -- Symlinking: /home/suresoft/transform/install/move_coordinate/share/move_coordinate/package.dsv
[17.247s] -- Up-to-date symlink: /home/suresoft/transform/install/move_coordinate/share/ament_index/resource_index/packages/move_coordinate
[17.247s] -- Up-to-date symlink: /home/suresoft/transform/install/move_coordinate/share/move_coordinate/cmake/move_coordinateConfig.cmake
[17.247s] -- Up-to-date symlink: /home/suresoft/transform/install/move_coordinate/share/move_coordinate/cmake/move_coordinateConfig-version.cmake
[17.248s] -- Up-to-date symlink: /home/suresoft/transform/install/move_coordinate/share/move_coordinate/package.xml
[17.259s] Invoked command in '/home/suresoft/transform/build/move_coordinate' returned '0': CMAKE_PREFIX_PATH=${CMAKE_PREFIX_PATH}:/opt/ros/humble /usr/bin/cmake --install /home/suresoft/transform/build/move_coordinate
