[0.018s] Invoking command in '/home/suresoft/transform/build/quick_start': CMAKE_PREFIX_PATH=/opt/ros/humble /usr/bin/cmake --build /home/suresoft/transform/build/quick_start -- -j4 -l4
[0.043s] -- Found moveit_common: 2.5.3 (/opt/ros/humble/share/moveit_common/cmake)
[0.046s] -- Found ament_cmake: 1.3.2 (/opt/ros/humble/share/ament_cmake/cmake)
[0.251s] -- Found Python3: /usr/bin/python3.10 (found version "3.10.6") found components: Interpreter 
[0.321s] -- Override CMake install command with custom implementation using symlinks instead of copying resources
[0.435s] -- Found libdw: /usr/lib/x86_64-linux-gnu/libdw.so  
[0.445s] -- Could NOT find libbfd (missing: LIBBFD_LIBRARY LIBBFD_INCLUDE_DIR) 
[0.445s] -- BACKWARD_HAS_UNWIND=1
[0.445s] -- BACKWARD_HAS_BACKTRACE=0
[0.445s] -- BACKWARD_HAS_BACKTRACE_SYMBOL=0
[0.446s] -- BACKWARD_HAS_DW=1
[0.446s] -- BACKWARD_HAS_BFD=0
[0.446s] -- Found Backward: /opt/ros/humble/share/backward_ros/cmake  
[0.447s] [0mquick_start: You did not request a specific build type: Choosing 'Release' for maximum performance[0m
[0.694s] -- Found Boost: /usr/lib/x86_64-linux-gnu/cmake/Boost-1.74.0/BoostConfig.cmake (found version "1.74.0") found components: system filesystem date_time thread 
[0.701s] -- Found control_msgs: 4.1.0 (/opt/ros/humble/share/control_msgs/cmake)
[0.746s] -- Found rosidl_generator_c: 3.1.3 (/opt/ros/humble/share/rosidl_generator_c/cmake)
[0.751s] -- Found rosidl_adapter: 3.1.3 (/opt/ros/humble/share/rosidl_adapter/cmake)
[0.760s] -- Found rosidl_generator_cpp: 3.1.3 (/opt/ros/humble/share/rosidl_generator_cpp/cmake)
[0.775s] -- Using all available rosidl_typesupport_c: rosidl_typesupport_fastrtps_c;rosidl_typesupport_introspection_c
[0.795s] -- Using all available rosidl_typesupport_cpp: rosidl_typesupport_fastrtps_cpp;rosidl_typesupport_introspection_cpp
[1.405s] -- Found moveit_core: 2.5.3 (/opt/ros/humble/share/moveit_core/cmake)
[1.423s] -- Found Boost: /usr/lib/x86_64-linux-gnu/cmake/Boost-1.74.0/BoostConfig.cmake (found version "1.74.0") found components: chrono date_time filesystem iostreams program_options regex serialization system thread 
[1.437s] -- Found Boost: /usr/lib/x86_64-linux-gnu/cmake/Boost-1.74.0/BoostConfig.cmake (found version "1.74.0") found components: filesystem 
[1.521s] -- Found rmw_implementation_cmake: 6.1.0 (/opt/ros/humble/share/rmw_implementation_cmake/cmake)
[1.523s] -- Found rmw_fastrtps_cpp: 6.2.1 (/opt/ros/humble/share/rmw_fastrtps_cpp/cmake)
[1.620s] -- Found OpenSSL: /usr/lib/x86_64-linux-gnu/libcrypto.so (found version "3.0.2")  
[1.645s] -- Found FastRTPS: /opt/ros/humble/include  
[1.693s] -- Using RMW implementation 'rmw_fastrtps_cpp' as default
[1.911s] -- library: /usr/lib/x86_64-linux-gnu/libcurl.so
[2.162s] -- Found Eigen3: TRUE (found version "3.4.0") 
[2.163s] -- Ensuring Eigen3 include directory is part of orocos-kdl CMake target
[3.272s] [31mCMake Error at CMakeLists.txt:13 (find_package):
[3.272s]   By not providing "Findmoveit_task_constructor_core.cmake" in
[3.272s]   CMAKE_MODULE_PATH this project has asked CMake to find a package
[3.272s]   configuration file provided by "moveit_task_constructor_core", but CMake
[3.272s]   did not find one.
[3.272s] 
[3.273s]   Could not find a package configuration file provided by
[3.273s]   "moveit_task_constructor_core" with any of the following names:
[3.273s] 
[3.273s]     moveit_task_constructor_coreConfig.cmake
[3.273s]     moveit_task_constructor_core-config.cmake
[3.273s] 
[3.273s]   Add the installation prefix of "moveit_task_constructor_core" to
[3.273s]   CMAKE_PREFIX_PATH or set "moveit_task_constructor_core_DIR" to a directory
[3.273s]   containing one of the above files.  If "moveit_task_constructor_core"
[3.273s]   provides a separate development package or SDK, be sure it has been
[3.273s]   installed.
[3.273s] 
[3.273s] [0m
[3.273s] -- Configuring incomplete, errors occurred!
[3.273s] See also "/home/suresoft/transform/build/quick_start/CMakeFiles/CMakeOutput.log".
[3.282s] gmake: *** [Makefile:187: cmake_check_build_system] Error 1
[3.284s] Invoked command in '/home/suresoft/transform/build/quick_start' returned '2': CMAKE_PREFIX_PATH=/opt/ros/humble /usr/bin/cmake --build /home/suresoft/transform/build/quick_start -- -j4 -l4
