[0.476s] DEBUG:colcon:Command line arguments: ['/usr/bin/colcon', 'build', '--symlink-install']
[0.476s] DEBUG:colcon:Parsed command line arguments: Namespace(log_base=None, log_level=None, verb_name='build', build_base='build', install_base='install', merge_install=False, symlink_install=True, test_result_base=None, continue_on_error=False, executor='parallel', parallel_workers=4, event_handlers=None, ignore_user_meta=False, metas=['./colcon.meta'], base_paths=['.'], packages_ignore=None, packages_ignore_regex=None, paths=None, packages_up_to=None, packages_up_to_regex=None, packages_above=None, packages_above_and_dependencies=None, packages_above_depth=None, packages_select_by_dep=None, packages_skip_by_dep=None, packages_skip_up_to=None, packages_select_build_failed=False, packages_skip_build_finished=False, packages_select_test_failures=False, packages_skip_test_passed=False, packages_select=None, packages_skip=None, packages_select_regex=None, packages_skip_regex=None, packages_start=None, packages_end=None, allow_overriding=[], cmake_args=None, cmake_target=None, cmake_target_skip_unavailable=False, cmake_clean_cache=False, cmake_clean_first=False, cmake_force_configure=False, ament_cmake_args=None, catkin_cmake_args=None, catkin_skip_building_tests=False, mixin_files=None, mixin=None, verb_parser=<colcon_mixin.mixin.mixin_argument.MixinArgumentDecorator object at 0x7f4ede64beb0>, verb_extension=<colcon_core.verb.build.BuildVerb object at 0x7f4eded08f40>, main=<bound method BuildVerb.main of <colcon_core.verb.build.BuildVerb object at 0x7f4eded08f40>>, mixin_verb=('build',))
[0.504s] Level 1:colcon.colcon_core.package_discovery:discover_packages(colcon_meta) check parameters
[0.505s] Level 1:colcon.colcon_core.package_discovery:discover_packages(recursive) check parameters
[0.505s] Level 1:colcon.colcon_core.package_discovery:discover_packages(ignore) check parameters
[0.505s] Level 1:colcon.colcon_core.package_discovery:discover_packages(path) check parameters
[0.505s] Level 1:colcon.colcon_core.package_discovery:discover_packages(colcon_meta) discover
[0.505s] Level 1:colcon.colcon_core.package_discovery:discover_packages(recursive) discover
[0.505s] INFO:colcon.colcon_core.package_discovery:Crawling recursively for packages in '/home/suresoft/transform'
[0.505s] Level 1:colcon.colcon_core.package_identification:_identify(.) by extensions ['ignore', 'ignore_ament_install']
[0.505s] Level 1:colcon.colcon_core.package_identification:_identify(.) by extension 'ignore'
[0.505s] Level 1:colcon.colcon_core.package_identification:_identify(.) by extension 'ignore_ament_install'
[0.505s] Level 1:colcon.colcon_core.package_identification:_identify(.) by extensions ['colcon_pkg']
[0.505s] Level 1:colcon.colcon_core.package_identification:_identify(.) by extension 'colcon_pkg'
[0.506s] Level 1:colcon.colcon_core.package_identification:_identify(.) by extensions ['colcon_meta']
[0.506s] Level 1:colcon.colcon_core.package_identification:_identify(.) by extension 'colcon_meta'
[0.506s] Level 1:colcon.colcon_core.package_identification:_identify(.) by extensions ['ros']
[0.506s] Level 1:colcon.colcon_core.package_identification:_identify(.) by extension 'ros'
[0.517s] Level 1:colcon.colcon_core.package_identification:_identify(.) by extensions ['cmake', 'python']
[0.518s] Level 1:colcon.colcon_core.package_identification:_identify(.) by extension 'cmake'
[0.518s] Level 1:colcon.colcon_core.package_identification:_identify(.) by extension 'python'
[0.518s] Level 1:colcon.colcon_core.package_identification:_identify(.) by extensions ['python_setup_py']
[0.518s] Level 1:colcon.colcon_core.package_identification:_identify(.) by extension 'python_setup_py'
[0.518s] Level 1:colcon.colcon_core.package_identification:_identify(build) by extensions ['ignore', 'ignore_ament_install']
[0.518s] Level 1:colcon.colcon_core.package_identification:_identify(build) by extension 'ignore'
[0.518s] Level 1:colcon.colcon_core.package_identification:_identify(build) ignored
[0.518s] Level 1:colcon.colcon_core.package_identification:_identify(install) by extensions ['ignore', 'ignore_ament_install']
[0.518s] Level 1:colcon.colcon_core.package_identification:_identify(install) by extension 'ignore'
[0.518s] Level 1:colcon.colcon_core.package_identification:_identify(install) ignored
[0.518s] Level 1:colcon.colcon_core.package_identification:_identify(log) by extensions ['ignore', 'ignore_ament_install']
[0.518s] Level 1:colcon.colcon_core.package_identification:_identify(log) by extension 'ignore'
[0.518s] Level 1:colcon.colcon_core.package_identification:_identify(log) ignored
[0.519s] Level 1:colcon.colcon_core.package_identification:_identify(src) by extensions ['ignore', 'ignore_ament_install']
[0.519s] Level 1:colcon.colcon_core.package_identification:_identify(src) by extension 'ignore'
[0.519s] Level 1:colcon.colcon_core.package_identification:_identify(src) by extension 'ignore_ament_install'
[0.519s] Level 1:colcon.colcon_core.package_identification:_identify(src) by extensions ['colcon_pkg']
[0.519s] Level 1:colcon.colcon_core.package_identification:_identify(src) by extension 'colcon_pkg'
[0.519s] Level 1:colcon.colcon_core.package_identification:_identify(src) by extensions ['colcon_meta']
[0.519s] Level 1:colcon.colcon_core.package_identification:_identify(src) by extension 'colcon_meta'
[0.519s] Level 1:colcon.colcon_core.package_identification:_identify(src) by extensions ['ros']
[0.519s] Level 1:colcon.colcon_core.package_identification:_identify(src) by extension 'ros'
[0.519s] Level 1:colcon.colcon_core.package_identification:_identify(src) by extensions ['cmake', 'python']
[0.519s] Level 1:colcon.colcon_core.package_identification:_identify(src) by extension 'cmake'
[0.519s] Level 1:colcon.colcon_core.package_identification:_identify(src) by extension 'python'
[0.519s] Level 1:colcon.colcon_core.package_identification:_identify(src) by extensions ['python_setup_py']
[0.519s] Level 1:colcon.colcon_core.package_identification:_identify(src) by extension 'python_setup_py'
[0.519s] Level 1:colcon.colcon_core.package_identification:_identify(src/move_coordinate) by extensions ['ignore', 'ignore_ament_install']
[0.519s] Level 1:colcon.colcon_core.package_identification:_identify(src/move_coordinate) by extension 'ignore'
[0.519s] Level 1:colcon.colcon_core.package_identification:_identify(src/move_coordinate) by extension 'ignore_ament_install'
[0.519s] Level 1:colcon.colcon_core.package_identification:_identify(src/move_coordinate) by extensions ['colcon_pkg']
[0.519s] Level 1:colcon.colcon_core.package_identification:_identify(src/move_coordinate) by extension 'colcon_pkg'
[0.519s] Level 1:colcon.colcon_core.package_identification:_identify(src/move_coordinate) by extensions ['colcon_meta']
[0.520s] Level 1:colcon.colcon_core.package_identification:_identify(src/move_coordinate) by extension 'colcon_meta'
[0.520s] Level 1:colcon.colcon_core.package_identification:_identify(src/move_coordinate) by extensions ['ros']
[0.520s] Level 1:colcon.colcon_core.package_identification:_identify(src/move_coordinate) by extension 'ros'
[0.522s] DEBUG:colcon.colcon_core.package_identification:Package 'src/move_coordinate' with type 'ros.ament_cmake' and name 'move_coordinate'
[0.523s] Level 1:colcon.colcon_core.package_identification:_identify(src/quick_start) by extensions ['ignore', 'ignore_ament_install']
[0.523s] Level 1:colcon.colcon_core.package_identification:_identify(src/quick_start) by extension 'ignore'
[0.523s] Level 1:colcon.colcon_core.package_identification:_identify(src/quick_start) by extension 'ignore_ament_install'
[0.523s] Level 1:colcon.colcon_core.package_identification:_identify(src/quick_start) by extensions ['colcon_pkg']
[0.523s] Level 1:colcon.colcon_core.package_identification:_identify(src/quick_start) by extension 'colcon_pkg'
[0.523s] Level 1:colcon.colcon_core.package_identification:_identify(src/quick_start) by extensions ['colcon_meta']
[0.523s] Level 1:colcon.colcon_core.package_identification:_identify(src/quick_start) by extension 'colcon_meta'
[0.523s] Level 1:colcon.colcon_core.package_identification:_identify(src/quick_start) by extensions ['ros']
[0.523s] Level 1:colcon.colcon_core.package_identification:_identify(src/quick_start) by extension 'ros'
[0.526s] DEBUG:colcon.colcon_core.package_identification:Package 'src/quick_start' with type 'ros.ament_cmake' and name 'quick_start'
[0.526s] Level 1:colcon.colcon_core.package_discovery:discover_packages(recursive) using defaults
[0.526s] Level 1:colcon.colcon_core.package_discovery:discover_packages(ignore) discover
[0.526s] Level 1:colcon.colcon_core.package_discovery:discover_packages(ignore) using defaults
[0.526s] Level 1:colcon.colcon_core.package_discovery:discover_packages(path) discover
[0.526s] Level 1:colcon.colcon_core.package_discovery:discover_packages(path) using defaults
[0.556s] Level 1:colcon.colcon_core.package_discovery:discover_packages(prefix_path) check parameters
[0.556s] Level 1:colcon.colcon_core.package_discovery:discover_packages(prefix_path) discover
[0.558s] WARNING:colcon.colcon_ros.prefix_path.ament:The path '/home/suresoft/transform/install/hello_moveit' in the environment variable AMENT_PREFIX_PATH doesn't exist
[0.559s] WARNING:colcon.colcon_ros.prefix_path.catkin:The path '/home/suresoft/transform/install/hello_moveit' in the environment variable CMAKE_PREFIX_PATH doesn't exist
[0.561s] DEBUG:colcon.colcon_installed_package_information.package_discovery:Found 2 installed packages in /home/suresoft/transform/install
[0.563s] DEBUG:colcon.colcon_installed_package_information.package_discovery:Found 375 installed packages in /opt/ros/humble
[0.565s] Level 1:colcon.colcon_core.package_discovery:discover_packages(prefix_path) using defaults
[0.639s] Level 5:colcon.colcon_core.verb:set package 'move_coordinate' build argument 'cmake_args' from command line to 'None'
[0.639s] Level 5:colcon.colcon_core.verb:set package 'move_coordinate' build argument 'cmake_target' from command line to 'None'
[0.639s] Level 5:colcon.colcon_core.verb:set package 'move_coordinate' build argument 'cmake_target_skip_unavailable' from command line to 'False'
[0.639s] Level 5:colcon.colcon_core.verb:set package 'move_coordinate' build argument 'cmake_clean_cache' from command line to 'False'
[0.639s] Level 5:colcon.colcon_core.verb:set package 'move_coordinate' build argument 'cmake_clean_first' from command line to 'False'
[0.639s] Level 5:colcon.colcon_core.verb:set package 'move_coordinate' build argument 'cmake_force_configure' from command line to 'False'
[0.639s] Level 5:colcon.colcon_core.verb:set package 'move_coordinate' build argument 'ament_cmake_args' from command line to 'None'
[0.639s] Level 5:colcon.colcon_core.verb:set package 'move_coordinate' build argument 'catkin_cmake_args' from command line to 'None'
[0.639s] Level 5:colcon.colcon_core.verb:set package 'move_coordinate' build argument 'catkin_skip_building_tests' from command line to 'False'
[0.639s] DEBUG:colcon.colcon_core.verb:Building package 'move_coordinate' with the following arguments: {'ament_cmake_args': None, 'build_base': '/home/suresoft/transform/build/move_coordinate', 'catkin_cmake_args': None, 'catkin_skip_building_tests': False, 'cmake_args': None, 'cmake_clean_cache': False, 'cmake_clean_first': False, 'cmake_force_configure': False, 'cmake_target': None, 'cmake_target_skip_unavailable': False, 'install_base': '/home/suresoft/transform/install/move_coordinate', 'merge_install': False, 'path': '/home/suresoft/transform/src/move_coordinate', 'symlink_install': True, 'test_result_base': None}
[0.641s] Level 5:colcon.colcon_core.verb:set package 'quick_start' build argument 'cmake_args' from command line to 'None'
[0.641s] Level 5:colcon.colcon_core.verb:set package 'quick_start' build argument 'cmake_target' from command line to 'None'
[0.641s] Level 5:colcon.colcon_core.verb:set package 'quick_start' build argument 'cmake_target_skip_unavailable' from command line to 'False'
[0.641s] Level 5:colcon.colcon_core.verb:set package 'quick_start' build argument 'cmake_clean_cache' from command line to 'False'
[0.641s] Level 5:colcon.colcon_core.verb:set package 'quick_start' build argument 'cmake_clean_first' from command line to 'False'
[0.641s] Level 5:colcon.colcon_core.verb:set package 'quick_start' build argument 'cmake_force_configure' from command line to 'False'
[0.641s] Level 5:colcon.colcon_core.verb:set package 'quick_start' build argument 'ament_cmake_args' from command line to 'None'
[0.641s] Level 5:colcon.colcon_core.verb:set package 'quick_start' build argument 'catkin_cmake_args' from command line to 'None'
[0.641s] Level 5:colcon.colcon_core.verb:set package 'quick_start' build argument 'catkin_skip_building_tests' from command line to 'False'
[0.641s] DEBUG:colcon.colcon_core.verb:Building package 'quick_start' with the following arguments: {'ament_cmake_args': None, 'build_base': '/home/suresoft/transform/build/quick_start', 'catkin_cmake_args': None, 'catkin_skip_building_tests': False, 'cmake_args': None, 'cmake_clean_cache': False, 'cmake_clean_first': False, 'cmake_force_configure': False, 'cmake_target': None, 'cmake_target_skip_unavailable': False, 'install_base': '/home/suresoft/transform/install/quick_start', 'merge_install': False, 'path': '/home/suresoft/transform/src/quick_start', 'symlink_install': True, 'test_result_base': None}
[0.642s] INFO:colcon.colcon_core.executor:Executing jobs using 'parallel' executor
[0.651s] DEBUG:colcon.colcon_parallel_executor.executor.parallel:run_until_complete
[0.651s] INFO:colcon.colcon_ros.task.ament_cmake.build:Building ROS package in '/home/suresoft/transform/src/move_coordinate' with build type 'ament_cmake'
[0.651s] INFO:colcon.colcon_cmake.task.cmake.build:Building CMake package in '/home/suresoft/transform/src/move_coordinate'
[0.658s] INFO:colcon.colcon_core.plugin_system:Skipping extension 'colcon_core.shell.bat': Not used on non-Windows systems
[0.658s] INFO:colcon.colcon_core.shell:Skip shell extension 'powershell' for command environment: Not usable outside of PowerShell
[0.658s] DEBUG:colcon.colcon_core.shell:Skip shell extension 'dsv' for command environment
[0.665s] INFO:colcon.colcon_ros.task.ament_cmake.build:Building ROS package in '/home/suresoft/transform/src/quick_start' with build type 'ament_cmake'
[0.665s] INFO:colcon.colcon_cmake.task.cmake.build:Building CMake package in '/home/suresoft/transform/src/quick_start'
[0.668s] INFO:colcon.colcon_core.shell:Skip shell extension 'powershell' for command environment: Not usable outside of PowerShell
[0.668s] DEBUG:colcon.colcon_core.shell:Skip shell extension 'dsv' for command environment
[0.683s] DEBUG:colcon.colcon_core.event_handler.log_command:Invoking command in '/home/suresoft/transform/build/move_coordinate': CMAKE_PREFIX_PATH=${CMAKE_PREFIX_PATH}:/opt/ros/humble /usr/bin/cmake --build /home/suresoft/transform/build/move_coordinate -- -j4 -l4
[0.687s] DEBUG:colcon.colcon_core.event_handler.log_command:Invoking command in '/home/suresoft/transform/build/quick_start': CMAKE_PREFIX_PATH=${CMAKE_PREFIX_PATH}:/opt/ros/humble /usr/bin/cmake --build /home/suresoft/transform/build/quick_start -- -j4 -l4
[0.730s] DEBUG:colcon.colcon_core.event_handler.log_command:Invoked command in '/home/suresoft/transform/build/quick_start' returned '0': CMAKE_PREFIX_PATH=${CMAKE_PREFIX_PATH}:/opt/ros/humble /usr/bin/cmake --build /home/suresoft/transform/build/quick_start -- -j4 -l4
[0.759s] DEBUG:colcon.colcon_core.event_handler.log_command:Invoking command in '/home/suresoft/transform/build/quick_start': CMAKE_PREFIX_PATH=${CMAKE_PREFIX_PATH}:/opt/ros/humble /usr/bin/cmake --install /home/suresoft/transform/build/quick_start
[0.762s] DEBUG:colcon.colcon_core.event_handler.log_command:Invoked command in '/home/suresoft/transform/build/move_coordinate' returned '0': CMAKE_PREFIX_PATH=${CMAKE_PREFIX_PATH}:/opt/ros/humble /usr/bin/cmake --build /home/suresoft/transform/build/move_coordinate -- -j4 -l4
[0.788s] Level 1:colcon.colcon_core.environment:create_environment_scripts_only(quick_start)
[0.791s] DEBUG:colcon.colcon_core.event_handler.log_command:Invoked command in '/home/suresoft/transform/build/quick_start' returned '0': CMAKE_PREFIX_PATH=${CMAKE_PREFIX_PATH}:/opt/ros/humble /usr/bin/cmake --install /home/suresoft/transform/build/quick_start
[0.800s] Level 1:colcon.colcon_core.environment:checking '/home/suresoft/transform/install/quick_start' for CMake module files
[0.801s] Level 1:colcon.colcon_core.environment:checking '/home/suresoft/transform/install/quick_start' for CMake config files
[0.801s] Level 1:colcon.colcon_core.shell:create_environment_hook('quick_start', 'cmake_prefix_path')
[0.804s] INFO:colcon.colcon_core.shell:Creating environment hook '/home/suresoft/transform/install/quick_start/share/quick_start/hook/cmake_prefix_path.ps1'
[0.805s] INFO:colcon.colcon_core.shell:Creating environment descriptor '/home/suresoft/transform/install/quick_start/share/quick_start/hook/cmake_prefix_path.dsv'
[0.805s] INFO:colcon.colcon_core.shell:Creating environment hook '/home/suresoft/transform/install/quick_start/share/quick_start/hook/cmake_prefix_path.sh'
[0.806s] Level 1:colcon.colcon_core.environment:checking '/home/suresoft/transform/install/quick_start/bin'
[0.806s] Level 1:colcon.colcon_core.environment:checking '/home/suresoft/transform/install/quick_start/lib/pkgconfig/quick_start.pc'
[0.807s] Level 1:colcon.colcon_core.environment:checking '/home/suresoft/transform/install/quick_start/lib/python3.10/site-packages'
[0.807s] Level 1:colcon.colcon_core.environment:checking '/home/suresoft/transform/install/quick_start/bin'
[0.810s] INFO:colcon.colcon_core.shell:Creating package script '/home/suresoft/transform/install/quick_start/share/quick_start/package.ps1'
[0.811s] INFO:colcon.colcon_core.shell:Creating package descriptor '/home/suresoft/transform/install/quick_start/share/quick_start/package.dsv'
[0.811s] INFO:colcon.colcon_core.shell:Creating package script '/home/suresoft/transform/install/quick_start/share/quick_start/package.sh'
[0.812s] INFO:colcon.colcon_core.shell:Creating package script '/home/suresoft/transform/install/quick_start/share/quick_start/package.bash'
[0.812s] INFO:colcon.colcon_core.shell:Creating package script '/home/suresoft/transform/install/quick_start/share/quick_start/package.zsh'
[0.813s] Level 1:colcon.colcon_core.environment:create_file_with_runtime_dependencies(/home/suresoft/transform/install/quick_start/share/colcon-core/packages/quick_start)
[0.816s] DEBUG:colcon.colcon_core.event_handler.log_command:Invoking command in '/home/suresoft/transform/build/move_coordinate': CMAKE_PREFIX_PATH=${CMAKE_PREFIX_PATH}:/opt/ros/humble /usr/bin/cmake --install /home/suresoft/transform/build/move_coordinate
[0.842s] Level 1:colcon.colcon_core.environment:create_environment_scripts_only(quick_start)
[0.846s] Level 1:colcon.colcon_core.environment:checking '/home/suresoft/transform/install/quick_start' for CMake module files
[0.847s] Level 1:colcon.colcon_core.environment:checking '/home/suresoft/transform/install/quick_start' for CMake config files
[0.847s] Level 1:colcon.colcon_core.shell:create_environment_hook('quick_start', 'cmake_prefix_path')
[0.850s] INFO:colcon.colcon_core.shell:Creating environment hook '/home/suresoft/transform/install/quick_start/share/quick_start/hook/cmake_prefix_path.ps1'
[0.850s] INFO:colcon.colcon_core.shell:Creating environment descriptor '/home/suresoft/transform/install/quick_start/share/quick_start/hook/cmake_prefix_path.dsv'
[0.851s] INFO:colcon.colcon_core.shell:Creating environment hook '/home/suresoft/transform/install/quick_start/share/quick_start/hook/cmake_prefix_path.sh'
[0.851s] Level 1:colcon.colcon_core.environment:checking '/home/suresoft/transform/install/quick_start/bin'
[0.851s] Level 1:colcon.colcon_core.environment:checking '/home/suresoft/transform/install/quick_start/lib/pkgconfig/quick_start.pc'
[0.852s] Level 1:colcon.colcon_core.environment:checking '/home/suresoft/transform/install/quick_start/lib/python3.10/site-packages'
[0.852s] Level 1:colcon.colcon_core.environment:checking '/home/suresoft/transform/install/quick_start/bin'
[0.855s] INFO:colcon.colcon_core.shell:Creating package script '/home/suresoft/transform/install/quick_start/share/quick_start/package.ps1'
[0.855s] INFO:colcon.colcon_core.shell:Creating package descriptor '/home/suresoft/transform/install/quick_start/share/quick_start/package.dsv'
[0.856s] INFO:colcon.colcon_core.shell:Creating package script '/home/suresoft/transform/install/quick_start/share/quick_start/package.sh'
[0.856s] INFO:colcon.colcon_core.shell:Creating package script '/home/suresoft/transform/install/quick_start/share/quick_start/package.bash'
[0.857s] INFO:colcon.colcon_core.shell:Creating package script '/home/suresoft/transform/install/quick_start/share/quick_start/package.zsh'
[0.857s] Level 1:colcon.colcon_core.environment:create_file_with_runtime_dependencies(/home/suresoft/transform/install/quick_start/share/colcon-core/packages/quick_start)
[0.858s] Level 1:colcon.colcon_core.environment:create_environment_scripts_only(move_coordinate)
[0.862s] Level 1:colcon.colcon_core.environment:checking '/home/suresoft/transform/install/move_coordinate' for CMake module files
[0.863s] DEBUG:colcon.colcon_core.event_handler.log_command:Invoked command in '/home/suresoft/transform/build/move_coordinate' returned '0': CMAKE_PREFIX_PATH=${CMAKE_PREFIX_PATH}:/opt/ros/humble /usr/bin/cmake --install /home/suresoft/transform/build/move_coordinate
[0.863s] Level 1:colcon.colcon_core.environment:checking '/home/suresoft/transform/install/move_coordinate' for CMake config files
[0.864s] Level 1:colcon.colcon_core.shell:create_environment_hook('move_coordinate', 'cmake_prefix_path')
[0.867s] INFO:colcon.colcon_core.shell:Creating environment hook '/home/suresoft/transform/install/move_coordinate/share/move_coordinate/hook/cmake_prefix_path.ps1'
[0.867s] INFO:colcon.colcon_core.shell:Creating environment descriptor '/home/suresoft/transform/install/move_coordinate/share/move_coordinate/hook/cmake_prefix_path.dsv'
[0.867s] INFO:colcon.colcon_core.shell:Creating environment hook '/home/suresoft/transform/install/move_coordinate/share/move_coordinate/hook/cmake_prefix_path.sh'
[0.868s] Level 1:colcon.colcon_core.environment:checking '/home/suresoft/transform/install/move_coordinate/lib'
[0.868s] Level 1:colcon.colcon_core.environment:checking '/home/suresoft/transform/install/move_coordinate/bin'
[0.868s] Level 1:colcon.colcon_core.environment:checking '/home/suresoft/transform/install/move_coordinate/lib/pkgconfig/move_coordinate.pc'
[0.868s] Level 1:colcon.colcon_core.environment:checking '/home/suresoft/transform/install/move_coordinate/lib/python3.10/site-packages'
[0.868s] Level 1:colcon.colcon_core.environment:checking '/home/suresoft/transform/install/move_coordinate/bin'
[0.872s] INFO:colcon.colcon_core.shell:Creating package script '/home/suresoft/transform/install/move_coordinate/share/move_coordinate/package.ps1'
[0.872s] INFO:colcon.colcon_core.shell:Creating package descriptor '/home/suresoft/transform/install/move_coordinate/share/move_coordinate/package.dsv'
[0.872s] INFO:colcon.colcon_core.shell:Creating package script '/home/suresoft/transform/install/move_coordinate/share/move_coordinate/package.sh'
[0.873s] INFO:colcon.colcon_core.shell:Creating package script '/home/suresoft/transform/install/move_coordinate/share/move_coordinate/package.bash'
[0.873s] INFO:colcon.colcon_core.shell:Creating package script '/home/suresoft/transform/install/move_coordinate/share/move_coordinate/package.zsh'
[0.873s] Level 1:colcon.colcon_core.environment:create_file_with_runtime_dependencies(/home/suresoft/transform/install/move_coordinate/share/colcon-core/packages/move_coordinate)
[0.902s] Level 1:colcon.colcon_core.environment:create_environment_scripts_only(move_coordinate)
[0.906s] Level 1:colcon.colcon_core.environment:checking '/home/suresoft/transform/install/move_coordinate' for CMake module files
[0.907s] Level 1:colcon.colcon_core.environment:checking '/home/suresoft/transform/install/move_coordinate' for CMake config files
[0.907s] Level 1:colcon.colcon_core.shell:create_environment_hook('move_coordinate', 'cmake_prefix_path')
[0.911s] INFO:colcon.colcon_core.shell:Creating environment hook '/home/suresoft/transform/install/move_coordinate/share/move_coordinate/hook/cmake_prefix_path.ps1'
[0.911s] INFO:colcon.colcon_core.shell:Creating environment descriptor '/home/suresoft/transform/install/move_coordinate/share/move_coordinate/hook/cmake_prefix_path.dsv'
[0.912s] INFO:colcon.colcon_core.shell:Creating environment hook '/home/suresoft/transform/install/move_coordinate/share/move_coordinate/hook/cmake_prefix_path.sh'
[0.912s] Level 1:colcon.colcon_core.environment:checking '/home/suresoft/transform/install/move_coordinate/lib'
[0.912s] Level 1:colcon.colcon_core.environment:checking '/home/suresoft/transform/install/move_coordinate/bin'
[0.912s] Level 1:colcon.colcon_core.environment:checking '/home/suresoft/transform/install/move_coordinate/lib/pkgconfig/move_coordinate.pc'
[0.913s] Level 1:colcon.colcon_core.environment:checking '/home/suresoft/transform/install/move_coordinate/lib/python3.10/site-packages'
[0.913s] Level 1:colcon.colcon_core.environment:checking '/home/suresoft/transform/install/move_coordinate/bin'
[0.916s] INFO:colcon.colcon_core.shell:Creating package script '/home/suresoft/transform/install/move_coordinate/share/move_coordinate/package.ps1'
[0.917s] INFO:colcon.colcon_core.shell:Creating package descriptor '/home/suresoft/transform/install/move_coordinate/share/move_coordinate/package.dsv'
[0.917s] INFO:colcon.colcon_core.shell:Creating package script '/home/suresoft/transform/install/move_coordinate/share/move_coordinate/package.sh'
[0.917s] INFO:colcon.colcon_core.shell:Creating package script '/home/suresoft/transform/install/move_coordinate/share/move_coordinate/package.bash'
[0.918s] INFO:colcon.colcon_core.shell:Creating package script '/home/suresoft/transform/install/move_coordinate/share/move_coordinate/package.zsh'
[0.918s] Level 1:colcon.colcon_core.environment:create_file_with_runtime_dependencies(/home/suresoft/transform/install/move_coordinate/share/colcon-core/packages/move_coordinate)
[0.918s] DEBUG:colcon.colcon_parallel_executor.executor.parallel:closing loop
[0.918s] DEBUG:colcon.colcon_parallel_executor.executor.parallel:loop closed
[0.919s] DEBUG:colcon.colcon_parallel_executor.executor.parallel:run_until_complete finished with '0'
[0.919s] DEBUG:colcon.colcon_core.event_reactor:joining thread
[0.932s] INFO:colcon.colcon_core.plugin_system:Skipping extension 'colcon_notification.desktop_notification.terminal_notifier': Not used on non-Darwin systems
[0.932s] INFO:colcon.colcon_core.plugin_system:Skipping extension 'colcon_notification.desktop_notification.win32': Not used on non-Windows systems
[0.932s] INFO:colcon.colcon_notification.desktop_notification:Sending desktop notification using 'notify2'
[0.940s] DEBUG:colcon.colcon_core.event_reactor:joined thread
[0.944s] INFO:colcon.colcon_core.shell:Creating prefix script '/home/suresoft/transform/install/local_setup.ps1'
[0.945s] INFO:colcon.colcon_core.shell:Creating prefix util module '/home/suresoft/transform/install/_local_setup_util_ps1.py'
[0.947s] INFO:colcon.colcon_core.shell:Creating prefix chain script '/home/suresoft/transform/install/setup.ps1'
[0.948s] INFO:colcon.colcon_core.shell:Creating prefix script '/home/suresoft/transform/install/local_setup.sh'
[0.949s] INFO:colcon.colcon_core.shell:Creating prefix util module '/home/suresoft/transform/install/_local_setup_util_sh.py'
[0.949s] INFO:colcon.colcon_core.shell:Creating prefix chain script '/home/suresoft/transform/install/setup.sh'
[0.951s] INFO:colcon.colcon_core.shell:Creating prefix script '/home/suresoft/transform/install/local_setup.bash'
[0.951s] INFO:colcon.colcon_core.shell:Creating prefix chain script '/home/suresoft/transform/install/setup.bash'
[0.953s] INFO:colcon.colcon_core.shell:Creating prefix script '/home/suresoft/transform/install/local_setup.zsh'
[0.954s] INFO:colcon.colcon_core.shell:Creating prefix chain script '/home/suresoft/transform/install/setup.zsh'
