[0.034s] Invoking command in '/home/suresoft/transform/build/move_coordinate': CMAKE_PREFIX_PATH=${CMAKE_PREFIX_PATH}:/opt/ros/humble /usr/bin/cmake --build /home/suresoft/transform/build/move_coordinate -- -j4 -l4
[0.078s] [35m[1mConsolidate compiler generated dependencies of target move_coordinate[0m
[0.117s] [ 50%] [32mBuilding CXX object CMakeFiles/move_coordinate.dir/src/move_coordinate.cpp.o[0m
[5.016s] [01m[K/home/suresoft/transform/src/move_coordinate/src/move_coordinate.cpp:[m[K In function ‘[01m[Kint main(int, char**)[m[K’:
[5.016s] [01m[K/home/suresoft/transform/src/move_coordinate/src/move_coordinate.cpp:84:25:[m[K [01;35m[Kwarning: [m[Kcomparison of integer expressions of different signedness: ‘[01m[Kint[m[K’ and ‘[01m[Kstd::vector<double, std::allocator<double> >::size_type[m[K’ {aka ‘[01m[Klong unsigned int[m[K’} [[01;35m[K]8;;https://gcc.gnu.org/onlinedocs/gcc/Warning-Options.html#index-Wsign-compare-Wsign-compare]8;;[m[K]
[5.016s]    84 |       for (int i = 0; [01;35m[Ki < joint_group_positions.size()[m[K; i++)
[5.016s]       |                       [01;35m[K~~^~~~~~~~~~~~~~~~~~~~~~~~~~~~~~[m[K
[8.426s] [100%] [32m[1mLinking CXX executable move_coordinate[0m
[8.727s] [100%] Built target move_coordinate
[8.739s] Invoked command in '/home/suresoft/transform/build/move_coordinate' returned '0': CMAKE_PREFIX_PATH=${CMAKE_PREFIX_PATH}:/opt/ros/humble /usr/bin/cmake --build /home/suresoft/transform/build/move_coordinate -- -j4 -l4
[8.767s] Invoking command in '/home/suresoft/transform/build/move_coordinate': CMAKE_PREFIX_PATH=${CMAKE_PREFIX_PATH}:/opt/ros/humble /usr/bin/cmake --install /home/suresoft/transform/build/move_coordinate
[8.777s] -- Install configuration: "Release"
[8.778s] -- Execute custom install script
[8.778s] -- Up-to-date symlink: /home/suresoft/transform/install/move_coordinate/lib/move_coordinate/move_coordinate
[8.778s] -- Up-to-date symlink: /home/suresoft/transform/install/move_coordinate/share/ament_index/resource_index/package_run_dependencies/move_coordinate
[8.779s] -- Up-to-date symlink: /home/suresoft/transform/install/move_coordinate/share/ament_index/resource_index/parent_prefix_path/move_coordinate
[8.779s] -- Up-to-date symlink: /home/suresoft/transform/install/move_coordinate/share/move_coordinate/environment/ament_prefix_path.sh
[8.779s] -- Up-to-date symlink: /home/suresoft/transform/install/move_coordinate/share/move_coordinate/environment/ament_prefix_path.dsv
[8.779s] -- Up-to-date symlink: /home/suresoft/transform/install/move_coordinate/share/move_coordinate/environment/path.sh
[8.780s] -- Up-to-date symlink: /home/suresoft/transform/install/move_coordinate/share/move_coordinate/environment/path.dsv
[8.781s] -- Up-to-date symlink: /home/suresoft/transform/install/move_coordinate/share/move_coordinate/local_setup.bash
[8.781s] -- Up-to-date symlink: /home/suresoft/transform/install/move_coordinate/share/move_coordinate/local_setup.sh
[8.783s] -- Up-to-date symlink: /home/suresoft/transform/install/move_coordinate/share/move_coordinate/local_setup.zsh
[8.783s] -- Up-to-date symlink: /home/suresoft/transform/install/move_coordinate/share/move_coordinate/local_setup.dsv
[8.783s] -- Symlinking: /home/suresoft/transform/install/move_coordinate/share/move_coordinate/package.dsv
[8.793s] -- Up-to-date symlink: /home/suresoft/transform/install/move_coordinate/share/ament_index/resource_index/packages/move_coordinate
[8.793s] -- Up-to-date symlink: /home/suresoft/transform/install/move_coordinate/share/move_coordinate/cmake/move_coordinateConfig.cmake
[8.793s] -- Up-to-date symlink: /home/suresoft/transform/install/move_coordinate/share/move_coordinate/cmake/move_coordinateConfig-version.cmake
[8.793s] -- Up-to-date symlink: /home/suresoft/transform/install/move_coordinate/share/move_coordinate/package.xml
[8.800s] Invoked command in '/home/suresoft/transform/build/move_coordinate' returned '0': CMAKE_PREFIX_PATH=${CMAKE_PREFIX_PATH}:/opt/ros/humble /usr/bin/cmake --install /home/suresoft/transform/build/move_coordinate
