[0.033s] Invoking command in '/home/suresoft/transform/build/move_coordinate': CMAKE_PREFIX_PATH=${CMAKE_PREFIX_PATH}:/opt/ros/humble /usr/bin/cmake /home/suresoft/transform/src/move_coordinate -DCMAKE_BUILD_TYPE=Release -DCMAKE_INSTALL_PREFIX=/home/suresoft/transform/install/move_coordinate
[0.267s] -- The C compiler identification is GNU 11.3.0
[0.471s] -- The CXX compiler identification is GNU 11.3.0
[0.483s] -- Detecting C compiler ABI info
[0.554s] -- Detecting C compiler ABI info - done
[0.569s] -- Check for working C compiler: /usr/bin/cc - skipped
[0.569s] -- Detecting C compile features
[0.570s] -- Detecting C compile features - done
[0.576s] -- Detecting CXX compiler ABI info
[0.657s] -- Detecting CXX compiler ABI info - done
[0.665s] -- Check for working CXX compiler: /usr/bin/c++ - skipped
[0.665s] -- Detecting CXX compile features
[0.666s] -- Detecting CXX compile features - done
[0.673s] -- Found ament_cmake: 1.3.3 (/opt/ros/humble/share/ament_cmake/cmake)
[0.865s] -- Found Python3: /usr/bin/python3.10 (found version "3.10.6") found components: Interpreter 
[0.976s] -- Found moveit_ros_planning_interface: 2.5.3 (/opt/ros/humble/share/moveit_ros_planning_interface/cmake)
[1.177s] -- Found Boost: /usr/lib/x86_64-linux-gnu/cmake/Boost-1.74.0/BoostConfig.cmake (found version "1.74.0") found components: date_time filesystem program_options system thread 
[1.247s] -- Found rosidl_generator_c: 3.1.4 (/opt/ros/humble/share/rosidl_generator_c/cmake)
[1.259s] -- Found rosidl_adapter: 3.1.4 (/opt/ros/humble/share/rosidl_adapter/cmake)
[1.274s] -- Found rosidl_generator_cpp: 3.1.4 (/opt/ros/humble/share/rosidl_generator_cpp/cmake)
[1.294s] -- Using all available rosidl_typesupport_c: rosidl_typesupport_fastrtps_c;rosidl_typesupport_introspection_c
[1.322s] -- Using all available rosidl_typesupport_cpp: rosidl_typesupport_fastrtps_cpp;rosidl_typesupport_introspection_cpp
[2.580s] -- Found Boost: /usr/lib/x86_64-linux-gnu/cmake/Boost-1.74.0/BoostConfig.cmake (found version "1.74.0") found components: chrono date_time filesystem iostreams program_options regex serialization system thread 
[2.604s] -- Found Boost: /usr/lib/x86_64-linux-gnu/cmake/Boost-1.74.0/BoostConfig.cmake (found version "1.74.0") found components: filesystem 
[2.754s] -- Found rmw_implementation_cmake: 6.1.1 (/opt/ros/humble/share/rmw_implementation_cmake/cmake)
[2.758s] -- Found rmw_fastrtps_cpp: 6.2.2 (/opt/ros/humble/share/rmw_fastrtps_cpp/cmake)
[2.888s] -- Found OpenSSL: /usr/lib/x86_64-linux-gnu/libcrypto.so (found version "3.0.2")  
[2.927s] -- Found FastRTPS: /opt/ros/humble/include  
[3.000s] -- Using RMW implementation 'rmw_fastrtps_cpp' as default
[3.016s] -- Found Threads: TRUE  
[3.352s] -- library: /usr/lib/x86_64-linux-gnu/libcurl.so
[3.566s] -- Found Eigen3: TRUE (found version "3.4.0") 
[3.566s] -- Ensuring Eigen3 include directory is part of orocos-kdl CMake target
[4.208s] -- Found Boost: /usr/lib/x86_64-linux-gnu/cmake/Boost-1.74.0/BoostConfig.cmake (found version "1.74.0") found components: system filesystem date_time program_options thread chrono 
[5.000s] -- Found Boost: /usr/lib/x86_64-linux-gnu/cmake/Boost-1.74.0/BoostConfig.cmake (found version "1.74.0") found components: thread system filesystem regex date_time program_options 
[5.302s] -- Found Boost: /usr/lib/x86_64-linux-gnu/cmake/Boost-1.74.0/BoostConfig.cmake (found version "1.74.0") found components: system filesystem date_time program_options thread 
[5.789s] -- Found ament_lint_auto: 0.12.4 (/opt/ros/humble/share/ament_lint_auto/cmake)
[5.884s] -- Added test 'cppcheck' to perform static code analysis on C / C++ code
[5.884s] -- Configured cppcheck include dirs: $<BUILD_INTERFACE:/home/suresoft/transform/src/move_coordinate/include>
[5.884s] -- Configured cppcheck exclude dirs and/or files: 
[5.885s] -- Added test 'lint_cmake' to check CMake code style
[5.887s] -- Added test 'uncrustify' to check C / C++ code style
[5.887s] -- Configured uncrustify additional arguments: 
[5.888s] -- Added test 'xmllint' to check XML markup files
[5.890s] -- Configuring done
[5.948s] -- Generating done
[5.952s] -- Build files have been written to: /home/suresoft/transform/build/move_coordinate
[5.970s] Invoked command in '/home/suresoft/transform/build/move_coordinate' returned '0': CMAKE_PREFIX_PATH=${CMAKE_PREFIX_PATH}:/opt/ros/humble /usr/bin/cmake /home/suresoft/transform/src/move_coordinate -DCMAKE_BUILD_TYPE=Release -DCMAKE_INSTALL_PREFIX=/home/suresoft/transform/install/move_coordinate
[5.972s] Invoking command in '/home/suresoft/transform/build/move_coordinate': CMAKE_PREFIX_PATH=${CMAKE_PREFIX_PATH}:/opt/ros/humble /usr/bin/cmake --build /home/suresoft/transform/build/move_coordinate -- -j4 -l4
[6.018s] [ 50%] [32mBuilding CXX object CMakeFiles/move_coordinate.dir/src/move_coordinate.cpp.o[0m
[11.199s] [01m[K/home/suresoft/transform/src/move_coordinate/src/move_coordinate.cpp:[m[K In function ‘[01m[Kint main(int, char**)[m[K’:
[11.199s] [01m[K/home/suresoft/transform/src/move_coordinate/src/move_coordinate.cpp:103:27:[m[K [01;35m[Kwarning: [m[Kcomparison of integer expressions of different signedness: ‘[01m[Kint[m[K’ and ‘[01m[Kstd::vector<double, std::allocator<double> >::size_type[m[K’ {aka ‘[01m[Klong unsigned int[m[K’} [[01;35m[K]8;;https://gcc.gnu.org/onlinedocs/gcc/Warning-Options.html#index-Wsign-compare-Wsign-compare]8;;[m[K]
[11.199s]   103 |         for (int i = 0; [01;35m[Ki < joint_group_positions.size()[m[K; i++)
[11.200s]       |                         [01;35m[K~~^~~~~~~~~~~~~~~~~~~~~~~~~~~~~~[m[K
[14.595s] [100%] [32m[1mLinking CXX executable move_coordinate[0m
[15.039s] [100%] Built target move_coordinate
[15.050s] Invoked command in '/home/suresoft/transform/build/move_coordinate' returned '0': CMAKE_PREFIX_PATH=${CMAKE_PREFIX_PATH}:/opt/ros/humble /usr/bin/cmake --build /home/suresoft/transform/build/move_coordinate -- -j4 -l4
[15.077s] Invoking command in '/home/suresoft/transform/build/move_coordinate': CMAKE_PREFIX_PATH=${CMAKE_PREFIX_PATH}:/opt/ros/humble /usr/bin/cmake --install /home/suresoft/transform/build/move_coordinate
[15.084s] -- Install configuration: "Release"
[15.084s] -- Installing: /home/suresoft/transform/install/move_coordinate/lib/move_coordinate/move_coordinate
[15.085s] -- Set runtime path of "/home/suresoft/transform/install/move_coordinate/lib/move_coordinate/move_coordinate" to ""
[15.085s] -- Installing: /home/suresoft/transform/install/move_coordinate/share/ament_index/resource_index/package_run_dependencies/move_coordinate
[15.085s] -- Installing: /home/suresoft/transform/install/move_coordinate/share/ament_index/resource_index/parent_prefix_path/move_coordinate
[15.086s] -- Installing: /home/suresoft/transform/install/move_coordinate/share/move_coordinate/environment/ament_prefix_path.sh
[15.086s] -- Installing: /home/suresoft/transform/install/move_coordinate/share/move_coordinate/environment/ament_prefix_path.dsv
[15.086s] -- Installing: /home/suresoft/transform/install/move_coordinate/share/move_coordinate/environment/path.sh
[15.086s] -- Installing: /home/suresoft/transform/install/move_coordinate/share/move_coordinate/environment/path.dsv
[15.086s] -- Installing: /home/suresoft/transform/install/move_coordinate/share/move_coordinate/local_setup.bash
[15.086s] -- Installing: /home/suresoft/transform/install/move_coordinate/share/move_coordinate/local_setup.sh
[15.087s] -- Installing: /home/suresoft/transform/install/move_coordinate/share/move_coordinate/local_setup.zsh
[15.087s] -- Installing: /home/suresoft/transform/install/move_coordinate/share/move_coordinate/local_setup.dsv
[15.087s] -- Installing: /home/suresoft/transform/install/move_coordinate/share/move_coordinate/package.dsv
[15.087s] -- Installing: /home/suresoft/transform/install/move_coordinate/share/ament_index/resource_index/packages/move_coordinate
[15.087s] -- Installing: /home/suresoft/transform/install/move_coordinate/share/move_coordinate/cmake/move_coordinateConfig.cmake
[15.087s] -- Installing: /home/suresoft/transform/install/move_coordinate/share/move_coordinate/cmake/move_coordinateConfig-version.cmake
[15.088s] -- Installing: /home/suresoft/transform/install/move_coordinate/share/move_coordinate/package.xml
[15.095s] Invoked command in '/home/suresoft/transform/build/move_coordinate' returned '0': CMAKE_PREFIX_PATH=${CMAKE_PREFIX_PATH}:/opt/ros/humble /usr/bin/cmake --install /home/suresoft/transform/build/move_coordinate
