[0.021s] Invoking command in '/home/suresoft/transform/build/hello_moveit': CMAKE_PREFIX_PATH=/opt/ros/humble /usr/bin/cmake /home/suresoft/transform/src/hello_moveit -DCMAKE_BUILD_TYPE=Debug -DCMAKE_INSTALL_PREFIX=/home/suresoft/transform/install/hello_moveit
[0.200s] -- The C compiler identification is GNU 11.3.0
[0.347s] -- The CXX compiler identification is GNU 11.3.0
[0.358s] -- Detecting C compiler ABI info
[0.431s] -- Detecting C compiler ABI info - done
[0.439s] -- Check for working C compiler: /usr/bin/cc - skipped
[0.439s] -- Detecting C compile features
[0.440s] -- Detecting C compile features - done
[0.444s] -- Detecting CXX compiler ABI info
[0.521s] -- Detecting CXX compiler ABI info - done
[0.529s] -- Check for working CXX compiler: /usr/bin/c++ - skipped
[0.529s] -- Detecting CXX compile features
[0.530s] -- Detecting CXX compile features - done
[0.534s] -- Found ament_cmake: 1.3.2 (/opt/ros/humble/share/ament_cmake/cmake)
[0.704s] -- Found Python3: /usr/bin/python3.10 (found version "3.10.6") found components: Interpreter 
[0.805s] -- Found moveit_ros_planning_interface: 2.5.3 (/opt/ros/humble/share/moveit_ros_planning_interface/cmake)
[0.977s] -- Found Boost: /usr/lib/x86_64-linux-gnu/cmake/Boost-1.74.0/BoostConfig.cmake (found version "1.74.0") found components: date_time filesystem program_options system thread 
[1.034s] -- Found rosidl_generator_c: 3.1.3 (/opt/ros/humble/share/rosidl_generator_c/cmake)
[1.041s] -- Found rosidl_adapter: 3.1.3 (/opt/ros/humble/share/rosidl_adapter/cmake)
[1.053s] -- Found rosidl_generator_cpp: 3.1.3 (/opt/ros/humble/share/rosidl_generator_cpp/cmake)
[1.073s] -- Using all available rosidl_typesupport_c: rosidl_typesupport_fastrtps_c;rosidl_typesupport_introspection_c
[1.099s] -- Using all available rosidl_typesupport_cpp: rosidl_typesupport_fastrtps_cpp;rosidl_typesupport_introspection_cpp
[2.200s] -- Found Boost: /usr/lib/x86_64-linux-gnu/cmake/Boost-1.74.0/BoostConfig.cmake (found version "1.74.0") found components: chrono date_time filesystem iostreams program_options regex serialization system thread 
[2.217s] -- Found Boost: /usr/lib/x86_64-linux-gnu/cmake/Boost-1.74.0/BoostConfig.cmake (found version "1.74.0") found components: filesystem 
[2.325s] -- Found rmw_implementation_cmake: 6.1.0 (/opt/ros/humble/share/rmw_implementation_cmake/cmake)
[2.329s] -- Found rmw_fastrtps_cpp: 6.2.1 (/opt/ros/humble/share/rmw_fastrtps_cpp/cmake)
[2.438s] -- Found OpenSSL: /usr/lib/x86_64-linux-gnu/libcrypto.so (found version "3.0.2")  
[2.467s] -- Found FastRTPS: /opt/ros/humble/include  
[2.516s] -- Using RMW implementation 'rmw_fastrtps_cpp' as default
[2.743s] -- library: /usr/lib/x86_64-linux-gnu/libcurl.so
[2.934s] -- Found Eigen3: TRUE (found version "3.4.0") 
[2.934s] -- Ensuring Eigen3 include directory is part of orocos-kdl CMake target
[3.565s] -- Found Boost: /usr/lib/x86_64-linux-gnu/cmake/Boost-1.74.0/BoostConfig.cmake (found version "1.74.0") found components: system filesystem date_time program_options thread chrono 
[4.189s] -- Found Boost: /usr/lib/x86_64-linux-gnu/cmake/Boost-1.74.0/BoostConfig.cmake (found version "1.74.0") found components: thread system filesystem regex date_time program_options 
[4.523s] -- Found Boost: /usr/lib/x86_64-linux-gnu/cmake/Boost-1.74.0/BoostConfig.cmake (found version "1.74.0") found components: system filesystem date_time program_options thread 
[5.013s] -- Found ament_lint_auto: 0.12.4 (/opt/ros/humble/share/ament_lint_auto/cmake)
[5.098s] -- Added test 'cppcheck' to perform static code analysis on C / C++ code
[5.098s] -- Configured cppcheck include dirs: $<BUILD_INTERFACE:/home/suresoft/transform/src/hello_moveit/include>
[5.098s] -- Configured cppcheck exclude dirs and/or files: 
[5.099s] -- Added test 'lint_cmake' to check CMake code style
[5.100s] -- Added test 'uncrustify' to check C / C++ code style
[5.101s] -- Configured uncrustify additional arguments: 
[5.101s] -- Added test 'xmllint' to check XML markup files
[5.102s] -- Configuring done
[5.146s] -- Generating done
[5.148s] -- Build files have been written to: /home/suresoft/transform/build/hello_moveit
[5.162s] Invoked command in '/home/suresoft/transform/build/hello_moveit' returned '0': CMAKE_PREFIX_PATH=/opt/ros/humble /usr/bin/cmake /home/suresoft/transform/src/hello_moveit -DCMAKE_BUILD_TYPE=Debug -DCMAKE_INSTALL_PREFIX=/home/suresoft/transform/install/hello_moveit
[5.164s] Invoking command in '/home/suresoft/transform/build/hello_moveit': CMAKE_PREFIX_PATH=/opt/ros/humble /usr/bin/cmake --build /home/suresoft/transform/build/hello_moveit -- -j4 -l4
[5.211s] [ 50%] [32mBuilding CXX object CMakeFiles/hello_moveit.dir/src/hello_moveit.cpp.o[0m
[15.066s] [100%] [32m[1mLinking CXX executable hello_moveit[0m
[15.687s] [100%] Built target hello_moveit
[15.700s] Invoked command in '/home/suresoft/transform/build/hello_moveit' returned '0': CMAKE_PREFIX_PATH=/opt/ros/humble /usr/bin/cmake --build /home/suresoft/transform/build/hello_moveit -- -j4 -l4
[15.730s] Invoking command in '/home/suresoft/transform/build/hello_moveit': CMAKE_PREFIX_PATH=/opt/ros/humble /usr/bin/cmake --install /home/suresoft/transform/build/hello_moveit
[15.737s] -- Install configuration: "Debug"
[15.738s] -- Installing: /home/suresoft/transform/install/hello_moveit/lib/hello_moveit/hello_moveit
[15.746s] -- Set runtime path of "/home/suresoft/transform/install/hello_moveit/lib/hello_moveit/hello_moveit" to ""
[15.746s] -- Installing: /home/suresoft/transform/install/hello_moveit/share/ament_index/resource_index/package_run_dependencies/hello_moveit
[15.747s] -- Installing: /home/suresoft/transform/install/hello_moveit/share/ament_index/resource_index/parent_prefix_path/hello_moveit
[15.747s] -- Installing: /home/suresoft/transform/install/hello_moveit/share/hello_moveit/environment/ament_prefix_path.sh
[15.747s] -- Installing: /home/suresoft/transform/install/hello_moveit/share/hello_moveit/environment/ament_prefix_path.dsv
[15.748s] -- Installing: /home/suresoft/transform/install/hello_moveit/share/hello_moveit/environment/path.sh
[15.748s] -- Installing: /home/suresoft/transform/install/hello_moveit/share/hello_moveit/environment/path.dsv
[15.748s] -- Installing: /home/suresoft/transform/install/hello_moveit/share/hello_moveit/local_setup.bash
[15.748s] -- Installing: /home/suresoft/transform/install/hello_moveit/share/hello_moveit/local_setup.sh
[15.749s] -- Installing: /home/suresoft/transform/install/hello_moveit/share/hello_moveit/local_setup.zsh
[15.749s] -- Installing: /home/suresoft/transform/install/hello_moveit/share/hello_moveit/local_setup.dsv
[15.749s] -- Installing: /home/suresoft/transform/install/hello_moveit/share/hello_moveit/package.dsv
[15.749s] -- Installing: /home/suresoft/transform/install/hello_moveit/share/ament_index/resource_index/packages/hello_moveit
[15.750s] -- Installing: /home/suresoft/transform/install/hello_moveit/share/hello_moveit/cmake/hello_moveitConfig.cmake
[15.750s] -- Installing: /home/suresoft/transform/install/hello_moveit/share/hello_moveit/cmake/hello_moveitConfig-version.cmake
[15.750s] -- Installing: /home/suresoft/transform/install/hello_moveit/share/hello_moveit/package.xml
[15.754s] Invoked command in '/home/suresoft/transform/build/hello_moveit' returned '0': CMAKE_PREFIX_PATH=/opt/ros/humble /usr/bin/cmake --install /home/suresoft/transform/build/hello_moveit
