[0.034s] Invoking command in '/home/suresoft/transform/build/move_coordinate': CMAKE_PREFIX_PATH=${CMAKE_PREFIX_PATH}:/opt/ros/humble /usr/bin/cmake --build /home/suresoft/transform/build/move_coordinate -- -j4 -l4
[0.080s] [35m[1mConsolidate compiler generated dependencies of target move_coordinate[0m
[0.112s] [ 50%] [32mBuilding CXX object CMakeFiles/move_coordinate.dir/src/move_coordinate.cpp.o[0m
[5.121s] [01m[K/home/suresoft/transform/src/move_coordinate/src/move_coordinate.cpp:7:19:[m[K [01;35m[Kwarning: [m[Kuse of ‘[01m[Kauto[m[K’ in parameter declaration only available with ‘[01m[K-std=c++20[m[K’ or ‘[01m[K-fconcepts[m[K’
[5.121s]     7 | auto tesfFunction([01;35m[Kauto[m[K move_group_interface);
[5.121s]       |                   [01;35m[K^~~~[m[K
[5.127s] [01m[K/home/suresoft/transform/src/move_coordinate/src/move_coordinate.cpp:[m[K In function ‘[01m[Kint main(int, char**)[m[K’:
[5.127s] [01m[K/home/suresoft/transform/src/move_coordinate/src/move_coordinate.cpp:59:19:[m[K [01;31m[Kerror: [m[Kuse of deleted function ‘[01m[Kmoveit::planning_interface::MoveGroupInterface::MoveGroupInterface(const moveit::planning_interface::MoveGroupInterface&)[m[K’
[5.127s]    59 |       [01;31m[KtesfFunction(move_group_interface)[m[K;
[5.127s]       |       [01;31m[K~~~~~~~~~~~~^~~~~~~~~~~~~~~~~~~~~~[m[K
[5.127s] In file included from [01m[K/home/suresoft/transform/src/move_coordinate/src/move_coordinate.cpp:4[m[K:
[5.127s] [01m[K/opt/ros/humble/include/moveit/move_group_interface/move_group_interface.h:156:3:[m[K [01;36m[Knote: [m[Kdeclared here
[5.127s]   156 |   [01;36m[KMoveGroupInterface[m[K(const MoveGroupInterface&) = delete;
[5.127s]       |   [01;36m[K^~~~~~~~~~~~~~~~~~[m[K
[5.128s] [01m[K/home/suresoft/transform/src/move_coordinate/src/move_coordinate.cpp:7:24:[m[K [01;36m[Knote: [m[K  initializing argument 1 of ‘[01m[Kauto tesfFunction(auto:40) [with auto:40 = moveit::planning_interface::MoveGroupInterface][m[K’
[5.128s]     7 | auto tesfFunction([01;36m[Kauto move_group_interface[m[K);
[5.128s]       |                   [01;36m[K~~~~~^~~~~~~~~~~~~~~~~~~~[m[K
[5.129s] [01m[K/home/suresoft/transform/src/move_coordinate/src/move_coordinate.cpp:75:25:[m[K [01;35m[Kwarning: [m[Kcomparison of integer expressions of different signedness: ‘[01m[Kint[m[K’ and ‘[01m[Kstd::vector<double, std::allocator<double> >::size_type[m[K’ {aka ‘[01m[Klong unsigned int[m[K’} [[01;35m[K]8;;https://gcc.gnu.org/onlinedocs/gcc/Warning-Options.html#index-Wsign-compare-Wsign-compare]8;;[m[K]
[5.129s]    75 |       for (int i = 0; [01;35m[Ki < joint_group_positions.size()[m[K; i++)
[5.129s]       |                       [01;35m[K~~^~~~~~~~~~~~~~~~~~~~~~~~~~~~~~[m[K
[5.134s] [01m[K/home/suresoft/transform/src/move_coordinate/src/move_coordinate.cpp:105:25:[m[K [01;35m[Kwarning: [m[Kcomparison of integer expressions of different signedness: ‘[01m[Kint[m[K’ and ‘[01m[Kstd::vector<double, std::allocator<double> >::size_type[m[K’ {aka ‘[01m[Klong unsigned int[m[K’} [[01;35m[K]8;;https://gcc.gnu.org/onlinedocs/gcc/Warning-Options.html#index-Wsign-compare-Wsign-compare]8;;[m[K]
[5.134s]   105 |       for (int i = 0; [01;35m[Ki < joint_group_positions.size()[m[K; i++)
[5.134s]       |                       [01;35m[K~~^~~~~~~~~~~~~~~~~~~~~~~~~~~~~~[m[K
[5.136s] [01m[K/home/suresoft/transform/src/move_coordinate/src/move_coordinate.cpp:[m[K At global scope:
[5.136s] [01m[K/home/suresoft/transform/src/move_coordinate/src/move_coordinate.cpp:137:19:[m[K [01;35m[Kwarning: [m[Kuse of ‘[01m[Kauto[m[K’ in parameter declaration only available with ‘[01m[K-std=c++20[m[K’ or ‘[01m[K-fconcepts[m[K’
[5.136s]   137 | auto tesfFunction([01;35m[Kauto[m[K move_group_interface)
[5.136s]       |                   [01;35m[K^~~~[m[K
[7.652s] gmake[2]: *** [CMakeFiles/move_coordinate.dir/build.make:76: CMakeFiles/move_coordinate.dir/src/move_coordinate.cpp.o] Error 1
[7.652s] gmake[1]: *** [CMakeFiles/Makefile2:137: CMakeFiles/move_coordinate.dir/all] Error 2
[7.652s] gmake: *** [Makefile:146: all] Error 2
[7.655s] Invoked command in '/home/suresoft/transform/build/move_coordinate' returned '2': CMAKE_PREFIX_PATH=${CMAKE_PREFIX_PATH}:/opt/ros/humble /usr/bin/cmake --build /home/suresoft/transform/build/move_coordinate -- -j4 -l4
