[0.017s] Invoking command in '/home/suresoft/transform/build/quick_start': CMAKE_PREFIX_PATH=/opt/ros/humble /usr/bin/cmake --build /home/suresoft/transform/build/quick_start -- -j4 -l4
[0.039s] -- Found moveit_common: 2.5.3 (/opt/ros/humble/share/moveit_common/cmake)
[0.039s] -- Found ament_cmake: 1.3.2 (/opt/ros/humble/share/ament_cmake/cmake)
[0.189s] -- Override CMake install command with custom implementation using symlinks instead of copying resources
[0.274s] -- Could NOT find libbfd (missing: LIBBFD_LIBRARY LIBBFD_INCLUDE_DIR) 
[0.274s] -- BACKWARD_HAS_UNWIND=1
[0.274s] -- BACKWARD_HAS_BACKTRACE=0
[0.274s] -- BACKWARD_HAS_BACKTRACE_SYMBOL=0
[0.274s] -- BACKWARD_HAS_DW=1
[0.274s] -- BACKWARD_HAS_BFD=0
[0.275s] -- Found Backward: /opt/ros/humble/share/backward_ros/cmake  
[0.275s] [0mquick_start: You did not request a specific build type: Choosing 'Release' for maximum performance[0m
[0.286s] -- Found Boost: /usr/lib/x86_64-linux-gnu/cmake/Boost-1.74.0/BoostConfig.cmake (found version "1.74.0") found components: system filesystem date_time thread 
[0.287s] -- Found control_msgs: 4.1.0 (/opt/ros/humble/share/control_msgs/cmake)
[0.308s] -- Found rosidl_generator_c: 3.1.3 (/opt/ros/humble/share/rosidl_generator_c/cmake)
[0.311s] -- Found rosidl_adapter: 3.1.3 (/opt/ros/humble/share/rosidl_adapter/cmake)
[0.317s] -- Found rosidl_generator_cpp: 3.1.3 (/opt/ros/humble/share/rosidl_generator_cpp/cmake)
[0.330s] -- Using all available rosidl_typesupport_c: rosidl_typesupport_fastrtps_c;rosidl_typesupport_introspection_c
[0.346s] -- Using all available rosidl_typesupport_cpp: rosidl_typesupport_fastrtps_cpp;rosidl_typesupport_introspection_cpp
[0.940s] -- Found moveit_core: 2.5.3 (/opt/ros/humble/share/moveit_core/cmake)
[0.950s] -- Found Boost: /usr/lib/x86_64-linux-gnu/cmake/Boost-1.74.0/BoostConfig.cmake (found version "1.74.0") found components: chrono date_time filesystem iostreams program_options regex serialization system thread 
[0.960s] -- Found Boost: /usr/lib/x86_64-linux-gnu/cmake/Boost-1.74.0/BoostConfig.cmake (found version "1.74.0") found components: filesystem 
[1.026s] -- Found rmw_implementation_cmake: 6.1.0 (/opt/ros/humble/share/rmw_implementation_cmake/cmake)
[1.028s] -- Found rmw_fastrtps_cpp: 6.2.1 (/opt/ros/humble/share/rmw_fastrtps_cpp/cmake)
[1.148s] -- Using RMW implementation 'rmw_fastrtps_cpp' as default
[1.313s] -- library: /usr/lib/x86_64-linux-gnu/libcurl.so
[1.548s] -- Ensuring Eigen3 include directory is part of orocos-kdl CMake target
[2.612s] -- Found moveit_ros_planning: 2.5.3 (/opt/ros/humble/share/moveit_ros_planning/cmake)
[2.618s] -- Found Boost: /usr/lib/x86_64-linux-gnu/cmake/Boost-1.74.0/BoostConfig.cmake (found version "1.74.0") found components: system filesystem date_time program_options thread chrono 
[3.103s] -- Found moveit_ros_planning_interface: 2.5.3 (/opt/ros/humble/share/moveit_ros_planning_interface/cmake)
[3.108s] -- Found Boost: /usr/lib/x86_64-linux-gnu/cmake/Boost-1.74.0/BoostConfig.cmake (found version "1.74.0") found components: date_time filesystem program_options system thread 
[3.324s] -- Found Boost: /usr/lib/x86_64-linux-gnu/cmake/Boost-1.74.0/BoostConfig.cmake (found version "1.74.0") found components: thread system filesystem regex date_time program_options 
[3.604s] -- Found Boost: /usr/lib/x86_64-linux-gnu/cmake/Boost-1.74.0/BoostConfig.cmake (found version "1.74.0") found components: system filesystem date_time program_options thread 
[4.085s] -- Found moveit_ros_perception: 2.5.3 (/opt/ros/humble/share/moveit_ros_perception/cmake)
[4.089s] -- Found Boost: /usr/lib/x86_64-linux-gnu/cmake/Boost-1.74.0/BoostConfig.cmake (found version "1.74.0") found components: thread 
[4.455s] -- Found moveit_servo: 2.5.3 (/opt/ros/humble/share/moveit_servo/cmake)
[5.084s] -- Found interactive_markers: 2.3.2 (/opt/ros/humble/share/interactive_markers/cmake)
[5.099s] -- Found rviz_visual_tools: 4.1.3 (/opt/ros/humble/share/rviz_visual_tools/cmake)
[5.257s] -- Setting OGRE_DIR to: '/opt/ros/humble/share/rviz_ogre_vendor/cmake/../../../opt/rviz_ogre_vendor/lib/OGRE/cmake'
[5.259s] -- Found OGRE
[5.259s] --   static     : OFF
[5.259s] --   components : HLMS;MeshLodGenerator;Overlay;Paging;Property;RTShaderSystem;Terrain;Volume
[5.259s] --   plugins    : Plugin_BSPSceneManager;Plugin_OctreeSceneManager;Plugin_PCZSceneManager;Plugin_ParticleFX;RenderSystem_GL;RenderSystem_GL3Plus;Codec_STBI
[5.259s] --   media      : /opt/ros/humble/opt/rviz_ogre_vendor/share/OGRE/Media
[5.259s] -- OGRE_LIBRARIES: OgreHLMS;OgreMeshLodGenerator;OgreOverlay;OgrePaging;OgreProperty;OgreRTShaderSystem;OgreTerrain;OgreVolume;OgreMain
[5.260s] -- OGRE_LIBRARY_DIRS: /opt/ros/humble/opt/rviz_ogre_vendor/lib
[5.260s] -- OGRE_PLUGINS: Plugin_BSPSceneManager;Plugin_OctreeSceneManager;Plugin_PCZSceneManager;Plugin_ParticleFX;RenderSystem_GL;RenderSystem_GL3Plus;Codec_STBI
[5.260s] -- OGRE_PLUGIN_DIR: /opt/ros/humble/opt/rviz_ogre_vendor/lib/OGRE
[5.260s] -- rviz_ogre_vendor::OgreOverlay for IMPORTED_LOCATION_RELEASE: /opt/ros/humble/opt/rviz_ogre_vendor/lib/libOgreOverlay.so
[5.260s] -- rviz_ogre_vendor::OgreOverlay for IMPORTED_LOCATION_DEBUG: /opt/ros/humble/opt/rviz_ogre_vendor/lib/libOgreOverlay.so
[5.260s] -- rviz_ogre_vendor::OgreMain for IMPORTED_LOCATION_RELEASE: /opt/ros/humble/opt/rviz_ogre_vendor/lib/libOgreMain.so
[5.260s] -- rviz_ogre_vendor::OgreMain for IMPORTED_LOCATION_DEBUG: /opt/ros/humble/opt/rviz_ogre_vendor/lib/libOgreMain.so
[5.281s] -- Found ZLIB: /usr/lib/x86_64-linux-gnu/libz.so (found version "1.2.11") 
[5.286s] -- Found OpenGL: /usr/lib/x86_64-linux-gnu/libOpenGL.so   
[5.372s] -- Found X11: /usr/include   
[5.372s] -- Looking for XOpenDisplay in /usr/lib/x86_64-linux-gnu/libX11.so;/usr/lib/x86_64-linux-gnu/libXext.so
[5.477s] -- Looking for XOpenDisplay in /usr/lib/x86_64-linux-gnu/libX11.so;/usr/lib/x86_64-linux-gnu/libXext.so - found
[5.478s] -- Looking for gethostbyname
[5.576s] -- Looking for gethostbyname - found
[5.576s] -- Looking for connect
[5.675s] -- Looking for connect - found
[5.675s] -- Looking for remove
[5.776s] -- Looking for remove - found
[5.776s] -- Looking for shmat
[5.878s] -- Looking for shmat - found
[5.878s] -- Looking for IceConnectionNumber in ICE
[5.982s] -- Looking for IceConnectionNumber in ICE - found
[5.984s] -- rviz_ogre_vendor::RenderSystem_GL for IMPORTED_LOCATION_RELEASE: _render_system_gl_static_library_abs-NOTFOUND
[5.984s] -- rviz_ogre_vendor::RenderSystem_GL for IMPORTED_LOCATION_DEBUG: _render_system_gl_static_library_abs-NOTFOUND
[6.673s] -- Found moveit_visual_tools: 4.1.0 (/opt/ros/humble/share/moveit_visual_tools/cmake)
[7.272s] -- Configuring done
[7.288s] -- Generating done
[7.291s] -- Build files have been written to: /home/suresoft/transform/build/quick_start
[7.321s] Invoked command in '/home/suresoft/transform/build/quick_start' returned '0': CMAKE_PREFIX_PATH=/opt/ros/humble /usr/bin/cmake --build /home/suresoft/transform/build/quick_start -- -j4 -l4
[7.344s] Invoking command in '/home/suresoft/transform/build/quick_start': CMAKE_PREFIX_PATH=/opt/ros/humble /usr/bin/cmake --install /home/suresoft/transform/build/quick_start
[7.351s] -- Install configuration: "Release"
[7.352s] -- Execute custom install script
[7.357s] -- Symlinking: /home/suresoft/transform/install/quick_start/share/ament_index/resource_index/package_run_dependencies/quick_start
[7.377s] -- Symlinking: /home/suresoft/transform/install/quick_start/share/ament_index/resource_index/parent_prefix_path/quick_start
[7.387s] -- Symlinking: /home/suresoft/transform/install/quick_start/share/quick_start/environment/ament_prefix_path.sh
[7.396s] -- Symlinking: /home/suresoft/transform/install/quick_start/share/quick_start/environment/ament_prefix_path.dsv
[7.404s] -- Symlinking: /home/suresoft/transform/install/quick_start/share/quick_start/environment/path.sh
[7.412s] -- Symlinking: /home/suresoft/transform/install/quick_start/share/quick_start/environment/path.dsv
[7.420s] -- Symlinking: /home/suresoft/transform/install/quick_start/share/quick_start/local_setup.bash
[7.429s] -- Symlinking: /home/suresoft/transform/install/quick_start/share/quick_start/local_setup.sh
[7.437s] -- Symlinking: /home/suresoft/transform/install/quick_start/share/quick_start/local_setup.zsh
[7.445s] -- Symlinking: /home/suresoft/transform/install/quick_start/share/quick_start/local_setup.dsv
[7.453s] -- Symlinking: /home/suresoft/transform/install/quick_start/share/quick_start/package.dsv
[7.461s] -- Symlinking: /home/suresoft/transform/install/quick_start/share/ament_index/resource_index/packages/quick_start
[7.469s] -- Symlinking: /home/suresoft/transform/install/quick_start/share/quick_start/cmake/ament_cmake_export_dependencies-extras.cmake
[7.477s] -- Symlinking: /home/suresoft/transform/install/quick_start/share/quick_start/cmake/ament_cmake_export_include_directories-extras.cmake
[7.485s] -- Symlinking: /home/suresoft/transform/install/quick_start/share/quick_start/cmake/quick_startConfig.cmake
[7.493s] -- Symlinking: /home/suresoft/transform/install/quick_start/share/quick_start/cmake/quick_startConfig-version.cmake
[7.501s] -- Symlinking: /home/suresoft/transform/install/quick_start/share/quick_start/package.xml
[7.515s] Invoked command in '/home/suresoft/transform/build/quick_start' returned '0': CMAKE_PREFIX_PATH=/opt/ros/humble /usr/bin/cmake --install /home/suresoft/transform/build/quick_start
