[0.049s] Invoking command in '/home/suresoft/transform/build/quick_start': CMAKE_PREFIX_PATH=${CMAKE_PREFIX_PATH}:/opt/ros/humble /usr/bin/cmake --build /home/suresoft/transform/build/quick_start -- -j4 -l4
[0.228s] Invoked command in '/home/suresoft/transform/build/quick_start' returned '0': CMAKE_PREFIX_PATH=${CMAKE_PREFIX_PATH}:/opt/ros/humble /usr/bin/cmake --build /home/suresoft/transform/build/quick_start -- -j4 -l4
[0.343s] Invoking command in '/home/suresoft/transform/build/quick_start': CMAKE_PREFIX_PATH=${CMAKE_PREFIX_PATH}:/opt/ros/humble /usr/bin/cmake --install /home/suresoft/transform/build/quick_start
[0.358s] -- Install configuration: "Release"
[0.360s] -- Execute custom install script
[0.364s] -- Up-to-date symlink: /home/suresoft/transform/install/quick_start/share/quick_start/launch/demo.launch.py
[0.364s] -- Up-to-date symlink: /home/suresoft/transform/install/quick_start/share/quick_start/launch/panda_hello_moveit.rviz
[0.364s] -- Up-to-date symlink: /home/suresoft/transform/install/quick_start/share/quick_start/launch/panda_moveit_config_demo.rviz
[0.364s] -- Up-to-date symlink: /home/suresoft/transform/install/quick_start/share/quick_start/launch/panda_moveit_config_demo_empty.rviz
[0.365s] -- Up-to-date symlink: /home/suresoft/transform/install/quick_start/share/ament_index/resource_index/package_run_dependencies/quick_start
[0.365s] -- Up-to-date symlink: /home/suresoft/transform/install/quick_start/share/ament_index/resource_index/parent_prefix_path/quick_start
[0.365s] -- Up-to-date symlink: /home/suresoft/transform/install/quick_start/share/quick_start/environment/ament_prefix_path.sh
[0.365s] -- Up-to-date symlink: /home/suresoft/transform/install/quick_start/share/quick_start/environment/ament_prefix_path.dsv
[0.366s] -- Up-to-date symlink: /home/suresoft/transform/install/quick_start/share/quick_start/environment/path.sh
[0.366s] -- Up-to-date symlink: /home/suresoft/transform/install/quick_start/share/quick_start/environment/path.dsv
[0.366s] -- Up-to-date symlink: /home/suresoft/transform/install/quick_start/share/quick_start/local_setup.bash
[0.367s] -- Up-to-date symlink: /home/suresoft/transform/install/quick_start/share/quick_start/local_setup.sh
[0.370s] -- Up-to-date symlink: /home/suresoft/transform/install/quick_start/share/quick_start/local_setup.zsh
[0.372s] -- Up-to-date symlink: /home/suresoft/transform/install/quick_start/share/quick_start/local_setup.dsv
[0.372s] -- Symlinking: /home/suresoft/transform/install/quick_start/share/quick_start/package.dsv
[0.395s] -- Up-to-date symlink: /home/suresoft/transform/install/quick_start/share/ament_index/resource_index/packages/quick_start
[0.397s] -- Up-to-date symlink: /home/suresoft/transform/install/quick_start/share/quick_start/cmake/ament_cmake_export_dependencies-extras.cmake
[0.397s] -- Up-to-date symlink: /home/suresoft/transform/install/quick_start/share/quick_start/cmake/ament_cmake_export_include_directories-extras.cmake
[0.397s] -- Up-to-date symlink: /home/suresoft/transform/install/quick_start/share/quick_start/cmake/quick_startConfig.cmake
[0.398s] -- Up-to-date symlink: /home/suresoft/transform/install/quick_start/share/quick_start/cmake/quick_startConfig-version.cmake
[0.398s] -- Up-to-date symlink: /home/suresoft/transform/install/quick_start/share/quick_start/package.xml
[0.410s] Invoked command in '/home/suresoft/transform/build/quick_start' returned '0': CMAKE_PREFIX_PATH=${CMAKE_PREFIX_PATH}:/opt/ros/humble /usr/bin/cmake --install /home/suresoft/transform/build/quick_start
