[35m[1mConsolidate compiler generated dependencies of target move_coordinate[0m
[ 50%] [32mBuilding CXX object CMakeFiles/move_coordinate.dir/src/move_coordinate.cpp.o[0m
[01m[K/home/suresoft/transform/src/move_coordinate/src/move_coordinate.cpp:7:45:[m[K [01;31m[Kerror: [m[Kexpected primary-expression before ‘[01m[Kmove_group_interface[m[K’
    7 | int tesfFunction(moveit::planning_interface [01;31m[Kmove_group_interface[m[K);
      |                                             [01;31m[K^~~~~~~~~~~~~~~~~~~~[m[K
[01m[K/home/suresoft/transform/src/move_coordinate/src/move_coordinate.cpp:[m[K In function ‘[01m[Kint main(int, char**)[m[K’:
[01m[K/home/suresoft/transform/src/move_coordinate/src/move_coordinate.cpp:74:25:[m[K [01;35m[Kwarning: [m[Kcomparison of integer expressions of different signedness: ‘[01m[Kint[m[K’ and ‘[01m[Kstd::vector<double, std::allocator<double> >::size_type[m[K’ {aka ‘[01m[Klong unsigned int[m[K’} [[01;35m[K]8;;https://gcc.gnu.org/onlinedocs/gcc/Warning-Options.html#index-Wsign-compare-Wsign-compare]8;;[m[K]
   74 |       for (int i = 0; [01;35m[Ki < joint_group_positions.size()[m[K; i++)
      |                       [01;35m[K~~^~~~~~~~~~~~~~~~~~~~~~~~~~~~~~[m[K
[01m[K/home/suresoft/transform/src/move_coordinate/src/move_coordinate.cpp:104:25:[m[K [01;35m[Kwarning: [m[Kcomparison of integer expressions of different signedness: ‘[01m[Kint[m[K’ and ‘[01m[Kstd::vector<double, std::allocator<double> >::size_type[m[K’ {aka ‘[01m[Klong unsigned int[m[K’} [[01;35m[K]8;;https://gcc.gnu.org/onlinedocs/gcc/Warning-Options.html#index-Wsign-compare-Wsign-compare]8;;[m[K]
  104 |       for (int i = 0; [01;35m[Ki < joint_group_positions.size()[m[K; i++)
      |                       [01;35m[K~~^~~~~~~~~~~~~~~~~~~~~~~~~~~~~~[m[K
[01m[K/home/suresoft/transform/src/move_coordinate/src/move_coordinate.cpp:[m[K At global scope:
[01m[K/home/suresoft/transform/src/move_coordinate/src/move_coordinate.cpp:136:5:[m[K [01;31m[Kerror: [m[Kredefinition of ‘[01m[Kint tesfFunction[m[K’
  136 | int [01;31m[KtesfFunction[m[K(moveit::planning_interface move_group_interface)
      |     [01;31m[K^~~~~~~~~~~~[m[K
[01m[K/home/suresoft/transform/src/move_coordinate/src/move_coordinate.cpp:7:5:[m[K [01;36m[Knote: [m[K‘[01m[Kint tesfFunction[m[K’ previously defined here
    7 | int [01;36m[KtesfFunction[m[K(moveit::planning_interface move_group_interface);
      |     [01;36m[K^~~~~~~~~~~~[m[K
[01m[K/home/suresoft/transform/src/move_coordinate/src/move_coordinate.cpp:136:45:[m[K [01;31m[Kerror: [m[Kexpected primary-expression before ‘[01m[Kmove_group_interface[m[K’
  136 | int tesfFunction(moveit::planning_interface [01;31m[Kmove_group_interface[m[K)
      |                                             [01;31m[K^~~~~~~~~~~~~~~~~~~~[m[K
gmake[2]: *** [CMakeFiles/move_coordinate.dir/build.make:76: CMakeFiles/move_coordinate.dir/src/move_coordinate.cpp.o] Error 1
gmake[1]: *** [CMakeFiles/Makefile2:137: CMakeFiles/move_coordinate.dir/all] Error 2
gmake: *** [Makefile:146: all] Error 2
