[0.030s] Invoking command in '/home/suresoft/transform/build/move_coordinate': CMAKE_PREFIX_PATH=${CMAKE_PREFIX_PATH}:/opt/ros/humble /usr/bin/cmake --build /home/suresoft/transform/build/move_coordinate -- -j4 -l4
[0.074s] [35m[1mConsolidate compiler generated dependencies of target move_coordinate[0m
[0.111s] [ 50%] [32mBuilding CXX object CMakeFiles/move_coordinate.dir/src/move_coordinate.cpp.o[0m
[5.173s] [01m[K/home/suresoft/transform/src/move_coordinate/src/move_coordinate.cpp:7:45:[m[K [01;31m[Kerror: [m[Kexpected primary-expression before ‘[01m[Kmove_group_interface[m[K’
[5.173s]     7 | int tesfFunction(moveit::planning_interface [01;31m[Kmove_group_interface[m[K);
[5.173s]       |                                             [01;31m[K^~~~~~~~~~~~~~~~~~~~[m[K
[5.179s] [01m[K/home/suresoft/transform/src/move_coordinate/src/move_coordinate.cpp:[m[K In function ‘[01m[Kint main(int, char**)[m[K’:
[5.179s] [01m[K/home/suresoft/transform/src/move_coordinate/src/move_coordinate.cpp:74:25:[m[K [01;35m[Kwarning: [m[Kcomparison of integer expressions of different signedness: ‘[01m[Kint[m[K’ and ‘[01m[Kstd::vector<double, std::allocator<double> >::size_type[m[K’ {aka ‘[01m[Klong unsigned int[m[K’} [[01;35m[K]8;;https://gcc.gnu.org/onlinedocs/gcc/Warning-Options.html#index-Wsign-compare-Wsign-compare]8;;[m[K]
[5.179s]    74 |       for (int i = 0; [01;35m[Ki < joint_group_positions.size()[m[K; i++)
[5.179s]       |                       [01;35m[K~~^~~~~~~~~~~~~~~~~~~~~~~~~~~~~~[m[K
[5.184s] [01m[K/home/suresoft/transform/src/move_coordinate/src/move_coordinate.cpp:104:25:[m[K [01;35m[Kwarning: [m[Kcomparison of integer expressions of different signedness: ‘[01m[Kint[m[K’ and ‘[01m[Kstd::vector<double, std::allocator<double> >::size_type[m[K’ {aka ‘[01m[Klong unsigned int[m[K’} [[01;35m[K]8;;https://gcc.gnu.org/onlinedocs/gcc/Warning-Options.html#index-Wsign-compare-Wsign-compare]8;;[m[K]
[5.184s]   104 |       for (int i = 0; [01;35m[Ki < joint_group_positions.size()[m[K; i++)
[5.184s]       |                       [01;35m[K~~^~~~~~~~~~~~~~~~~~~~~~~~~~~~~~[m[K
[5.186s] [01m[K/home/suresoft/transform/src/move_coordinate/src/move_coordinate.cpp:[m[K At global scope:
[5.186s] [01m[K/home/suresoft/transform/src/move_coordinate/src/move_coordinate.cpp:136:5:[m[K [01;31m[Kerror: [m[Kredefinition of ‘[01m[Kint tesfFunction[m[K’
[5.186s]   136 | int [01;31m[KtesfFunction[m[K(moveit::planning_interface move_group_interface)
[5.186s]       |     [01;31m[K^~~~~~~~~~~~[m[K
[5.186s] [01m[K/home/suresoft/transform/src/move_coordinate/src/move_coordinate.cpp:7:5:[m[K [01;36m[Knote: [m[K‘[01m[Kint tesfFunction[m[K’ previously defined here
[5.186s]     7 | int [01;36m[KtesfFunction[m[K(moveit::planning_interface move_group_interface);
[5.187s]       |     [01;36m[K^~~~~~~~~~~~[m[K
[5.187s] [01m[K/home/suresoft/transform/src/move_coordinate/src/move_coordinate.cpp:136:45:[m[K [01;31m[Kerror: [m[Kexpected primary-expression before ‘[01m[Kmove_group_interface[m[K’
[5.187s]   136 | int tesfFunction(moveit::planning_interface [01;31m[Kmove_group_interface[m[K)
[5.187s]       |                                             [01;31m[K^~~~~~~~~~~~~~~~~~~~[m[K
[7.712s] gmake[2]: *** [CMakeFiles/move_coordinate.dir/build.make:76: CMakeFiles/move_coordinate.dir/src/move_coordinate.cpp.o] Error 1
[7.712s] gmake[1]: *** [CMakeFiles/Makefile2:137: CMakeFiles/move_coordinate.dir/all] Error 2
[7.713s] gmake: *** [Makefile:146: all] Error 2
[7.715s] Invoked command in '/home/suresoft/transform/build/move_coordinate' returned '2': CMAKE_PREFIX_PATH=${CMAKE_PREFIX_PATH}:/opt/ros/humble /usr/bin/cmake --build /home/suresoft/transform/build/move_coordinate -- -j4 -l4
