[0.032s] Invoking command in '/home/suresoft/transform/build/move_coordinate': CMAKE_PREFIX_PATH=${CMAKE_PREFIX_PATH}:/opt/ros/humble /usr/bin/cmake --build /home/suresoft/transform/build/move_coordinate -- -j4 -l4
[0.080s] [35m[1mConsolidate compiler generated dependencies of target move_coordinate[0m
[0.116s] [ 50%] [32mBuilding CXX object CMakeFiles/move_coordinate.dir/src/move_coordinate.cpp.o[0m
[11.272s] [100%] [32m[1mLinking CXX executable move_coordinate[0m
[11.569s] [100%] Built target move_coordinate
[11.581s] Invoked command in '/home/suresoft/transform/build/move_coordinate' returned '0': CMAKE_PREFIX_PATH=${CMAKE_PREFIX_PATH}:/opt/ros/humble /usr/bin/cmake --build /home/suresoft/transform/build/move_coordinate -- -j4 -l4
[11.606s] Invoking command in '/home/suresoft/transform/build/move_coordinate': CMAKE_PREFIX_PATH=${CMAKE_PREFIX_PATH}:/opt/ros/humble /usr/bin/cmake --install /home/suresoft/transform/build/move_coordinate
[11.613s] -- Install configuration: "Release"
[11.613s] -- Installing: /home/suresoft/transform/install/move_coordinate/lib/move_coordinate/move_coordinate
[11.614s] -- Set runtime path of "/home/suresoft/transform/install/move_coordinate/lib/move_coordinate/move_coordinate" to ""
[11.614s] -- Up-to-date: /home/suresoft/transform/install/move_coordinate/share/ament_index/resource_index/package_run_dependencies/move_coordinate
[11.614s] -- Up-to-date: /home/suresoft/transform/install/move_coordinate/share/ament_index/resource_index/parent_prefix_path/move_coordinate
[11.614s] -- Up-to-date: /home/suresoft/transform/install/move_coordinate/share/move_coordinate/environment/ament_prefix_path.sh
[11.614s] -- Up-to-date: /home/suresoft/transform/install/move_coordinate/share/move_coordinate/environment/ament_prefix_path.dsv
[11.615s] -- Up-to-date: /home/suresoft/transform/install/move_coordinate/share/move_coordinate/environment/path.sh
[11.615s] -- Up-to-date: /home/suresoft/transform/install/move_coordinate/share/move_coordinate/environment/path.dsv
[11.615s] -- Up-to-date: /home/suresoft/transform/install/move_coordinate/share/move_coordinate/local_setup.bash
[11.615s] -- Up-to-date: /home/suresoft/transform/install/move_coordinate/share/move_coordinate/local_setup.sh
[11.615s] -- Up-to-date: /home/suresoft/transform/install/move_coordinate/share/move_coordinate/local_setup.zsh
[11.615s] -- Up-to-date: /home/suresoft/transform/install/move_coordinate/share/move_coordinate/local_setup.dsv
[11.615s] -- Installing: /home/suresoft/transform/install/move_coordinate/share/move_coordinate/package.dsv
[11.615s] -- Up-to-date: /home/suresoft/transform/install/move_coordinate/share/ament_index/resource_index/packages/move_coordinate
[11.616s] -- Up-to-date: /home/suresoft/transform/install/move_coordinate/share/move_coordinate/cmake/move_coordinateConfig.cmake
[11.616s] -- Up-to-date: /home/suresoft/transform/install/move_coordinate/share/move_coordinate/cmake/move_coordinateConfig-version.cmake
[11.616s] -- Up-to-date: /home/suresoft/transform/install/move_coordinate/share/move_coordinate/package.xml
[11.623s] Invoked command in '/home/suresoft/transform/build/move_coordinate' returned '0': CMAKE_PREFIX_PATH=${CMAKE_PREFIX_PATH}:/opt/ros/humble /usr/bin/cmake --install /home/suresoft/transform/build/move_coordinate
